Analysis & Synthesis report for CPU_single
Sat Jan 06 11:39:27 2018
Quartus II Version 9.0 Build 184 04/29/2009 Service Pack 1 SJ Web Edition


---------------------
; Table of Contents ;
---------------------
  1. Legal Notice
  2. Analysis & Synthesis Summary
  3. Analysis & Synthesis Settings
  4. Analysis & Synthesis Source Files Read
  5. Analysis & Synthesis Resource Usage Summary
  6. Analysis & Synthesis Resource Utilization by Entity
  7. User-Specified and Inferred Latches
  8. General Register Statistics
  9. Inverted Register Statistics
 10. Multiplexer Restructuring Statistics (Restructuring Performed)
 11. Analysis & Synthesis Messages



----------------
; Legal Notice ;
----------------
Copyright (C) 1991-2009 Altera Corporation
Your use of Altera Corporation's design tools, logic functions 
and other software and tools, and its AMPP partner logic 
functions, and any output files from any of the foregoing 
(including device programming or simulation files), and any 
associated documentation or information are expressly subject 
to the terms and conditions of the Altera Program License 
Subscription Agreement, Altera MegaCore Function License 
Agreement, or other applicable license agreement, including, 
without limitation, that your use is for the sole purpose of 
programming logic devices manufactured by Altera and sold by 
Altera or its authorized distributors.  Please refer to the 
applicable agreement for further details.



+-----------------------------------------------------------------------------------+
; Analysis & Synthesis Summary                                                      ;
+------------------------------------+----------------------------------------------+
; Analysis & Synthesis Status        ; Successful - Sat Jan 06 11:39:27 2018        ;
; Quartus II Version                 ; 9.0 Build 184 04/29/2009 SP 1 SJ Web Edition ;
; Revision Name                      ; CPU_single                                   ;
; Top-level Entity Name              ; CPU_single                                   ;
; Family                             ; Cyclone II                                   ;
; Total logic elements               ; 5,436                                        ;
;     Total combinational functions  ; 3,835                                        ;
;     Dedicated logic registers      ; 2,082                                        ;
; Total registers                    ; 2082                                         ;
; Total pins                         ; 91                                           ;
; Total virtual pins                 ; 0                                            ;
; Total memory bits                  ; 0                                            ;
; Embedded Multiplier 9-bit elements ; 0                                            ;
; Total PLLs                         ; 0                                            ;
+------------------------------------+----------------------------------------------+


+--------------------------------------------------------------------------------------------------------+
; Analysis & Synthesis Settings                                                                          ;
+--------------------------------------------------------------+--------------------+--------------------+
; Option                                                       ; Setting            ; Default Value      ;
+--------------------------------------------------------------+--------------------+--------------------+
; Device                                                       ; EP2C8Q208C8        ;                    ;
; Top-level entity name                                        ; CPU_single         ; CPU_single         ;
; Family name                                                  ; Cyclone II         ; Stratix II         ;
; Use Generated Physical Constraints File                      ; Off                ;                    ;
; Use smart compilation                                        ; Off                ; Off                ;
; Restructure Multiplexers                                     ; Auto               ; Auto               ;
; Create Debugging Nodes for IP Cores                          ; Off                ; Off                ;
; Preserve fewer node names                                    ; On                 ; On                 ;
; Disable OpenCore Plus hardware evaluation                    ; Off                ; Off                ;
; Verilog Version                                              ; Verilog_2001       ; Verilog_2001       ;
; VHDL Version                                                 ; VHDL93             ; VHDL93             ;
; State Machine Processing                                     ; Auto               ; Auto               ;
; Safe State Machine                                           ; Off                ; Off                ;
; Extract Verilog State Machines                               ; On                 ; On                 ;
; Extract VHDL State Machines                                  ; On                 ; On                 ;
; Ignore Verilog initial constructs                            ; Off                ; Off                ;
; Iteration limit for constant Verilog loops                   ; 5000               ; 5000               ;
; Iteration limit for non-constant Verilog loops               ; 250                ; 250                ;
; Add Pass-Through Logic to Inferred RAMs                      ; On                 ; On                 ;
; Parallel Synthesis                                           ; Off                ; Off                ;
; DSP Block Balancing                                          ; Auto               ; Auto               ;
; NOT Gate Push-Back                                           ; On                 ; On                 ;
; Power-Up Don't Care                                          ; On                 ; On                 ;
; Remove Redundant Logic Cells                                 ; Off                ; Off                ;
; Remove Duplicate Registers                                   ; On                 ; On                 ;
; Ignore CARRY Buffers                                         ; Off                ; Off                ;
; Ignore CASCADE Buffers                                       ; Off                ; Off                ;
; Ignore GLOBAL Buffers                                        ; Off                ; Off                ;
; Ignore ROW GLOBAL Buffers                                    ; Off                ; Off                ;
; Ignore LCELL Buffers                                         ; Off                ; Off                ;
; Ignore SOFT Buffers                                          ; On                 ; On                 ;
; Limit AHDL Integers to 32 Bits                               ; Off                ; Off                ;
; Optimization Technique                                       ; Balanced           ; Balanced           ;
; Carry Chain Length                                           ; 70                 ; 70                 ;
; Auto Carry Chains                                            ; On                 ; On                 ;
; Auto Open-Drain Pins                                         ; On                 ; On                 ;
; Perform WYSIWYG Primitive Resynthesis                        ; Off                ; Off                ;
; Auto ROM Replacement                                         ; On                 ; On                 ;
; Auto RAM Replacement                                         ; On                 ; On                 ;
; Auto Shift Register Replacement                              ; Auto               ; Auto               ;
; Auto Clock Enable Replacement                                ; On                 ; On                 ;
; Strict RAM Replacement                                       ; Off                ; Off                ;
; Allow Synchronous Control Signals                            ; On                 ; On                 ;
; Force Use of Synchronous Clear Signals                       ; Off                ; Off                ;
; Auto RAM to Logic Cell Conversion                            ; Off                ; Off                ;
; Auto Resource Sharing                                        ; Off                ; Off                ;
; Allow Any RAM Size For Recognition                           ; Off                ; Off                ;
; Allow Any ROM Size For Recognition                           ; Off                ; Off                ;
; Allow Any Shift Register Size For Recognition                ; Off                ; Off                ;
; Use LogicLock Constraints during Resource Balancing          ; On                 ; On                 ;
; Ignore translate_off and synthesis_off directives            ; Off                ; Off                ;
; Timing-Driven Synthesis                                      ; Off                ; Off                ;
; Show Parameter Settings Tables in Synthesis Report           ; On                 ; On                 ;
; Ignore Maximum Fan-Out Assignments                           ; Off                ; Off                ;
; Synchronization Register Chain Length                        ; 2                  ; 2                  ;
; PowerPlay Power Optimization                                 ; Normal compilation ; Normal compilation ;
; HDL message level                                            ; Level2             ; Level2             ;
; Suppress Register Optimization Related Messages              ; Off                ; Off                ;
; Number of Removed Registers Reported in Synthesis Report     ; 100                ; 100                ;
; Number of Inverted Registers Reported in Synthesis Report    ; 100                ; 100                ;
; Clock MUX Protection                                         ; On                 ; On                 ;
; Auto Gated Clock Conversion                                  ; Off                ; Off                ;
; Block Design Naming                                          ; Auto               ; Auto               ;
; SDC constraint protection                                    ; Off                ; Off                ;
; Synthesis Effort                                             ; Auto               ; Auto               ;
; Shift Register Replacement - Allow Asynchronous Clear Signal ; On                 ; On                 ;
; Analysis & Synthesis Message Level                           ; Medium             ; Medium             ;
+--------------------------------------------------------------+--------------------+--------------------+


+-------------------------------------------------------------------------------------------------------------------------------------------------------------------------------------+
; Analysis & Synthesis Source Files Read                                                                                                                                              ;
+----------------------------------+-----------------+------------------------------------------+-------------------------------------------------------------------------------------+
; File Name with User-Entered Path ; Used in Netlist ; File Type                                ; File Name with Absolute Path                                                        ;
+----------------------------------+-----------------+------------------------------------------+-------------------------------------------------------------------------------------+
; CPU_single.bdf                   ; yes             ; User Block Diagram/Schematic File        ; E:/Subjects/Logic and Computer Design/201626010110+李畅/CPU_LC_sin/CPU_single.bdf   ;
; ALU.vhd                          ; yes             ; Auto-Found VHDL File                     ; E:/Subjects/Logic and Computer Design/201626010110+李畅/CPU_LC_sin/ALU.vhd          ;
; decoder_comm.vhd                 ; yes             ; Auto-Found VHDL File                     ; E:/Subjects/Logic and Computer Design/201626010110+李畅/CPU_LC_sin/decoder_comm.vhd ;
; RAM.vhd                          ; yes             ; Auto-Found VHDL File                     ; E:/Subjects/Logic and Computer Design/201626010110+李畅/CPU_LC_sin/RAM.vhd          ;
; console.vhd                      ; yes             ; Auto-Found VHDL File                     ; E:/Subjects/Logic and Computer Design/201626010110+李畅/CPU_LC_sin/console.vhd      ;
; mux3_1.vhd                       ; yes             ; Auto-Found VHDL File                     ; E:/Subjects/Logic and Computer Design/201626010110+李畅/CPU_LC_sin/mux3_1.vhd       ;
; PC.vhd                           ; yes             ; Auto-Found VHDL File                     ; E:/Subjects/Logic and Computer Design/201626010110+李畅/CPU_LC_sin/PC.vhd           ;
; GPR_group.bdf                    ; yes             ; Auto-Found Block Diagram/Schematic File  ; E:/Subjects/Logic and Computer Design/201626010110+李畅/CPU_LC_sin/GPR_group.bdf    ;
; mux4_3_1.vhd                     ; yes             ; Auto-Found VHDL File                     ; E:/Subjects/Logic and Computer Design/201626010110+李畅/CPU_LC_sin/mux4_3_1.vhd     ;
; reg.vhd                          ; yes             ; Auto-Found VHDL File                     ; E:/Subjects/Logic and Computer Design/201626010110+李畅/CPU_LC_sin/reg.vhd          ;
; GPR.vhd                          ; yes             ; Auto-Found VHDL File                     ; E:/Subjects/Logic and Computer Design/201626010110+李畅/CPU_LC_sin/GPR.vhd          ;
; temp.vhd                         ; yes             ; Auto-Found VHDL File                     ; E:/Subjects/Logic and Computer Design/201626010110+李畅/CPU_LC_sin/temp.vhd         ;
; ctrl_in.vhd                      ; yes             ; Auto-Found VHDL File                     ; E:/Subjects/Logic and Computer Design/201626010110+李畅/CPU_LC_sin/ctrl_in.vhd      ;
; ctrl_out.vhd                     ; yes             ; Auto-Found VHDL File                     ; E:/Subjects/Logic and Computer Design/201626010110+李畅/CPU_LC_sin/ctrl_out.vhd     ;
+----------------------------------+-----------------+------------------------------------------+-------------------------------------------------------------------------------------+


+-----------------------------------------------------+
; Analysis & Synthesis Resource Usage Summary         ;
+---------------------------------------------+-------+
; Resource                                    ; Usage ;
+---------------------------------------------+-------+
; Estimated Total logic elements              ; 5,436 ;
;                                             ;       ;
; Total combinational functions               ; 3835  ;
; Logic element usage by number of LUT inputs ;       ;
;     -- 4 input functions                    ; 3401  ;
;     -- 3 input functions                    ; 385   ;
;     -- <=2 input functions                  ; 49    ;
;                                             ;       ;
; Logic elements by mode                      ;       ;
;     -- normal mode                          ; 3812  ;
;     -- arithmetic mode                      ; 23    ;
;                                             ;       ;
; Total registers                             ; 2082  ;
;     -- Dedicated logic registers            ; 2082  ;
;     -- I/O registers                        ; 0     ;
;                                             ;       ;
; I/O pins                                    ; 91    ;
; Maximum fan-out node                        ; clk   ;
; Maximum fan-out                             ; 2082  ;
; Total fan-out                               ; 21221 ;
; Average fan-out                             ; 3.53  ;
+---------------------------------------------+-------+


+-----------------------------------------------------------------------------------------------------------------------------------------------------------------------------------------------------+
; Analysis & Synthesis Resource Utilization by Entity                                                                                                                                                 ;
+----------------------------+-------------------+--------------+-------------+--------------+---------+-----------+------+--------------+---------------------------------------------+--------------+
; Compilation Hierarchy Node ; LC Combinationals ; LC Registers ; Memory Bits ; DSP Elements ; DSP 9x9 ; DSP 18x18 ; Pins ; Virtual Pins ; Full Hierarchy Name                         ; Library Name ;
+----------------------------+-------------------+--------------+-------------+--------------+---------+-----------+------+--------------+---------------------------------------------+--------------+
; |CPU_single                ; 3835 (0)          ; 2082 (0)     ; 0           ; 0            ; 0       ; 0         ; 91   ; 0            ; |CPU_single                                 ; work         ;
;    |ALU:inst1|             ; 87 (87)           ; 0 (0)        ; 0           ; 0            ; 0       ; 0         ; 0    ; 0            ; |CPU_single|ALU:inst1                       ; work         ;
;    |GPR_group:inst11|      ; 42 (0)            ; 24 (0)       ; 0           ; 0            ; 0       ; 0         ; 0    ; 0            ; |CPU_single|GPR_group:inst11                ; work         ;
;       |GPR:inst|           ; 3 (3)             ; 0 (0)        ; 0           ; 0            ; 0       ; 0         ; 0    ; 0            ; |CPU_single|GPR_group:inst11|GPR:inst       ; work         ;
;       |mux4_3_1:inst4|     ; 16 (16)           ; 0 (0)        ; 0           ; 0            ; 0       ; 0         ; 0    ; 0            ; |CPU_single|GPR_group:inst11|mux4_3_1:inst4 ; work         ;
;       |mux4_3_1:inst5|     ; 16 (16)           ; 0 (0)        ; 0           ; 0            ; 0       ; 0         ; 0    ; 0            ; |CPU_single|GPR_group:inst11|mux4_3_1:inst5 ; work         ;
;       |reg:A|              ; 1 (1)             ; 8 (8)        ; 0           ; 0            ; 0       ; 0         ; 0    ; 0            ; |CPU_single|GPR_group:inst11|reg:A          ; work         ;
;       |reg:B|              ; 2 (2)             ; 8 (8)        ; 0           ; 0            ; 0       ; 0         ; 0    ; 0            ; |CPU_single|GPR_group:inst11|reg:B          ; work         ;
;       |reg:C|              ; 4 (4)             ; 8 (8)        ; 0           ; 0            ; 0       ; 0         ; 0    ; 0            ; |CPU_single|GPR_group:inst11|reg:C          ; work         ;
;    |PC:inst|               ; 32 (32)           ; 8 (8)        ; 0           ; 0            ; 0       ; 0         ; 0    ; 0            ; |CPU_single|PC:inst                         ; work         ;
;    |RAM:inst21|            ; 3582 (3582)       ; 2048 (2048)  ; 0           ; 0            ; 0       ; 0         ; 0    ; 0            ; |CPU_single|RAM:inst21                      ; work         ;
;    |console:inst2|         ; 26 (26)           ; 2 (2)        ; 0           ; 0            ; 0       ; 0         ; 0    ; 0            ; |CPU_single|console:inst2                   ; work         ;
;    |decoder_comm:inst32|   ; 15 (15)           ; 0 (0)        ; 0           ; 0            ; 0       ; 0         ; 0    ; 0            ; |CPU_single|decoder_comm:inst32             ; work         ;
;    |mux3_1:inst6|          ; 17 (17)           ; 0 (0)        ; 0           ; 0            ; 0       ; 0         ; 0    ; 0            ; |CPU_single|mux3_1:inst6                    ; work         ;
;    |temp:temp_A|           ; 17 (17)           ; 0 (0)        ; 0           ; 0            ; 0       ; 0         ; 0    ; 0            ; |CPU_single|temp:temp_A                     ; work         ;
;    |temp:temp_B|           ; 17 (17)           ; 0 (0)        ; 0           ; 0            ; 0       ; 0         ; 0    ; 0            ; |CPU_single|temp:temp_B                     ; work         ;
+----------------------------+-------------------+--------------+-------------+--------------+---------+-----------+------+--------------+---------------------------------------------+--------------+
Note: For table entries with two numbers listed, the numbers in parentheses indicate the number of resources of the given type used by the specific entity alone. The numbers listed outside of parentheses indicate the total resources of the given type used by the specific entity and all of its sub-entities in the hierarchy.


+---------------------------------------------------------------------------------------------------------+
; User-Specified and Inferred Latches                                                                     ;
+-----------------------------------------------------+--------------------------+------------------------+
; Latch Name                                          ; Latch Enable Signal      ; Free of Timing Hazards ;
+-----------------------------------------------------+--------------------------+------------------------+
; temp:temp_A|s[7]                                    ; temp:temp_A|s[7]~8       ; yes                    ;
; temp:temp_A|s[6]                                    ; temp:temp_A|s[7]~8       ; yes                    ;
; temp:temp_A|s[5]                                    ; temp:temp_A|s[7]~8       ; yes                    ;
; temp:temp_A|s[4]                                    ; temp:temp_A|s[7]~8       ; yes                    ;
; temp:temp_A|s[3]                                    ; temp:temp_A|s[7]~8       ; yes                    ;
; temp:temp_A|s[2]                                    ; temp:temp_A|s[7]~8       ; yes                    ;
; temp:temp_A|s[1]                                    ; temp:temp_A|s[7]~8       ; yes                    ;
; temp:temp_A|s[0]                                    ; temp:temp_A|s[7]~8       ; yes                    ;
; temp:temp_B|s[7]                                    ; temp:temp_B|s[7]~8       ; yes                    ;
; temp:temp_B|s[6]                                    ; temp:temp_B|s[7]~8       ; yes                    ;
; temp:temp_B|s[5]                                    ; temp:temp_B|s[7]~8       ; yes                    ;
; temp:temp_B|s[4]                                    ; temp:temp_B|s[7]~8       ; yes                    ;
; temp:temp_B|s[3]                                    ; temp:temp_B|s[7]~8       ; yes                    ;
; temp:temp_B|s[2]                                    ; temp:temp_B|s[7]~8       ; yes                    ;
; temp:temp_B|s[1]                                    ; temp:temp_B|s[7]~8       ; yes                    ;
; temp:temp_B|s[0]                                    ; temp:temp_B|s[7]~8       ; yes                    ;
; ALU:inst1|data_bus[8]                               ; ALU:inst1|data_bus[8]~77 ; yes                    ;
; RAM:inst21|s[7]                                     ; mux3_1:inst6|Equal1      ; yes                    ;
; RAM:inst21|s[0]_10365                               ; mux3_1:inst6|Equal1      ; yes                    ;
; RAM:inst21|s[6]                                     ; mux3_1:inst6|Equal1      ; yes                    ;
; RAM:inst21|s[5]                                     ; mux3_1:inst6|Equal1      ; yes                    ;
; RAM:inst21|s[4]                                     ; mux3_1:inst6|Equal1      ; yes                    ;
; RAM:inst21|s[3]                                     ; mux3_1:inst6|Equal1      ; yes                    ;
; RAM:inst21|s[2]                                     ; mux3_1:inst6|Equal1      ; yes                    ;
; RAM:inst21|s[1]                                     ; mux3_1:inst6|Equal1      ; yes                    ;
; RAM:inst21|s[0]                                     ; mux3_1:inst6|Equal1      ; yes                    ;
; ALU:inst1|data_bus[7]                               ; ALU:inst1|data_bus[8]~77 ; yes                    ;
; ALU:inst1|data_bus[0]_239                           ; ALU:inst1|data_bus[8]~77 ; yes                    ;
; ALU:inst1|data_bus[6]                               ; ALU:inst1|data_bus[8]~77 ; yes                    ;
; ALU:inst1|data_bus[5]                               ; ALU:inst1|data_bus[8]~77 ; yes                    ;
; ALU:inst1|data_bus[4]                               ; ALU:inst1|data_bus[8]~77 ; yes                    ;
; ALU:inst1|data_bus[3]                               ; ALU:inst1|data_bus[8]~77 ; yes                    ;
; ALU:inst1|data_bus[2]                               ; ALU:inst1|data_bus[8]~77 ; yes                    ;
; ALU:inst1|data_bus[1]                               ; ALU:inst1|data_bus[8]~77 ; yes                    ;
; ALU:inst1|data_bus[0]                               ; ALU:inst1|data_bus[8]~77 ; yes                    ;
; Number of user-specified and inferred latches = 35  ;                          ;                        ;
+-----------------------------------------------------+--------------------------+------------------------+
Note: All latches listed above may not be present at the end of synthesis due to various synthesis optimizations.


+------------------------------------------------------+
; General Register Statistics                          ;
+----------------------------------------------+-------+
; Statistic                                    ; Value ;
+----------------------------------------------+-------+
; Total registers                              ; 2082  ;
; Number of registers using Synchronous Clear  ; 0     ;
; Number of registers using Synchronous Load   ; 0     ;
; Number of registers using Asynchronous Clear ; 33    ;
; Number of registers using Asynchronous Load  ; 0     ;
; Number of registers using Clock Enable       ; 2075  ;
; Number of registers using Preset             ; 0     ;
+----------------------------------------------+-------+


+--------------------------------------------------+
; Inverted Register Statistics                     ;
+----------------------------------------+---------+
; Inverted Register                      ; Fan out ;
+----------------------------------------+---------+
; console:inst2|cnt[0]                   ; 12      ;
; GPR_group:inst11|reg:B|s[2]            ; 3       ;
; GPR_group:inst11|reg:C|s[4]            ; 3       ;
; GPR_group:inst11|reg:C|s[5]            ; 3       ;
; GPR_group:inst11|reg:B|s[0]            ; 3       ;
; GPR_group:inst11|reg:C|s[0]            ; 3       ;
; GPR_group:inst11|reg:A|s[0]            ; 3       ;
; GPR_group:inst11|reg:C|s[1]            ; 3       ;
; Total number of inverted registers = 8 ;         ;
+----------------------------------------+---------+


+-------------------------------------------------------------------------------------------------------------------------------------------------------------------+
; Multiplexer Restructuring Statistics (Restructuring Performed)                                                                                                    ;
+--------------------+-----------+---------------+----------------------+------------------------+------------+-----------------------------------------------------+
; Multiplexer Inputs ; Bus Width ; Baseline Area ; Area if Restructured ; Saving if Restructured ; Registered ; Example Multiplexer Output                          ;
+--------------------+-----------+---------------+----------------------+------------------------+------------+-----------------------------------------------------+
; 3:1                ; 8 bits    ; 16 LEs        ; 8 LEs                ; 8 LEs                  ; Yes        ; |CPU_single|RAM:inst21|mem[56][4]                   ;
; 3:1                ; 8 bits    ; 16 LEs        ; 8 LEs                ; 8 LEs                  ; Yes        ; |CPU_single|RAM:inst21|mem[55][6]                   ;
; 3:1                ; 8 bits    ; 16 LEs        ; 8 LEs                ; 8 LEs                  ; Yes        ; |CPU_single|RAM:inst21|mem[54][1]                   ;
; 3:1                ; 8 bits    ; 16 LEs        ; 8 LEs                ; 8 LEs                  ; Yes        ; |CPU_single|RAM:inst21|mem[53][4]                   ;
; 3:1                ; 8 bits    ; 16 LEs        ; 8 LEs                ; 8 LEs                  ; Yes        ; |CPU_single|RAM:inst21|mem[52][3]                   ;
; 3:1                ; 8 bits    ; 16 LEs        ; 8 LEs                ; 8 LEs                  ; Yes        ; |CPU_single|RAM:inst21|mem[51][0]                   ;
; 3:1                ; 8 bits    ; 16 LEs        ; 8 LEs                ; 8 LEs                  ; Yes        ; |CPU_single|RAM:inst21|mem[50][3]                   ;
; 3:1                ; 8 bits    ; 16 LEs        ; 8 LEs                ; 8 LEs                  ; Yes        ; |CPU_single|RAM:inst21|mem[49][3]                   ;
; 3:1                ; 8 bits    ; 16 LEs        ; 8 LEs                ; 8 LEs                  ; Yes        ; |CPU_single|RAM:inst21|mem[48][3]                   ;
; 3:1                ; 8 bits    ; 16 LEs        ; 8 LEs                ; 8 LEs                  ; Yes        ; |CPU_single|RAM:inst21|mem[47][0]                   ;
; 3:1                ; 8 bits    ; 16 LEs        ; 8 LEs                ; 8 LEs                  ; Yes        ; |CPU_single|RAM:inst21|mem[46][2]                   ;
; 3:1                ; 8 bits    ; 16 LEs        ; 8 LEs                ; 8 LEs                  ; Yes        ; |CPU_single|RAM:inst21|mem[45][6]                   ;
; 3:1                ; 8 bits    ; 16 LEs        ; 8 LEs                ; 8 LEs                  ; Yes        ; |CPU_single|RAM:inst21|mem[44][1]                   ;
; 3:1                ; 8 bits    ; 16 LEs        ; 8 LEs                ; 8 LEs                  ; Yes        ; |CPU_single|RAM:inst21|mem[43][5]                   ;
; 3:1                ; 8 bits    ; 16 LEs        ; 8 LEs                ; 8 LEs                  ; Yes        ; |CPU_single|RAM:inst21|mem[42][4]                   ;
; 3:1                ; 8 bits    ; 16 LEs        ; 8 LEs                ; 8 LEs                  ; Yes        ; |CPU_single|RAM:inst21|mem[41][7]                   ;
; 3:1                ; 8 bits    ; 16 LEs        ; 8 LEs                ; 8 LEs                  ; Yes        ; |CPU_single|RAM:inst21|mem[40][6]                   ;
; 3:1                ; 8 bits    ; 16 LEs        ; 8 LEs                ; 8 LEs                  ; Yes        ; |CPU_single|RAM:inst21|mem[39][6]                   ;
; 3:1                ; 8 bits    ; 16 LEs        ; 8 LEs                ; 8 LEs                  ; Yes        ; |CPU_single|RAM:inst21|mem[38][0]                   ;
; 3:1                ; 8 bits    ; 16 LEs        ; 8 LEs                ; 8 LEs                  ; Yes        ; |CPU_single|RAM:inst21|mem[37][0]                   ;
; 3:1                ; 8 bits    ; 16 LEs        ; 8 LEs                ; 8 LEs                  ; Yes        ; |CPU_single|RAM:inst21|mem[36][5]                   ;
; 3:1                ; 8 bits    ; 16 LEs        ; 8 LEs                ; 8 LEs                  ; Yes        ; |CPU_single|RAM:inst21|mem[35][1]                   ;
; 3:1                ; 8 bits    ; 16 LEs        ; 8 LEs                ; 8 LEs                  ; Yes        ; |CPU_single|RAM:inst21|mem[34][2]                   ;
; 3:1                ; 8 bits    ; 16 LEs        ; 8 LEs                ; 8 LEs                  ; Yes        ; |CPU_single|RAM:inst21|mem[33][6]                   ;
; 3:1                ; 8 bits    ; 16 LEs        ; 8 LEs                ; 8 LEs                  ; Yes        ; |CPU_single|RAM:inst21|mem[32][4]                   ;
; 3:1                ; 8 bits    ; 16 LEs        ; 8 LEs                ; 8 LEs                  ; Yes        ; |CPU_single|RAM:inst21|mem[31][5]                   ;
; 3:1                ; 8 bits    ; 16 LEs        ; 8 LEs                ; 8 LEs                  ; Yes        ; |CPU_single|RAM:inst21|mem[30][0]                   ;
; 3:1                ; 8 bits    ; 16 LEs        ; 8 LEs                ; 8 LEs                  ; Yes        ; |CPU_single|RAM:inst21|mem[29][5]                   ;
; 3:1                ; 8 bits    ; 16 LEs        ; 8 LEs                ; 8 LEs                  ; Yes        ; |CPU_single|RAM:inst21|mem[28][1]                   ;
; 3:1                ; 8 bits    ; 16 LEs        ; 8 LEs                ; 8 LEs                  ; Yes        ; |CPU_single|RAM:inst21|mem[27][3]                   ;
; 3:1                ; 8 bits    ; 16 LEs        ; 8 LEs                ; 8 LEs                  ; Yes        ; |CPU_single|RAM:inst21|mem[26][3]                   ;
; 3:1                ; 8 bits    ; 16 LEs        ; 8 LEs                ; 8 LEs                  ; Yes        ; |CPU_single|RAM:inst21|mem[25][7]                   ;
; 3:1                ; 8 bits    ; 16 LEs        ; 8 LEs                ; 8 LEs                  ; Yes        ; |CPU_single|RAM:inst21|mem[24][3]                   ;
; 3:1                ; 8 bits    ; 16 LEs        ; 8 LEs                ; 8 LEs                  ; Yes        ; |CPU_single|RAM:inst21|mem[23][2]                   ;
; 3:1                ; 8 bits    ; 16 LEs        ; 8 LEs                ; 8 LEs                  ; Yes        ; |CPU_single|RAM:inst21|mem[22][4]                   ;
; 3:1                ; 8 bits    ; 16 LEs        ; 8 LEs                ; 8 LEs                  ; Yes        ; |CPU_single|RAM:inst21|mem[21][0]                   ;
; 3:1                ; 8 bits    ; 16 LEs        ; 8 LEs                ; 8 LEs                  ; Yes        ; |CPU_single|RAM:inst21|mem[20][6]                   ;
; 3:1                ; 8 bits    ; 16 LEs        ; 8 LEs                ; 8 LEs                  ; Yes        ; |CPU_single|RAM:inst21|mem[19][7]                   ;
; 3:1                ; 8 bits    ; 16 LEs        ; 8 LEs                ; 8 LEs                  ; Yes        ; |CPU_single|RAM:inst21|mem[18][6]                   ;
; 3:1                ; 8 bits    ; 16 LEs        ; 8 LEs                ; 8 LEs                  ; Yes        ; |CPU_single|RAM:inst21|mem[17][3]                   ;
; 3:1                ; 8 bits    ; 16 LEs        ; 8 LEs                ; 8 LEs                  ; Yes        ; |CPU_single|RAM:inst21|mem[16][1]                   ;
; 3:1                ; 8 bits    ; 16 LEs        ; 8 LEs                ; 8 LEs                  ; Yes        ; |CPU_single|RAM:inst21|mem[15][1]                   ;
; 3:1                ; 8 bits    ; 16 LEs        ; 8 LEs                ; 8 LEs                  ; Yes        ; |CPU_single|RAM:inst21|mem[14][7]                   ;
; 3:1                ; 8 bits    ; 16 LEs        ; 8 LEs                ; 8 LEs                  ; Yes        ; |CPU_single|RAM:inst21|mem[13][2]                   ;
; 3:1                ; 8 bits    ; 16 LEs        ; 8 LEs                ; 8 LEs                  ; Yes        ; |CPU_single|RAM:inst21|mem[12][1]                   ;
; 3:1                ; 8 bits    ; 16 LEs        ; 8 LEs                ; 8 LEs                  ; Yes        ; |CPU_single|RAM:inst21|mem[11][6]                   ;
; 3:1                ; 8 bits    ; 16 LEs        ; 8 LEs                ; 8 LEs                  ; Yes        ; |CPU_single|RAM:inst21|mem[10][6]                   ;
; 3:1                ; 8 bits    ; 16 LEs        ; 8 LEs                ; 8 LEs                  ; Yes        ; |CPU_single|RAM:inst21|mem[9][7]                    ;
; 3:1                ; 8 bits    ; 16 LEs        ; 8 LEs                ; 8 LEs                  ; Yes        ; |CPU_single|RAM:inst21|mem[8][7]                    ;
; 3:1                ; 8 bits    ; 16 LEs        ; 8 LEs                ; 8 LEs                  ; Yes        ; |CPU_single|RAM:inst21|mem[7][2]                    ;
; 3:1                ; 8 bits    ; 16 LEs        ; 8 LEs                ; 8 LEs                  ; Yes        ; |CPU_single|RAM:inst21|mem[6][2]                    ;
; 3:1                ; 8 bits    ; 16 LEs        ; 8 LEs                ; 8 LEs                  ; Yes        ; |CPU_single|RAM:inst21|mem[5][1]                    ;
; 3:1                ; 8 bits    ; 16 LEs        ; 8 LEs                ; 8 LEs                  ; Yes        ; |CPU_single|RAM:inst21|mem[4][5]                    ;
; 3:1                ; 8 bits    ; 16 LEs        ; 8 LEs                ; 8 LEs                  ; Yes        ; |CPU_single|RAM:inst21|mem[3][2]                    ;
; 3:1                ; 8 bits    ; 16 LEs        ; 8 LEs                ; 8 LEs                  ; Yes        ; |CPU_single|RAM:inst21|mem[2][4]                    ;
; 3:1                ; 8 bits    ; 16 LEs        ; 8 LEs                ; 8 LEs                  ; Yes        ; |CPU_single|RAM:inst21|mem[1][2]                    ;
; 3:1                ; 8 bits    ; 16 LEs        ; 8 LEs                ; 8 LEs                  ; Yes        ; |CPU_single|RAM:inst21|mem[0][6]                    ;
; 4:1                ; 8 bits    ; 16 LEs        ; 16 LEs               ; 0 LEs                  ; Yes        ; |CPU_single|PC:inst|count[6]                        ;
; 3:1                ; 8 bits    ; 16 LEs        ; 16 LEs               ; 0 LEs                  ; No         ; |CPU_single|temp:temp_B|s[6]~6                      ;
; 3:1                ; 8 bits    ; 16 LEs        ; 16 LEs               ; 0 LEs                  ; No         ; |CPU_single|GPR_group:inst11|mux4_3_1:inst5|dout[2] ;
; 3:1                ; 8 bits    ; 16 LEs        ; 16 LEs               ; 0 LEs                  ; No         ; |CPU_single|mux3_1:inst6|dout[3]                    ;
; 3:1                ; 8 bits    ; 16 LEs        ; 16 LEs               ; 0 LEs                  ; No         ; |CPU_single|GPR_group:inst11|mux4_3_1:inst4|dout[7] ;
; 5:1                ; 2 bits    ; 6 LEs         ; 2 LEs                ; 4 LEs                  ; No         ; |CPU_single|console:inst2|IN_PC                     ;
; 256:1              ; 8 bits    ; 1360 LEs      ; 1360 LEs             ; 0 LEs                  ; No         ; |CPU_single|RAM:inst21|Mux1                         ;
; 26:1               ; 6 bits    ; 102 LEs       ; 30 LEs               ; 72 LEs                 ; No         ; |CPU_single|ALU:inst1|data_bus[2]~37                ;
+--------------------+-----------+---------------+----------------------+------------------------+------------+-----------------------------------------------------+


+-------------------------------+
; Analysis & Synthesis Messages ;
+-------------------------------+
Info: *******************************************************************
Info: Running Quartus II Analysis & Synthesis
    Info: Version 9.0 Build 184 04/29/2009 Service Pack 1 SJ Web Edition
    Info: Processing started: Sat Jan 06 11:38:58 2018
Info: Command: quartus_map --read_settings_files=on --write_settings_files=off CPU_single -c CPU_single
Info: Found 1 design units, including 1 entities, in source file CPU_single.bdf
    Info: Found entity 1: CPU_single
Info: Elaborating entity "CPU_single" for the top level hierarchy
Warning: Using design file ALU.vhd, which is not specified as a design file for the current project, but contains definitions for 2 design units and 1 entities in project
    Info: Found design unit 1: ALU-ALU_arch
    Info: Found entity 1: ALU
Info: Elaborating entity "ALU" for hierarchy "ALU:inst1"
Warning (10631): VHDL Process Statement warning at ALU.vhd(20): inferring latch(es) for signal or variable "data_bus", which holds its previous value in one or more paths through the process
Info (10041): Inferred latch for "data_bus[0]" at ALU.vhd(20)
Info (10041): Inferred latch for "data_bus[1]" at ALU.vhd(20)
Info (10041): Inferred latch for "data_bus[2]" at ALU.vhd(20)
Info (10041): Inferred latch for "data_bus[3]" at ALU.vhd(20)
Info (10041): Inferred latch for "data_bus[4]" at ALU.vhd(20)
Info (10041): Inferred latch for "data_bus[5]" at ALU.vhd(20)
Info (10041): Inferred latch for "data_bus[6]" at ALU.vhd(20)
Info (10041): Inferred latch for "data_bus[7]" at ALU.vhd(20)
Info (10041): Inferred latch for "data_bus[8]" at ALU.vhd(20)
Warning: Using design file decoder_comm.vhd, which is not specified as a design file for the current project, but contains definitions for 2 design units and 1 entities in project
    Info: Found design unit 1: decoder_comm-decoder_comm_arch
    Info: Found entity 1: decoder_comm
Info: Elaborating entity "decoder_comm" for hierarchy "decoder_comm:inst32"
Warning: Using design file RAM.vhd, which is not specified as a design file for the current project, but contains definitions for 2 design units and 1 entities in project
    Info: Found design unit 1: RAM-RAM_arch
    Info: Found entity 1: RAM
Info: Elaborating entity "RAM" for hierarchy "RAM:inst21"
Warning (10492): VHDL Process Statement warning at RAM.vhd(34): signal "s" is read inside the Process Statement but isn't in the Process Statement's sensitivity list
Warning (10492): VHDL Process Statement warning at RAM.vhd(39): signal "s" is read inside the Process Statement but isn't in the Process Statement's sensitivity list
Warning (10631): VHDL Process Statement warning at RAM.vhd(17): inferring latch(es) for signal or variable "s", which holds its previous value in one or more paths through the process
Info (10041): Inferred latch for "s[0]" at RAM.vhd(17)
Info (10041): Inferred latch for "s[1]" at RAM.vhd(17)
Info (10041): Inferred latch for "s[2]" at RAM.vhd(17)
Info (10041): Inferred latch for "s[3]" at RAM.vhd(17)
Info (10041): Inferred latch for "s[4]" at RAM.vhd(17)
Info (10041): Inferred latch for "s[5]" at RAM.vhd(17)
Info (10041): Inferred latch for "s[6]" at RAM.vhd(17)
Info (10041): Inferred latch for "s[7]" at RAM.vhd(17)
Warning: Using design file console.vhd, which is not specified as a design file for the current project, but contains definitions for 2 design units and 1 entities in project
    Info: Found design unit 1: console-console_arch
    Info: Found entity 1: console
Info: Elaborating entity "console" for hierarchy "console:inst2"
Warning: Using design file mux3_1.vhd, which is not specified as a design file for the current project, but contains definitions for 2 design units and 1 entities in project
    Info: Found design unit 1: mux3_1-mux3_1_arch
    Info: Found entity 1: mux3_1
Info: Elaborating entity "mux3_1" for hierarchy "mux3_1:inst6"
Warning: Using design file PC.vhd, which is not specified as a design file for the current project, but contains definitions for 2 design units and 1 entities in project
    Info: Found design unit 1: PC-pc_arch
    Info: Found entity 1: PC
Info: Elaborating entity "PC" for hierarchy "PC:inst"
Warning: Using design file GPR_group.bdf, which is not specified as a design file for the current project, but contains definitions for 1 design units and 1 entities in project
    Info: Found entity 1: GPR_group
Info: Elaborating entity "GPR_group" for hierarchy "GPR_group:inst11"
Warning: Using design file mux4_3_1.vhd, which is not specified as a design file for the current project, but contains definitions for 2 design units and 1 entities in project
    Info: Found design unit 1: mux4_3_1-mux4_3_1_arch
    Info: Found entity 1: mux4_3_1
Info: Elaborating entity "mux4_3_1" for hierarchy "GPR_group:inst11|mux4_3_1:inst5"
Warning: Using design file reg.vhd, which is not specified as a design file for the current project, but contains definitions for 2 design units and 1 entities in project
    Info: Found design unit 1: reg-reg_arch
    Info: Found entity 1: reg
Info: Elaborating entity "reg" for hierarchy "GPR_group:inst11|reg:A"
Warning (10492): VHDL Process Statement warning at reg.vhd(21): signal "dreset" is read inside the Process Statement but isn't in the Process Statement's sensitivity list
Warning: Using design file GPR.vhd, which is not specified as a design file for the current project, but contains definitions for 2 design units and 1 entities in project
    Info: Found design unit 1: GPR-GPR_arch
    Info: Found entity 1: GPR
Info: Elaborating entity "GPR" for hierarchy "GPR_group:inst11|GPR:inst"
Warning: Using design file temp.vhd, which is not specified as a design file for the current project, but contains definitions for 2 design units and 1 entities in project
    Info: Found design unit 1: temp-temp_arch
    Info: Found entity 1: temp
Info: Elaborating entity "temp" for hierarchy "temp:temp_A"
Warning (10492): VHDL Process Statement warning at temp.vhd(20): signal "dreset" is read inside the Process Statement but isn't in the Process Statement's sensitivity list
Warning (10492): VHDL Process Statement warning at temp.vhd(22): signal "din" is read inside the Process Statement but isn't in the Process Statement's sensitivity list
Warning (10631): VHDL Process Statement warning at temp.vhd(17): inferring latch(es) for signal or variable "s", which holds its previous value in one or more paths through the process
Info (10041): Inferred latch for "s[0]" at temp.vhd(17)
Info (10041): Inferred latch for "s[1]" at temp.vhd(17)
Info (10041): Inferred latch for "s[2]" at temp.vhd(17)
Info (10041): Inferred latch for "s[3]" at temp.vhd(17)
Info (10041): Inferred latch for "s[4]" at temp.vhd(17)
Info (10041): Inferred latch for "s[5]" at temp.vhd(17)
Info (10041): Inferred latch for "s[6]" at temp.vhd(17)
Info (10041): Inferred latch for "s[7]" at temp.vhd(17)
Warning: Using design file ctrl_in.vhd, which is not specified as a design file for the current project, but contains definitions for 2 design units and 1 entities in project
    Info: Found design unit 1: ctrl_in-ctrl_in_arch
    Info: Found entity 1: ctrl_in
Info: Elaborating entity "ctrl_in" for hierarchy "ctrl_in:inst19"
Warning: Using design file ctrl_out.vhd, which is not specified as a design file for the current project, but contains definitions for 2 design units and 1 entities in project
    Info: Found design unit 1: ctrl_out-ctrl_out_arch
    Info: Found entity 1: ctrl_out
Info: Elaborating entity "ctrl_out" for hierarchy "ctrl_out:inst24"
Warning: Tri-state node(s) do not directly drive top-level pin(s)
    Warning: Converted tri-state buffer "GPR_group:inst11|reg:C|dout[0]" feeding internal logic into a wire
    Warning: Converted tri-state buffer "GPR_group:inst11|reg:C|dout[1]" feeding internal logic into a wire
    Warning: Converted tri-state buffer "GPR_group:inst11|reg:C|dout[2]" feeding internal logic into a wire
    Warning: Converted tri-state buffer "GPR_group:inst11|reg:C|dout[3]" feeding internal logic into a wire
    Warning: Converted tri-state buffer "GPR_group:inst11|reg:C|dout[4]" feeding internal logic into a wire
    Warning: Converted tri-state buffer "GPR_group:inst11|reg:C|dout[5]" feeding internal logic into a wire
    Warning: Converted tri-state buffer "GPR_group:inst11|reg:C|dout[6]" feeding internal logic into a wire
    Warning: Converted tri-state buffer "GPR_group:inst11|reg:C|dout[7]" feeding internal logic into a wire
    Warning: Converted tri-state buffer "GPR_group:inst11|reg:B|dout[0]" feeding internal logic into a wire
    Warning: Converted tri-state buffer "GPR_group:inst11|reg:B|dout[1]" feeding internal logic into a wire
    Warning: Converted tri-state buffer "GPR_group:inst11|reg:B|dout[2]" feeding internal logic into a wire
    Warning: Converted tri-state buffer "GPR_group:inst11|reg:B|dout[3]" feeding internal logic into a wire
    Warning: Converted tri-state buffer "GPR_group:inst11|reg:B|dout[4]" feeding internal logic into a wire
    Warning: Converted tri-state buffer "GPR_group:inst11|reg:B|dout[5]" feeding internal logic into a wire
    Warning: Converted tri-state buffer "GPR_group:inst11|reg:B|dout[6]" feeding internal logic into a wire
    Warning: Converted tri-state buffer "GPR_group:inst11|reg:B|dout[7]" feeding internal logic into a wire
    Warning: Converted tri-state buffer "GPR_group:inst11|reg:A|dout[0]" feeding internal logic into a wire
    Warning: Converted tri-state buffer "GPR_group:inst11|reg:A|dout[1]" feeding internal logic into a wire
    Warning: Converted tri-state buffer "GPR_group:inst11|reg:A|dout[2]" feeding internal logic into a wire
    Warning: Converted tri-state buffer "GPR_group:inst11|reg:A|dout[3]" feeding internal logic into a wire
    Warning: Converted tri-state buffer "GPR_group:inst11|reg:A|dout[4]" feeding internal logic into a wire
    Warning: Converted tri-state buffer "GPR_group:inst11|reg:A|dout[5]" feeding internal logic into a wire
    Warning: Converted tri-state buffer "GPR_group:inst11|reg:A|dout[6]" feeding internal logic into a wire
    Warning: Converted tri-state buffer "GPR_group:inst11|reg:A|dout[7]" feeding internal logic into a wire
Warning: Tri-state node(s) do not directly drive top-level pin(s)
    Warning: Converted the fan-out from the tri-state buffer "RAM:inst21|dout[7]" to the node "decoder_comm:inst32|Equal0" into an OR gate
    Warning: Converted the fan-out from the tri-state buffer "RAM:inst21|dout[6]" to the node "decoder_comm:inst32|Equal0" into an OR gate
    Warning: Converted the fan-out from the tri-state buffer "RAM:inst21|dout[5]" to the node "decoder_comm:inst32|Equal0" into an OR gate
    Warning: Converted the fan-out from the tri-state buffer "RAM:inst21|dout[4]" to the node "decoder_comm:inst32|Equal0" into an OR gate
    Warning: Converted the fan-out from the tri-state buffer "RAM:inst21|dout[3]" to the node "GPR_group:inst11|mux4_3_1:inst4|Equal1" into an OR gate
    Warning: Converted the fan-out from the tri-state buffer "RAM:inst21|dout[2]" to the node "GPR_group:inst11|mux4_3_1:inst4|Equal1" into an OR gate
    Warning: Converted the fan-out from the tri-state buffer "RAM:inst21|dout[1]" to the node "decoder_comm:inst32|Equal8" into an OR gate
    Warning: Converted the fan-out from the tri-state buffer "RAM:inst21|dout[0]" to the node "decoder_comm:inst32|Equal8" into an OR gate
    Warning: Converted the fan-out from the tri-state buffer "ALU:inst1|to_bus[7]" to the node "decoder_comm:inst32|JZ" into an OR gate
    Warning: Converted the fan-out from the tri-state buffer "ALU:inst1|to_bus[6]" to the node "decoder_comm:inst32|JZ" into an OR gate
    Warning: Converted the fan-out from the tri-state buffer "ALU:inst1|to_bus[5]" to the node "decoder_comm:inst32|JZ" into an OR gate
    Warning: Converted the fan-out from the tri-state buffer "ALU:inst1|to_bus[4]" to the node "decoder_comm:inst32|JZ" into an OR gate
    Warning: Converted the fan-out from the tri-state buffer "ALU:inst1|to_bus[3]" to the node "decoder_comm:inst32|JZ" into an OR gate
    Warning: Converted the fan-out from the tri-state buffer "ALU:inst1|to_bus[2]" to the node "decoder_comm:inst32|JZ" into an OR gate
    Warning: Converted the fan-out from the tri-state buffer "ALU:inst1|to_bus[1]" to the node "decoder_comm:inst32|JZ" into an OR gate
    Warning: Converted the fan-out from the tri-state buffer "ALU:inst1|to_bus[0]" to the node "decoder_comm:inst32|JZ" into an OR gate
Warning: Tri-state node(s) do not directly drive top-level pin(s)
    Warning: Converted the fan-out from the tri-state buffer "RAM:inst21|to_bus[7]" to the node "GPR_group:inst11|reg:C|s[7]" into an OR gate
    Warning: Converted the fan-out from the tri-state buffer "RAM:inst21|to_bus[6]" to the node "GPR_group:inst11|reg:C|s[6]" into an OR gate
    Warning: Converted the fan-out from the tri-state buffer "RAM:inst21|to_bus[5]" to the node "GPR_group:inst11|reg:C|s[5]" into an OR gate
    Warning: Converted the fan-out from the tri-state buffer "RAM:inst21|to_bus[4]" to the node "GPR_group:inst11|reg:C|s[4]" into an OR gate
    Warning: Converted the fan-out from the tri-state buffer "RAM:inst21|to_bus[3]" to the node "GPR_group:inst11|reg:C|s[3]" into an OR gate
    Warning: Converted the fan-out from the tri-state buffer "RAM:inst21|to_bus[2]" to the node "GPR_group:inst11|reg:C|s[2]" into an OR gate
    Warning: Converted the fan-out from the tri-state buffer "RAM:inst21|to_bus[1]" to the node "GPR_group:inst11|reg:C|s[1]" into an OR gate
    Warning: Converted the fan-out from the tri-state buffer "RAM:inst21|to_bus[0]" to the node "GPR_group:inst11|reg:C|s[0]" into an OR gate
Warning: Latch temp:temp_A|s[7] has unsafe behavior
    Warning: Ports D and ENA on the latch are fed by the same signal reset
Warning: Latch temp:temp_A|s[6] has unsafe behavior
    Warning: Ports D and ENA on the latch are fed by the same signal reset
Warning: Latch temp:temp_A|s[5] has unsafe behavior
    Warning: Ports D and ENA on the latch are fed by the same signal reset
Warning: Latch temp:temp_A|s[4] has unsafe behavior
    Warning: Ports D and ENA on the latch are fed by the same signal reset
Warning: Latch temp:temp_A|s[3] has unsafe behavior
    Warning: Ports D and ENA on the latch are fed by the same signal reset
Warning: Latch temp:temp_A|s[2] has unsafe behavior
    Warning: Ports D and ENA on the latch are fed by the same signal reset
Warning: Latch temp:temp_A|s[1] has unsafe behavior
    Warning: Ports D and ENA on the latch are fed by the same signal reset
Warning: Latch temp:temp_A|s[0] has unsafe behavior
    Warning: Ports D and ENA on the latch are fed by the same signal reset
Warning: Latch temp:temp_B|s[7] has unsafe behavior
    Warning: Ports D and ENA on the latch are fed by the same signal reset
Warning: Latch temp:temp_B|s[6] has unsafe behavior
    Warning: Ports D and ENA on the latch are fed by the same signal reset
Warning: Latch temp:temp_B|s[5] has unsafe behavior
    Warning: Ports D and ENA on the latch are fed by the same signal reset
Warning: Latch temp:temp_B|s[4] has unsafe behavior
    Warning: Ports D and ENA on the latch are fed by the same signal reset
Warning: Latch temp:temp_B|s[3] has unsafe behavior
    Warning: Ports D and ENA on the latch are fed by the same signal reset
Warning: Latch temp:temp_B|s[2] has unsafe behavior
    Warning: Ports D and ENA on the latch are fed by the same signal reset
Warning: Latch temp:temp_B|s[1] has unsafe behavior
    Warning: Ports D and ENA on the latch are fed by the same signal reset
Warning: Latch temp:temp_B|s[0] has unsafe behavior
    Warning: Ports D and ENA on the latch are fed by the same signal reset
Warning: Latch ALU:inst1|data_bus[8] has unsafe behavior
    Warning: Ports D and ENA on the latch are fed by the same signal RAM:inst21|s[0]_10365
    Warning: Ports ENA and CLR on the latch are fed by the same signal decoder_comm:inst32|JC
Warning: Latch RAM:inst21|s[7] has unsafe behavior
    Warning: Ports ENA and CLR on the latch are fed by the same signal console:inst2|cnt[0]
Warning: Latch RAM:inst21|s[0]_10365 has unsafe behavior
    Warning: Ports ENA and CLR on the latch are fed by the same signal console:inst2|cnt[0]
Warning: Latch RAM:inst21|s[6] has unsafe behavior
    Warning: Ports ENA and CLR on the latch are fed by the same signal console:inst2|cnt[0]
Warning: Latch RAM:inst21|s[5] has unsafe behavior
    Warning: Ports ENA and CLR on the latch are fed by the same signal console:inst2|cnt[0]
Warning: Latch RAM:inst21|s[4] has unsafe behavior
    Warning: Ports ENA and CLR on the latch are fed by the same signal console:inst2|cnt[0]
Warning: Latch RAM:inst21|s[3] has unsafe behavior
    Warning: Ports ENA and CLR on the latch are fed by the same signal console:inst2|cnt[0]
Warning: Latch RAM:inst21|s[2] has unsafe behavior
    Warning: Ports ENA and CLR on the latch are fed by the same signal console:inst2|cnt[0]
Warning: Latch RAM:inst21|s[1] has unsafe behavior
    Warning: Ports ENA and CLR on the latch are fed by the same signal console:inst2|cnt[0]
Warning: Latch RAM:inst21|s[0] has unsafe behavior
    Warning: Ports ENA and CLR on the latch are fed by the same signal console:inst2|cnt[0]
Warning: Latch ALU:inst1|data_bus[7] has unsafe behavior
    Warning: Ports D and ENA on the latch are fed by the same signal RAM:inst21|s[0]_10365
    Warning: Ports ENA and CLR on the latch are fed by the same signal decoder_comm:inst32|JC
Warning: Latch ALU:inst1|data_bus[0]_239 has unsafe behavior
    Warning: Ports ENA and CLR on the latch are fed by the same signal decoder_comm:inst32|JC
Warning: Latch ALU:inst1|data_bus[6] has unsafe behavior
    Warning: Ports D and ENA on the latch are fed by the same signal RAM:inst21|s[0]_10365
    Warning: Ports ENA and CLR on the latch are fed by the same signal decoder_comm:inst32|JC
Warning: Latch ALU:inst1|data_bus[5] has unsafe behavior
    Warning: Ports D and ENA on the latch are fed by the same signal RAM:inst21|s[0]_10365
    Warning: Ports ENA and CLR on the latch are fed by the same signal decoder_comm:inst32|JC
Warning: Latch ALU:inst1|data_bus[4] has unsafe behavior
    Warning: Ports D and ENA on the latch are fed by the same signal RAM:inst21|s[0]_10365
    Warning: Ports ENA and CLR on the latch are fed by the same signal decoder_comm:inst32|JC
Warning: Latch ALU:inst1|data_bus[3] has unsafe behavior
    Warning: Ports D and ENA on the latch are fed by the same signal RAM:inst21|s[0]_10365
    Warning: Ports ENA and CLR on the latch are fed by the same signal decoder_comm:inst32|JC
Warning: Latch ALU:inst1|data_bus[2] has unsafe behavior
    Warning: Ports D and ENA on the latch are fed by the same signal RAM:inst21|s[0]_10365
    Warning: Ports ENA and CLR on the latch are fed by the same signal decoder_comm:inst32|JC
Warning: Latch ALU:inst1|data_bus[1] has unsafe behavior
    Warning: Ports D and ENA on the latch are fed by the same signal RAM:inst21|s[0]_10365
    Warning: Ports ENA and CLR on the latch are fed by the same signal decoder_comm:inst32|JC
Warning: Latch ALU:inst1|data_bus[0] has unsafe behavior
    Warning: Ports D and ENA on the latch are fed by the same signal RAM:inst21|s[0]_10365
    Warning: Ports ENA and CLR on the latch are fed by the same signal decoder_comm:inst32|JC
Info: Registers with preset signals will power-up high
Info: DEV_CLRn pin will set, and not reset, register with preset signal due to NOT Gate Push-Back
Info: Implemented 5535 device resources after synthesis - the final resource count might be different
    Info: Implemented 10 input pins
    Info: Implemented 81 output pins
    Info: Implemented 5444 logic cells
Info: Quartus II Analysis & Synthesis was successful. 0 errors, 151 warnings
    Info: Peak virtual memory: 281 megabytes
    Info: Processing ended: Sat Jan 06 11:39:27 2018
    Info: Elapsed time: 00:00:29
    Info: Total CPU time (on all processors): 00:00:28


