Classic Timing Analyzer report for ctrl_in
Sat Jan 06 00:13:06 2018
Quartus II Version 9.0 Build 184 04/29/2009 Service Pack 1 SJ Web Edition


---------------------
; Table of Contents ;
---------------------
  1. Legal Notice
  2. Timing Analyzer Summary
  3. Timing Analyzer Settings
  4. Parallel Compilation
  5. tpd
  6. Timing Analyzer Messages



----------------
; Legal Notice ;
----------------
Copyright (C) 1991-2009 Altera Corporation
Your use of Altera Corporation's design tools, logic functions 
and other software and tools, and its AMPP partner logic 
functions, and any output files from any of the foregoing 
(including device programming or simulation files), and any 
associated documentation or information are expressly subject 
to the terms and conditions of the Altera Program License 
Subscription Agreement, Altera MegaCore Function License 
Agreement, or other applicable license agreement, including, 
without limitation, that your use is for the sole purpose of 
programming logic devices manufactured by Altera and sold by 
Altera or its authorized distributors.  Please refer to the 
applicable agreement for further details.



+-------------------------------------------------------------------------------------------------------------------------------+
; Timing Analyzer Summary                                                                                                       ;
+------------------------------+-------+---------------+-------------+------+------------+------------+----------+--------------+
; Type                         ; Slack ; Required Time ; Actual Time ; From ; To         ; From Clock ; To Clock ; Failed Paths ;
+------------------------------+-------+---------------+-------------+------+------------+------------+----------+--------------+
; Worst-case tpd               ; N/A   ; None          ; 13.399 ns   ; ctrl ; REAL_IN[5] ; --         ; --       ; 0            ;
; Total number of failed paths ;       ;               ;             ;      ;            ;            ;          ; 0            ;
+------------------------------+-------+---------------+-------------+------+------------+------------+----------+--------------+


+--------------------------------------------------------------------------------------------------------------------+
; Timing Analyzer Settings                                                                                           ;
+---------------------------------------------------------------------+--------------------+------+----+-------------+
; Option                                                              ; Setting            ; From ; To ; Entity Name ;
+---------------------------------------------------------------------+--------------------+------+----+-------------+
; Device Name                                                         ; EP2C8Q208C8        ;      ;    ;             ;
; Timing Models                                                       ; Final              ;      ;    ;             ;
; Default hold multicycle                                             ; Same as Multicycle ;      ;    ;             ;
; Cut paths between unrelated clock domains                           ; On                 ;      ;    ;             ;
; Cut off read during write signal paths                              ; On                 ;      ;    ;             ;
; Cut off feedback from I/O pins                                      ; On                 ;      ;    ;             ;
; Report Combined Fast/Slow Timing                                    ; Off                ;      ;    ;             ;
; Ignore Clock Settings                                               ; Off                ;      ;    ;             ;
; Analyze latches as synchronous elements                             ; On                 ;      ;    ;             ;
; Enable Recovery/Removal analysis                                    ; Off                ;      ;    ;             ;
; Enable Clock Latency                                                ; Off                ;      ;    ;             ;
; Use TimeQuest Timing Analyzer                                       ; Off                ;      ;    ;             ;
; Minimum Core Junction Temperature                                   ; 0                  ;      ;    ;             ;
; Maximum Core Junction Temperature                                   ; 85                 ;      ;    ;             ;
; Number of source nodes to report per destination node               ; 10                 ;      ;    ;             ;
; Number of destination nodes to report                               ; 10                 ;      ;    ;             ;
; Number of paths to report                                           ; 200                ;      ;    ;             ;
; Report Minimum Timing Checks                                        ; Off                ;      ;    ;             ;
; Use Fast Timing Models                                              ; Off                ;      ;    ;             ;
; Report IO Paths Separately                                          ; Off                ;      ;    ;             ;
; Perform Multicorner Analysis                                        ; On                 ;      ;    ;             ;
; Reports the worst-case path for each clock domain and analysis      ; Off                ;      ;    ;             ;
; Removes common clock path pessimism (CCPP) during slack computation ; Off                ;      ;    ;             ;
; Output I/O Timing Endpoint                                          ; Near End           ;      ;    ;             ;
+---------------------------------------------------------------------+--------------------+------+----+-------------+


Parallel compilation was disabled, but you have multiple processors available. Enable parallel compilation to reduce compilation time.
+-------------------------------------+
; Parallel Compilation                ;
+----------------------------+--------+
; Processors                 ; Number ;
+----------------------------+--------+
; Number detected on machine ; 2      ;
; Maximum allowed            ; 1      ;
+----------------------------+--------+


+----------------------------------------------------------------------+
; tpd                                                                  ;
+-------+-------------------+-----------------+-----------+------------+
; Slack ; Required P2P Time ; Actual P2P Time ; From      ; To         ;
+-------+-------------------+-----------------+-----------+------------+
; N/A   ; None              ; 13.399 ns       ; ctrl      ; REAL_IN[5] ;
; N/A   ; None              ; 12.970 ns       ; ctrl      ; REAL_IN[7] ;
; N/A   ; None              ; 12.721 ns       ; ctrl      ; REAL_IN[4] ;
; N/A   ; None              ; 12.715 ns       ; ctrl      ; REAL_IN[6] ;
; N/A   ; None              ; 12.708 ns       ; ctrl      ; REAL_IN[2] ;
; N/A   ; None              ; 12.680 ns       ; ctrl      ; REAL_IN[0] ;
; N/A   ; None              ; 12.521 ns       ; RGS_IN[1] ; REAL_IN[1] ;
; N/A   ; None              ; 12.451 ns       ; RGS_IN[0] ; REAL_IN[0] ;
; N/A   ; None              ; 12.444 ns       ; RGS_IN[6] ; REAL_IN[6] ;
; N/A   ; None              ; 12.412 ns       ; STD_IN[5] ; REAL_IN[5] ;
; N/A   ; None              ; 12.365 ns       ; ctrl      ; REAL_IN[3] ;
; N/A   ; None              ; 12.361 ns       ; ctrl      ; REAL_IN[1] ;
; N/A   ; None              ; 12.243 ns       ; RGS_IN[5] ; REAL_IN[5] ;
; N/A   ; None              ; 12.139 ns       ; RGS_IN[7] ; REAL_IN[7] ;
; N/A   ; None              ; 12.089 ns       ; RGS_IN[4] ; REAL_IN[4] ;
; N/A   ; None              ; 12.067 ns       ; STD_IN[0] ; REAL_IN[0] ;
; N/A   ; None              ; 11.749 ns       ; STD_IN[6] ; REAL_IN[6] ;
; N/A   ; None              ; 11.682 ns       ; STD_IN[4] ; REAL_IN[4] ;
; N/A   ; None              ; 11.593 ns       ; STD_IN[7] ; REAL_IN[7] ;
; N/A   ; None              ; 11.496 ns       ; STD_IN[1] ; REAL_IN[1] ;
; N/A   ; None              ; 6.897 ns        ; STD_IN[2] ; REAL_IN[2] ;
; N/A   ; None              ; 6.488 ns        ; STD_IN[3] ; REAL_IN[3] ;
; N/A   ; None              ; 6.436 ns        ; RGS_IN[3] ; REAL_IN[3] ;
; N/A   ; None              ; 6.304 ns        ; RGS_IN[2] ; REAL_IN[2] ;
+-------+-------------------+-----------------+-----------+------------+


+--------------------------+
; Timing Analyzer Messages ;
+--------------------------+
Info: *******************************************************************
Info: Running Quartus II Classic Timing Analyzer
    Info: Version 9.0 Build 184 04/29/2009 Service Pack 1 SJ Web Edition
    Info: Processing started: Sat Jan 06 00:13:06 2018
Info: Command: quartus_tan --read_settings_files=off --write_settings_files=off ctrl_in -c ctrl_in --timing_analysis_only
Info: Longest tpd from source pin "ctrl" to destination pin "REAL_IN[5]" is 13.399 ns
    Info: 1: + IC(0.000 ns) + CELL(1.004 ns) = 1.004 ns; Loc. = PIN_61; Fanout = 8; PIN Node = 'ctrl'
    Info: 2: + IC(6.833 ns) + CELL(0.624 ns) = 8.461 ns; Loc. = LCCOMB_X1_Y9_N10; Fanout = 1; COMB Node = 'REAL_IN~13'
    Info: 3: + IC(1.652 ns) + CELL(3.286 ns) = 13.399 ns; Loc. = PIN_208; Fanout = 0; PIN Node = 'REAL_IN[5]'
    Info: Total cell delay = 4.914 ns ( 36.67 % )
    Info: Total interconnect delay = 8.485 ns ( 63.33 % )
Info: Quartus II Classic Timing Analyzer was successful. 0 errors, 0 warnings
    Info: Peak virtual memory: 208 megabytes
    Info: Processing ended: Sat Jan 06 00:13:06 2018
    Info: Elapsed time: 00:00:00
    Info: Total CPU time (on all processors): 00:00:00


