Analysis & Synthesis report for CPU
Sat Jan 06 01:54:59 2018
Quartus II Version 9.0 Build 184 04/29/2009 Service Pack 1 SJ Web Edition


---------------------
; Table of Contents ;
---------------------
  1. Legal Notice
  2. Analysis & Synthesis Summary
  3. Analysis & Synthesis Settings
  4. Analysis & Synthesis Source Files Read
  5. Analysis & Synthesis Resource Usage Summary
  6. Analysis & Synthesis Resource Utilization by Entity
  7. Registers Removed During Synthesis
  8. General Register Statistics
  9. Analysis & Synthesis Messages



----------------
; Legal Notice ;
----------------
Copyright (C) 1991-2009 Altera Corporation
Your use of Altera Corporation's design tools, logic functions 
and other software and tools, and its AMPP partner logic 
functions, and any output files from any of the foregoing 
(including device programming or simulation files), and any 
associated documentation or information are expressly subject 
to the terms and conditions of the Altera Program License 
Subscription Agreement, Altera MegaCore Function License 
Agreement, or other applicable license agreement, including, 
without limitation, that your use is for the sole purpose of 
programming logic devices manufactured by Altera and sold by 
Altera or its authorized distributors.  Please refer to the 
applicable agreement for further details.



+------------------------------------------------------------------------------+
; Analysis & Synthesis Summary                                                 ;
+-------------------------------+----------------------------------------------+
; Analysis & Synthesis Status   ; Successful - Sat Jan 06 01:54:58 2018        ;
; Quartus II Version            ; 9.0 Build 184 04/29/2009 SP 1 SJ Web Edition ;
; Revision Name                 ; CPU                                          ;
; Top-level Entity Name         ; CPU                                          ;
; Family                        ; Stratix II                                   ;
; Logic utilization             ; N/A                                          ;
;     Combinational ALUTs       ; 9                                            ;
;     Dedicated logic registers ; 9                                            ;
; Total registers               ; 9                                            ;
; Total pins                    ; 10                                           ;
; Total virtual pins            ; 0                                            ;
; Total block memory bits       ; 0                                            ;
; DSP block 9-bit elements      ; 0                                            ;
; Total PLLs                    ; 0                                            ;
; Total DLLs                    ; 0                                            ;
+-------------------------------+----------------------------------------------+


+--------------------------------------------------------------------------------------------------------+
; Analysis & Synthesis Settings                                                                          ;
+--------------------------------------------------------------+--------------------+--------------------+
; Option                                                       ; Setting            ; Default Value      ;
+--------------------------------------------------------------+--------------------+--------------------+
; Top-level entity name                                        ; CPU                ; CPU                ;
; Family name                                                  ; Stratix II         ; Stratix II         ;
; Use Generated Physical Constraints File                      ; Off                ;                    ;
; Use smart compilation                                        ; Off                ; Off                ;
; Restructure Multiplexers                                     ; Auto               ; Auto               ;
; Create Debugging Nodes for IP Cores                          ; Off                ; Off                ;
; Preserve fewer node names                                    ; On                 ; On                 ;
; Disable OpenCore Plus hardware evaluation                    ; Off                ; Off                ;
; Verilog Version                                              ; Verilog_2001       ; Verilog_2001       ;
; VHDL Version                                                 ; VHDL93             ; VHDL93             ;
; State Machine Processing                                     ; Auto               ; Auto               ;
; Safe State Machine                                           ; Off                ; Off                ;
; Extract Verilog State Machines                               ; On                 ; On                 ;
; Extract VHDL State Machines                                  ; On                 ; On                 ;
; Ignore Verilog initial constructs                            ; Off                ; Off                ;
; Iteration limit for constant Verilog loops                   ; 5000               ; 5000               ;
; Iteration limit for non-constant Verilog loops               ; 250                ; 250                ;
; Add Pass-Through Logic to Inferred RAMs                      ; On                 ; On                 ;
; Parallel Synthesis                                           ; Off                ; Off                ;
; DSP Block Balancing                                          ; Auto               ; Auto               ;
; NOT Gate Push-Back                                           ; On                 ; On                 ;
; Power-Up Don't Care                                          ; On                 ; On                 ;
; Remove Redundant Logic Cells                                 ; Off                ; Off                ;
; Remove Duplicate Registers                                   ; On                 ; On                 ;
; Ignore CARRY Buffers                                         ; Off                ; Off                ;
; Ignore CASCADE Buffers                                       ; Off                ; Off                ;
; Ignore GLOBAL Buffers                                        ; Off                ; Off                ;
; Ignore ROW GLOBAL Buffers                                    ; Off                ; Off                ;
; Ignore LCELL Buffers                                         ; Off                ; Off                ;
; Ignore SOFT Buffers                                          ; On                 ; On                 ;
; Limit AHDL Integers to 32 Bits                               ; Off                ; Off                ;
; Optimization Technique                                       ; Balanced           ; Balanced           ;
; Carry Chain Length                                           ; 70                 ; 70                 ;
; Auto Carry Chains                                            ; On                 ; On                 ;
; Auto Open-Drain Pins                                         ; On                 ; On                 ;
; Perform WYSIWYG Primitive Resynthesis                        ; Off                ; Off                ;
; Auto ROM Replacement                                         ; On                 ; On                 ;
; Auto RAM Replacement                                         ; On                 ; On                 ;
; Auto DSP Block Replacement                                   ; On                 ; On                 ;
; Auto Shift Register Replacement                              ; Auto               ; Auto               ;
; Auto Clock Enable Replacement                                ; On                 ; On                 ;
; Strict RAM Replacement                                       ; Off                ; Off                ;
; Allow Synchronous Control Signals                            ; On                 ; On                 ;
; Force Use of Synchronous Clear Signals                       ; Off                ; Off                ;
; Auto RAM Block Balancing                                     ; On                 ; On                 ;
; Auto RAM to Logic Cell Conversion                            ; Off                ; Off                ;
; Auto Resource Sharing                                        ; Off                ; Off                ;
; Allow Any RAM Size For Recognition                           ; Off                ; Off                ;
; Allow Any ROM Size For Recognition                           ; Off                ; Off                ;
; Allow Any Shift Register Size For Recognition                ; Off                ; Off                ;
; Use LogicLock Constraints during Resource Balancing          ; On                 ; On                 ;
; Ignore translate_off and synthesis_off directives            ; Off                ; Off                ;
; Timing-Driven Synthesis                                      ; Off                ; Off                ;
; Show Parameter Settings Tables in Synthesis Report           ; On                 ; On                 ;
; Ignore Maximum Fan-Out Assignments                           ; Off                ; Off                ;
; Synchronization Register Chain Length                        ; 2                  ; 2                  ;
; PowerPlay Power Optimization                                 ; Normal compilation ; Normal compilation ;
; HDL message level                                            ; Level2             ; Level2             ;
; Suppress Register Optimization Related Messages              ; Off                ; Off                ;
; Number of Removed Registers Reported in Synthesis Report     ; 100                ; 100                ;
; Number of Inverted Registers Reported in Synthesis Report    ; 100                ; 100                ;
; Clock MUX Protection                                         ; On                 ; On                 ;
; Auto Gated Clock Conversion                                  ; Off                ; Off                ;
; Block Design Naming                                          ; Auto               ; Auto               ;
; SDC constraint protection                                    ; Off                ; Off                ;
; Synthesis Effort                                             ; Auto               ; Auto               ;
; Shift Register Replacement - Allow Asynchronous Clear Signal ; On                 ; On                 ;
; Analysis & Synthesis Message Level                           ; Medium             ; Medium             ;
+--------------------------------------------------------------+--------------------+--------------------+


+------------------------------------------------------------------------------------------------------------------------------------------+
; Analysis & Synthesis Source Files Read                                                                                                   ;
+----------------------------------+-----------------+------------------------------------+------------------------------------------------+
; File Name with User-Entered Path ; Used in Netlist ; File Type                          ; File Name with Absolute Path                   ;
+----------------------------------+-----------------+------------------------------------+------------------------------------------------+
; CPU.bdf                          ; yes             ; User Block Diagram/Schematic File  ; H:/exp/CPU_wuduozhi/CPU/CPU.bdf                ;
; CPU_SM.vhd                       ; yes             ; Auto-Found VHDL File               ; H:/exp/CPU_wuduozhi/CPU/CPU_SM.vhd             ;
; CPU_PC.vhd                       ; yes             ; Auto-Found VHDL File               ; H:/exp/CPU_wuduozhi/CPU/CPU_PC.vhd             ;
; cpu_order.vhd                    ; yes             ; Auto-Found VHDL File               ; H:/exp/CPU_wuduozhi/CPU/cpu_order.vhd          ;
; CPU_ALU.vhd                      ; yes             ; Auto-Found VHDL File               ; H:/exp/CPU_wuduozhi/CPU/CPU_ALU.vhd            ;
; CPU_REGISTER_GROUP.vhd           ; yes             ; Auto-Found VHDL File               ; H:/exp/CPU_wuduozhi/CPU/CPU_REGISTER_GROUP.vhd ;
; CPU_RAM.vhd                      ; yes             ; Auto-Found VHDL File               ; H:/exp/CPU_wuduozhi/CPU/CPU_RAM.vhd            ;
; CPU_MUX.vhd                      ; yes             ; Auto-Found VHDL File               ; H:/exp/CPU_wuduozhi/CPU/CPU_MUX.vhd            ;
; CPU_SHIFT.vhd                    ; yes             ; Auto-Found VHDL File               ; H:/exp/CPU_wuduozhi/CPU/CPU_SHIFT.vhd          ;
; CPU_IR_REGISTER.vhd              ; yes             ; Auto-Found VHDL File               ; H:/exp/CPU_wuduozhi/CPU/CPU_IR_REGISTER.vhd    ;
+----------------------------------+-----------------+------------------------------------+------------------------------------------------+


+------------------------------------------------------------------+
; Analysis & Synthesis Resource Usage Summary                      ;
+-----------------------------------------------+------------------+
; Resource                                      ; Usage            ;
+-----------------------------------------------+------------------+
; Estimated ALUTs Used                          ; 9                ;
; Dedicated logic registers                     ; 9                ;
;                                               ;                  ;
; Estimated ALUTs Unavailable                   ; 0                ;
;                                               ;                  ;
; Total combinational functions                 ; 9                ;
; Combinational ALUT usage by number of inputs  ;                  ;
;     -- 7 input functions                      ; 0                ;
;     -- 6 input functions                      ; 0                ;
;     -- 5 input functions                      ; 0                ;
;     -- 4 input functions                      ; 0                ;
;     -- <=3 input functions                    ; 9                ;
;                                               ;                  ;
; Combinational ALUTs by mode                   ;                  ;
;     -- normal mode                            ; 2                ;
;     -- extended LUT mode                      ; 0                ;
;     -- arithmetic mode                        ; 7                ;
;     -- shared arithmetic mode                 ; 0                ;
;                                               ;                  ;
; Estimated ALUT/register pairs used            ; 9                ;
;                                               ;                  ;
; Total registers                               ; 9                ;
;     -- Dedicated logic registers              ; 9                ;
;     -- I/O registers                          ; 0                ;
;                                               ;                  ;
; Estimated ALMs:  partially or completely used ; 5                ;
;                                               ;                  ;
; I/O pins                                      ; 10               ;
; Maximum fan-out node                          ; CPU_SM:inst7|tmp ;
; Maximum fan-out                               ; 10               ;
; Total fan-out                                 ; 51               ;
; Average fan-out                               ; 1.82             ;
+-----------------------------------------------+------------------+


+-----------------------------------------------------------------------------------------------------------------------------------------------------------------------------------------------+
; Analysis & Synthesis Resource Utilization by Entity                                                                                                                                           ;
+----------------------------+-------------------+--------------+-------------------+--------------+---------+-----------+-----------+------+--------------+---------------------+--------------+
; Compilation Hierarchy Node ; LC Combinationals ; LC Registers ; Block Memory Bits ; DSP Elements ; DSP 9x9 ; DSP 18x18 ; DSP 36x36 ; Pins ; Virtual Pins ; Full Hierarchy Name ; Library Name ;
+----------------------------+-------------------+--------------+-------------------+--------------+---------+-----------+-----------+------+--------------+---------------------+--------------+
; |CPU                       ; 9 (0)             ; 9 (0)        ; 0                 ; 0            ; 0       ; 0         ; 0         ; 10   ; 0            ; |CPU                ; work         ;
;    |CPU_PC:inst4|          ; 8 (8)             ; 8 (8)        ; 0                 ; 0            ; 0       ; 0         ; 0         ; 0    ; 0            ; |CPU|CPU_PC:inst4   ; work         ;
;    |CPU_SM:inst7|          ; 1 (1)             ; 1 (1)        ; 0                 ; 0            ; 0       ; 0         ; 0         ; 0    ; 0            ; |CPU|CPU_SM:inst7   ; work         ;
+----------------------------+-------------------+--------------+-------------------+--------------+---------+-----------+-----------+------+--------------+---------------------+--------------+
Note: For table entries with two numbers listed, the numbers in parentheses indicate the number of resources of the given type used by the specific entity alone. The numbers listed outside of parentheses indicate the total resources of the given type used by the specific entity and all of its sub-entities in the hierarchy.


+---------------------------------------------------------------------------------+
; Registers Removed During Synthesis                                              ;
+----------------------------------------+----------------------------------------+
; Register name                          ; Reason for Removal                     ;
+----------------------------------------+----------------------------------------+
; CPU_SM:inst7|count                     ; Stuck at VCC due to stuck port data_in ;
; CPU_IR_REGISTER:inst1|R_IR[0..7]       ; Lost fanout                            ;
; CPU_REGISTER_GROUP:inst6|R_C[0..7]     ; Lost fanout                            ;
; CPU_REGISTER_GROUP:inst6|R_B[0..7]     ; Lost fanout                            ;
; CPU_REGISTER_GROUP:inst6|R_A[0..7]     ; Lost fanout                            ;
; Total Number of Removed Registers = 33 ;                                        ;
+----------------------------------------+----------------------------------------+


+------------------------------------------------------+
; General Register Statistics                          ;
+----------------------------------------------+-------+
; Statistic                                    ; Value ;
+----------------------------------------------+-------+
; Total registers                              ; 9     ;
; Number of registers using Synchronous Clear  ; 0     ;
; Number of registers using Synchronous Load   ; 0     ;
; Number of registers using Asynchronous Clear ; 0     ;
; Number of registers using Asynchronous Load  ; 0     ;
; Number of registers using Clock Enable       ; 8     ;
; Number of registers using Preset             ; 0     ;
+----------------------------------------------+-------+


+-------------------------------+
; Analysis & Synthesis Messages ;
+-------------------------------+
Info: *******************************************************************
Info: Running Quartus II Analysis & Synthesis
    Info: Version 9.0 Build 184 04/29/2009 Service Pack 1 SJ Web Edition
    Info: Processing started: Sat Jan 06 01:54:57 2018
Info: Command: quartus_map --read_settings_files=on --write_settings_files=off CPU -c CPU
Info: Found 1 design units, including 1 entities, in source file CPU.bdf
    Info: Found entity 1: CPU
Info: Elaborating entity "CPU" for the top level hierarchy
Warning: Using design file CPU_SM.vhd, which is not specified as a design file for the current project, but contains definitions for 2 design units and 1 entities in project
    Info: Found design unit 1: CPU_SM-arch
    Info: Found entity 1: CPU_SM
Info: Elaborating entity "CPU_SM" for hierarchy "CPU_SM:inst7"
Warning (10492): VHDL Process Statement warning at CPU_SM.vhd(21): signal "count" is read inside the Process Statement but isn't in the Process Statement's sensitivity list
Warning: Using design file CPU_PC.vhd, which is not specified as a design file for the current project, but contains definitions for 2 design units and 1 entities in project
    Info: Found design unit 1: CPU_PC-arch
    Info: Found entity 1: CPU_PC
Info: Elaborating entity "CPU_PC" for hierarchy "CPU_PC:inst4"
Warning: Using design file cpu_order.vhd, which is not specified as a design file for the current project, but contains definitions for 2 design units and 1 entities in project
    Info: Found design unit 1: cpu_order-ip
    Info: Found entity 1: cpu_order
Info: Elaborating entity "cpu_order" for hierarchy "cpu_order:inst3"
Warning (10492): VHDL Process Statement warning at cpu_order.vhd(34): signal "tmp" is read inside the Process Statement but isn't in the Process Statement's sensitivity list
Warning (10492): VHDL Process Statement warning at cpu_order.vhd(36): signal "tmp" is read inside the Process Statement but isn't in the Process Statement's sensitivity list
Warning (10492): VHDL Process Statement warning at cpu_order.vhd(39): signal "R" is read inside the Process Statement but isn't in the Process Statement's sensitivity list
Warning (10492): VHDL Process Statement warning at cpu_order.vhd(41): signal "R" is read inside the Process Statement but isn't in the Process Statement's sensitivity list
Warning (10492): VHDL Process Statement warning at cpu_order.vhd(42): signal "W" is read inside the Process Statement but isn't in the Process Statement's sensitivity list
Warning (10492): VHDL Process Statement warning at cpu_order.vhd(48): signal "W" is read inside the Process Statement but isn't in the Process Statement's sensitivity list
Warning (10492): VHDL Process Statement warning at cpu_order.vhd(50): signal "R" is read inside the Process Statement but isn't in the Process Statement's sensitivity list
Warning (10492): VHDL Process Statement warning at cpu_order.vhd(51): signal "W" is read inside the Process Statement but isn't in the Process Statement's sensitivity list
Warning (10492): VHDL Process Statement warning at cpu_order.vhd(58): signal "R" is read inside the Process Statement but isn't in the Process Statement's sensitivity list
Warning (10492): VHDL Process Statement warning at cpu_order.vhd(59): signal "W" is read inside the Process Statement but isn't in the Process Statement's sensitivity list
Warning (10492): VHDL Process Statement warning at cpu_order.vhd(67): signal "tmp" is read inside the Process Statement but isn't in the Process Statement's sensitivity list
Warning (10492): VHDL Process Statement warning at cpu_order.vhd(70): signal "R" is read inside the Process Statement but isn't in the Process Statement's sensitivity list
Warning (10492): VHDL Process Statement warning at cpu_order.vhd(71): signal "W" is read inside the Process Statement but isn't in the Process Statement's sensitivity list
Warning (10492): VHDL Process Statement warning at cpu_order.vhd(78): signal "tmp" is read inside the Process Statement but isn't in the Process Statement's sensitivity list
Warning (10492): VHDL Process Statement warning at cpu_order.vhd(81): signal "R" is read inside the Process Statement but isn't in the Process Statement's sensitivity list
Warning (10492): VHDL Process Statement warning at cpu_order.vhd(82): signal "W" is read inside the Process Statement but isn't in the Process Statement's sensitivity list
Warning (10492): VHDL Process Statement warning at cpu_order.vhd(89): signal "tmp" is read inside the Process Statement but isn't in the Process Statement's sensitivity list
Warning (10492): VHDL Process Statement warning at cpu_order.vhd(92): signal "R" is read inside the Process Statement but isn't in the Process Statement's sensitivity list
Warning (10492): VHDL Process Statement warning at cpu_order.vhd(93): signal "W" is read inside the Process Statement but isn't in the Process Statement's sensitivity list
Warning (10492): VHDL Process Statement warning at cpu_order.vhd(100): signal "tmp" is read inside the Process Statement but isn't in the Process Statement's sensitivity list
Warning (10492): VHDL Process Statement warning at cpu_order.vhd(103): signal "R" is read inside the Process Statement but isn't in the Process Statement's sensitivity list
Warning (10492): VHDL Process Statement warning at cpu_order.vhd(104): signal "R" is read inside the Process Statement but isn't in the Process Statement's sensitivity list
Warning (10492): VHDL Process Statement warning at cpu_order.vhd(111): signal "tmp" is read inside the Process Statement but isn't in the Process Statement's sensitivity list
Warning (10492): VHDL Process Statement warning at cpu_order.vhd(113): signal "W" is read inside the Process Statement but isn't in the Process Statement's sensitivity list
Warning (10492): VHDL Process Statement warning at cpu_order.vhd(118): signal "R" is read inside the Process Statement but isn't in the Process Statement's sensitivity list
Warning (10492): VHDL Process Statement warning at cpu_order.vhd(119): signal "R" is read inside the Process Statement but isn't in the Process Statement's sensitivity list
Warning (10492): VHDL Process Statement warning at cpu_order.vhd(129): signal "R" is read inside the Process Statement but isn't in the Process Statement's sensitivity list
Warning (10492): VHDL Process Statement warning at cpu_order.vhd(130): signal "R" is read inside the Process Statement but isn't in the Process Statement's sensitivity list
Warning (10631): VHDL Process Statement warning at cpu_order.vhd(26): inferring latch(es) for signal or variable "S", which holds its previous value in one or more paths through the process
Warning (10631): VHDL Process Statement warning at cpu_order.vhd(26): inferring latch(es) for signal or variable "M", which holds its previous value in one or more paths through the process
Warning (10631): VHDL Process Statement warning at cpu_order.vhd(26): inferring latch(es) for signal or variable "F_BUS", which holds its previous value in one or more paths through the process
Warning (10631): VHDL Process Statement warning at cpu_order.vhd(26): inferring latch(es) for signal or variable "W_n", which holds its previous value in one or more paths through the process
Warning (10631): VHDL Process Statement warning at cpu_order.vhd(26): inferring latch(es) for signal or variable "R_Add", which holds its previous value in one or more paths through the process
Warning (10631): VHDL Process Statement warning at cpu_order.vhd(26): inferring latch(es) for signal or variable "W_Add", which holds its previous value in one or more paths through the process
Warning (10631): VHDL Process Statement warning at cpu_order.vhd(26): inferring latch(es) for signal or variable "MADD", which holds its previous value in one or more paths through the process
Warning (10631): VHDL Process Statement warning at cpu_order.vhd(26): inferring latch(es) for signal or variable "CS_n", which holds its previous value in one or more paths through the process
Warning (10631): VHDL Process Statement warning at cpu_order.vhd(26): inferring latch(es) for signal or variable "DL", which holds its previous value in one or more paths through the process
Warning (10631): VHDL Process Statement warning at cpu_order.vhd(26): inferring latch(es) for signal or variable "XL", which holds its previous value in one or more paths through the process
Warning (10631): VHDL Process Statement warning at cpu_order.vhd(26): inferring latch(es) for signal or variable "FR_BUS", which holds its previous value in one or more paths through the process
Warning (10631): VHDL Process Statement warning at cpu_order.vhd(26): inferring latch(es) for signal or variable "FL_BUS", which holds its previous value in one or more paths through the process
Info (10041): Inferred latch for "FL_BUS" at cpu_order.vhd(26)
Info (10041): Inferred latch for "FR_BUS" at cpu_order.vhd(26)
Info (10041): Inferred latch for "XL" at cpu_order.vhd(26)
Info (10041): Inferred latch for "DL" at cpu_order.vhd(26)
Info (10041): Inferred latch for "CS_n" at cpu_order.vhd(26)
Info (10041): Inferred latch for "MADD[0]" at cpu_order.vhd(26)
Info (10041): Inferred latch for "MADD[1]" at cpu_order.vhd(26)
Info (10041): Inferred latch for "W_Add[0]" at cpu_order.vhd(26)
Info (10041): Inferred latch for "W_Add[1]" at cpu_order.vhd(26)
Info (10041): Inferred latch for "R_Add[0]" at cpu_order.vhd(26)
Info (10041): Inferred latch for "R_Add[1]" at cpu_order.vhd(26)
Info (10041): Inferred latch for "W_n" at cpu_order.vhd(26)
Info (10041): Inferred latch for "F_BUS" at cpu_order.vhd(26)
Info (10041): Inferred latch for "M" at cpu_order.vhd(26)
Info (10041): Inferred latch for "S[0]" at cpu_order.vhd(26)
Info (10041): Inferred latch for "S[1]" at cpu_order.vhd(26)
Info (10041): Inferred latch for "S[2]" at cpu_order.vhd(26)
Info (10041): Inferred latch for "S[3]" at cpu_order.vhd(26)
Warning: Using design file CPU_ALU.vhd, which is not specified as a design file for the current project, but contains definitions for 2 design units and 1 entities in project
    Info: Found design unit 1: CPU_ALU-ALU_architecture
    Info: Found entity 1: CPU_ALU
Info: Elaborating entity "CPU_ALU" for hierarchy "CPU_ALU:inst"
Warning (10492): VHDL Process Statement warning at CPU_ALU.vhd(22): signal "M" is read inside the Process Statement but isn't in the Process Statement's sensitivity list
Warning (10631): VHDL Process Statement warning at CPU_ALU.vhd(20): inferring latch(es) for signal or variable "ALU_out", which holds its previous value in one or more paths through the process
Warning (10631): VHDL Process Statement warning at CPU_ALU.vhd(20): inferring latch(es) for signal or variable "c", which holds its previous value in one or more paths through the process
Warning (10631): VHDL Process Statement warning at CPU_ALU.vhd(20): inferring latch(es) for signal or variable "ss", which holds its previous value in one or more paths through the process
Info (10041): Inferred latch for "ss" at CPU_ALU.vhd(20)
Info (10041): Inferred latch for "c" at CPU_ALU.vhd(20)
Info (10041): Inferred latch for "ALU_out[0]" at CPU_ALU.vhd(20)
Info (10041): Inferred latch for "ALU_out[1]" at CPU_ALU.vhd(20)
Info (10041): Inferred latch for "ALU_out[2]" at CPU_ALU.vhd(20)
Info (10041): Inferred latch for "ALU_out[3]" at CPU_ALU.vhd(20)
Info (10041): Inferred latch for "ALU_out[4]" at CPU_ALU.vhd(20)
Info (10041): Inferred latch for "ALU_out[5]" at CPU_ALU.vhd(20)
Info (10041): Inferred latch for "ALU_out[6]" at CPU_ALU.vhd(20)
Info (10041): Inferred latch for "ALU_out[7]" at CPU_ALU.vhd(20)
Warning: Using design file CPU_REGISTER_GROUP.vhd, which is not specified as a design file for the current project, but contains definitions for 2 design units and 1 entities in project
    Info: Found design unit 1: CPU_REGISTER_GROUP-arch
    Info: Found entity 1: CPU_REGISTER_GROUP
Info: Elaborating entity "CPU_REGISTER_GROUP" for hierarchy "CPU_REGISTER_GROUP:inst6"
Warning (10492): VHDL Process Statement warning at CPU_REGISTER_GROUP.vhd(27): signal "R_A" is read inside the Process Statement but isn't in the Process Statement's sensitivity list
Warning (10492): VHDL Process Statement warning at CPU_REGISTER_GROUP.vhd(29): signal "R_B" is read inside the Process Statement but isn't in the Process Statement's sensitivity list
Warning (10492): VHDL Process Statement warning at CPU_REGISTER_GROUP.vhd(31): signal "R_C" is read inside the Process Statement but isn't in the Process Statement's sensitivity list
Warning (10492): VHDL Process Statement warning at CPU_REGISTER_GROUP.vhd(33): signal "R_C" is read inside the Process Statement but isn't in the Process Statement's sensitivity list
Warning (10492): VHDL Process Statement warning at CPU_REGISTER_GROUP.vhd(41): signal "R_A" is read inside the Process Statement but isn't in the Process Statement's sensitivity list
Warning (10492): VHDL Process Statement warning at CPU_REGISTER_GROUP.vhd(43): signal "R_B" is read inside the Process Statement but isn't in the Process Statement's sensitivity list
Warning (10492): VHDL Process Statement warning at CPU_REGISTER_GROUP.vhd(45): signal "R_C" is read inside the Process Statement but isn't in the Process Statement's sensitivity list
Warning (10492): VHDL Process Statement warning at CPU_REGISTER_GROUP.vhd(47): signal "R_C" is read inside the Process Statement but isn't in the Process Statement's sensitivity list
Warning: Using design file CPU_RAM.vhd, which is not specified as a design file for the current project, but contains definitions for 2 design units and 1 entities in project
    Info: Found design unit 1: CPU_RAM-arch1
    Info: Found entity 1: CPU_RAM
Info: Elaborating entity "CPU_RAM" for hierarchy "CPU_RAM:inst5"
Warning (10492): VHDL Process Statement warning at CPU_RAM.vhd(36): signal "mem" is read inside the Process Statement but isn't in the Process Statement's sensitivity list
Warning (10492): VHDL Process Statement warning at CPU_RAM.vhd(36): signal "PC_in" is read inside the Process Statement but isn't in the Process Statement's sensitivity list
Warning (10631): VHDL Process Statement warning at CPU_RAM.vhd(32): inferring latch(es) for signal or variable "Data_out", which holds its previous value in one or more paths through the process
Info (10041): Inferred latch for "Data_out[0]" at CPU_RAM.vhd(32)
Info (10041): Inferred latch for "Data_out[1]" at CPU_RAM.vhd(32)
Info (10041): Inferred latch for "Data_out[2]" at CPU_RAM.vhd(32)
Info (10041): Inferred latch for "Data_out[3]" at CPU_RAM.vhd(32)
Info (10041): Inferred latch for "Data_out[4]" at CPU_RAM.vhd(32)
Info (10041): Inferred latch for "Data_out[5]" at CPU_RAM.vhd(32)
Info (10041): Inferred latch for "Data_out[6]" at CPU_RAM.vhd(32)
Info (10041): Inferred latch for "Data_out[7]" at CPU_RAM.vhd(32)
Warning: Using design file CPU_MUX.vhd, which is not specified as a design file for the current project, but contains definitions for 2 design units and 1 entities in project
    Info: Found design unit 1: CPU_MUX-ALU_architecture
    Info: Found entity 1: CPU_MUX
Info: Elaborating entity "CPU_MUX" for hierarchy "CPU_MUX:inst2"
Warning (10492): VHDL Process Statement warning at CPU_MUX.vhd(16): signal "PC" is read inside the Process Statement but isn't in the Process Statement's sensitivity list
Warning (10492): VHDL Process Statement warning at CPU_MUX.vhd(18): signal "A" is read inside the Process Statement but isn't in the Process Statement's sensitivity list
Warning (10492): VHDL Process Statement warning at CPU_MUX.vhd(20): signal "B" is read inside the Process Statement but isn't in the Process Statement's sensitivity list
Warning: Using design file CPU_SHIFT.vhd, which is not specified as a design file for the current project, but contains definitions for 2 design units and 1 entities in project
    Info: Found design unit 1: CPU_SHIFT-arch
    Info: Found entity 1: CPU_SHIFT
Info: Elaborating entity "CPU_SHIFT" for hierarchy "CPU_SHIFT:inst8"
Warning (10631): VHDL Process Statement warning at CPU_SHIFT.vhd(15): inferring latch(es) for signal or variable "Data_out", which holds its previous value in one or more paths through the process
Info (10041): Inferred latch for "Data_out[0]" at CPU_SHIFT.vhd(15)
Info (10041): Inferred latch for "Data_out[1]" at CPU_SHIFT.vhd(15)
Info (10041): Inferred latch for "Data_out[2]" at CPU_SHIFT.vhd(15)
Info (10041): Inferred latch for "Data_out[3]" at CPU_SHIFT.vhd(15)
Info (10041): Inferred latch for "Data_out[4]" at CPU_SHIFT.vhd(15)
Info (10041): Inferred latch for "Data_out[5]" at CPU_SHIFT.vhd(15)
Info (10041): Inferred latch for "Data_out[6]" at CPU_SHIFT.vhd(15)
Info (10041): Inferred latch for "Data_out[7]" at CPU_SHIFT.vhd(15)
Warning: Using design file CPU_IR_REGISTER.vhd, which is not specified as a design file for the current project, but contains definitions for 2 design units and 1 entities in project
    Info: Found design unit 1: CPU_IR_REGISTER-ip
    Info: Found entity 1: CPU_IR_REGISTER
Info: Elaborating entity "CPU_IR_REGISTER" for hierarchy "CPU_IR_REGISTER:inst1"
Info: 32 registers lost all their fanouts during netlist optimizations. The first 32 are displayed below.
    Info: Register "CPU_IR_REGISTER:inst1|R_IR[0]" lost all its fanouts during netlist optimizations.
    Info: Register "CPU_IR_REGISTER:inst1|R_IR[1]" lost all its fanouts during netlist optimizations.
    Info: Register "CPU_IR_REGISTER:inst1|R_IR[2]" lost all its fanouts during netlist optimizations.
    Info: Register "CPU_IR_REGISTER:inst1|R_IR[3]" lost all its fanouts during netlist optimizations.
    Info: Register "CPU_IR_REGISTER:inst1|R_IR[4]" lost all its fanouts during netlist optimizations.
    Info: Register "CPU_IR_REGISTER:inst1|R_IR[5]" lost all its fanouts during netlist optimizations.
    Info: Register "CPU_IR_REGISTER:inst1|R_IR[6]" lost all its fanouts during netlist optimizations.
    Info: Register "CPU_IR_REGISTER:inst1|R_IR[7]" lost all its fanouts during netlist optimizations.
    Info: Register "CPU_REGISTER_GROUP:inst6|R_C[0]" lost all its fanouts during netlist optimizations.
    Info: Register "CPU_REGISTER_GROUP:inst6|R_C[1]" lost all its fanouts during netlist optimizations.
    Info: Register "CPU_REGISTER_GROUP:inst6|R_C[2]" lost all its fanouts during netlist optimizations.
    Info: Register "CPU_REGISTER_GROUP:inst6|R_C[3]" lost all its fanouts during netlist optimizations.
    Info: Register "CPU_REGISTER_GROUP:inst6|R_C[4]" lost all its fanouts during netlist optimizations.
    Info: Register "CPU_REGISTER_GROUP:inst6|R_C[5]" lost all its fanouts during netlist optimizations.
    Info: Register "CPU_REGISTER_GROUP:inst6|R_C[6]" lost all its fanouts during netlist optimizations.
    Info: Register "CPU_REGISTER_GROUP:inst6|R_C[7]" lost all its fanouts during netlist optimizations.
    Info: Register "CPU_REGISTER_GROUP:inst6|R_B[0]" lost all its fanouts during netlist optimizations.
    Info: Register "CPU_REGISTER_GROUP:inst6|R_B[1]" lost all its fanouts during netlist optimizations.
    Info: Register "CPU_REGISTER_GROUP:inst6|R_B[2]" lost all its fanouts during netlist optimizations.
    Info: Register "CPU_REGISTER_GROUP:inst6|R_B[3]" lost all its fanouts during netlist optimizations.
    Info: Register "CPU_REGISTER_GROUP:inst6|R_B[4]" lost all its fanouts during netlist optimizations.
    Info: Register "CPU_REGISTER_GROUP:inst6|R_B[5]" lost all its fanouts during netlist optimizations.
    Info: Register "CPU_REGISTER_GROUP:inst6|R_B[6]" lost all its fanouts during netlist optimizations.
    Info: Register "CPU_REGISTER_GROUP:inst6|R_B[7]" lost all its fanouts during netlist optimizations.
    Info: Register "CPU_REGISTER_GROUP:inst6|R_A[0]" lost all its fanouts during netlist optimizations.
    Info: Register "CPU_REGISTER_GROUP:inst6|R_A[1]" lost all its fanouts during netlist optimizations.
    Info: Register "CPU_REGISTER_GROUP:inst6|R_A[2]" lost all its fanouts during netlist optimizations.
    Info: Register "CPU_REGISTER_GROUP:inst6|R_A[3]" lost all its fanouts during netlist optimizations.
    Info: Register "CPU_REGISTER_GROUP:inst6|R_A[4]" lost all its fanouts during netlist optimizations.
    Info: Register "CPU_REGISTER_GROUP:inst6|R_A[5]" lost all its fanouts during netlist optimizations.
    Info: Register "CPU_REGISTER_GROUP:inst6|R_A[6]" lost all its fanouts during netlist optimizations.
    Info: Register "CPU_REGISTER_GROUP:inst6|R_A[7]" lost all its fanouts during netlist optimizations.
Info: Implemented 19 device resources after synthesis - the final resource count might be different
    Info: Implemented 1 input pins
    Info: Implemented 9 output pins
    Info: Implemented 9 logic cells
Info: Quartus II Analysis & Synthesis was successful. 0 errors, 69 warnings
    Info: Peak virtual memory: 237 megabytes
    Info: Processing ended: Sat Jan 06 01:54:59 2018
    Info: Elapsed time: 00:00:02
    Info: Total CPU time (on all processors): 00:00:01


