Flow report for daocheleida
Fri Dec 22 15:05:50 2017
Quartus II Version 9.0 Build 184 04/29/2009 Service Pack 1 SJ Web Edition


---------------------
; Table of Contents ;
---------------------
  1. Legal Notice
  2. Flow Summary
  3. Flow Settings
  4. Flow Non-Default Global Settings
  5. Flow Elapsed Time
  6. Flow OS Summary
  7. Flow Log



----------------
; Legal Notice ;
----------------
Copyright (C) 1991-2009 Altera Corporation
Your use of Altera Corporation's design tools, logic functions 
and other software and tools, and its AMPP partner logic 
functions, and any output files from any of the foregoing 
(including device programming or simulation files), and any 
associated documentation or information are expressly subject 
to the terms and conditions of the Altera Program License 
Subscription Agreement, Altera MegaCore Function License 
Agreement, or other applicable license agreement, including, 
without limitation, that your use is for the sole purpose of 
programming logic devices manufactured by Altera and sold by 
Altera or its authorized distributors.  Please refer to the 
applicable agreement for further details.



+------------------------------------------------------------------------+
; Flow Summary                                                           ;
+-------------------------+----------------------------------------------+
; Flow Status             ; Successful - Fri Dec 22 15:05:50 2017        ;
; Quartus II Version      ; 9.0 Build 184 04/29/2009 SP 1 SJ Web Edition ;
; Revision Name           ; daocheleida                                  ;
; Top-level Entity Name   ; daocheleida                                  ;
; Family                  ; Cyclone                                      ;
; Device                  ; EP1C6Q240C8                                  ;
; Timing Models           ; Final                                        ;
; Met timing requirements ; Yes                                          ;
; Total logic elements    ; 1,033 / 5,980 ( 17 % )                       ;
; Total pins              ; 14 / 185 ( 8 % )                             ;
; Total virtual pins      ; 0                                            ;
; Total memory bits       ; 0 / 92,160 ( 0 % )                           ;
; Total PLLs              ; 0 / 2 ( 0 % )                                ;
+-------------------------+----------------------------------------------+


+-----------------------------------------+
; Flow Settings                           ;
+-------------------+---------------------+
; Option            ; Setting             ;
+-------------------+---------------------+
; Start date & time ; 12/22/2017 15:05:38 ;
; Main task         ; Compilation         ;
; Revision Name     ; daocheleida         ;
+-------------------+---------------------+


+-------------------------------------------------------------------------------------------------------------------------------------+
; Flow Non-Default Global Settings                                                                                                    ;
+------------------------------------+-------------------------------------------------+---------------+-------------+----------------+
; Assignment Name                    ; Value                                           ; Default Value ; Entity Name ; Section Id     ;
+------------------------------------+-------------------------------------------------+---------------+-------------+----------------+
; COMPILER_SIGNATURE_ID              ; 741042295227.151392633803220                    ; --            ; --          ; --             ;
; CYCLONE_OPTIMIZATION_TECHNIQUE     ; Area                                            ; Balanced      ; --          ; --             ;
; MAX_CORE_JUNCTION_TEMP             ; 85                                              ; --            ; --          ; --             ;
; MIN_CORE_JUNCTION_TEMP             ; 0                                               ; --            ; --          ; --             ;
; MISC_FILE                          ; G:/zoro/daocheleida/daocheleida/daocheleida.dpf ; --            ; --          ; --             ;
; PARTITION_COLOR                    ; 16764057                                        ; --            ; --          ; Top            ;
; PARTITION_NETLIST_TYPE             ; SOURCE                                          ; --            ; --          ; Top            ;
; USE_GENERATED_PHYSICAL_CONSTRAINTS ; Off                                             ; --            ; --          ; eda_blast_fpga ;
+------------------------------------+-------------------------------------------------+---------------+-------------+----------------+


+-----------------------------------------------------------------------------------------------------------------------------+
; Flow Elapsed Time                                                                                                           ;
+-------------------------+--------------+-------------------------+---------------------+------------------------------------+
; Module Name             ; Elapsed Time ; Average Processors Used ; Peak Virtual Memory ; Total CPU Time (on all processors) ;
+-------------------------+--------------+-------------------------+---------------------+------------------------------------+
; Analysis & Synthesis    ; 00:00:04     ; 1.0                     ; 243 MB              ; 00:00:03                           ;
; Fitter                  ; 00:00:03     ; 1.0                     ; 216 MB              ; 00:00:03                           ;
; Assembler               ; 00:00:00     ; 1.0                     ; 197 MB              ; 00:00:00                           ;
; Classic Timing Analyzer ; 00:00:01     ; 1.0                     ; 159 MB              ; 00:00:00                           ;
; Total                   ; 00:00:08     ; --                      ; --                  ; 00:00:06                           ;
+-------------------------+--------------+-------------------------+---------------------+------------------------------------+


+------------------------------------------------------------------------------------------+
; Flow OS Summary                                                                          ;
+-------------------------+------------------+---------------+------------+----------------+
; Module Name             ; Machine Hostname ; OS Name       ; OS Version ; Processor type ;
+-------------------------+------------------+---------------+------------+----------------+
; Analysis & Synthesis    ; WIN7_64          ; Windows Vista ; 6.1        ; x86_64         ;
; Fitter                  ; WIN7_64          ; Windows Vista ; 6.1        ; x86_64         ;
; Assembler               ; WIN7_64          ; Windows Vista ; 6.1        ; x86_64         ;
; Classic Timing Analyzer ; WIN7_64          ; Windows Vista ; 6.1        ; x86_64         ;
+-------------------------+------------------+---------------+------------+----------------+


------------
; Flow Log ;
------------
quartus_map --read_settings_files=on --write_settings_files=off daocheleida -c daocheleida
quartus_fit --read_settings_files=off --write_settings_files=off daocheleida -c daocheleida
quartus_asm --read_settings_files=off --write_settings_files=off daocheleida -c daocheleida
quartus_tan --read_settings_files=off --write_settings_files=off daocheleida -c daocheleida --timing_analysis_only



