Classic Timing Analyzer report for daocheleida
Fri Dec 22 15:05:50 2017
Quartus II Version 9.0 Build 184 04/29/2009 Service Pack 1 SJ Web Edition


---------------------
; Table of Contents ;
---------------------
  1. Legal Notice
  2. Timing Analyzer Summary
  3. Timing Analyzer Settings
  4. Clock Settings Summary
  5. Parallel Compilation
  6. Clock Setup: 'clk'
  7. tsu
  8. tco
  9. th
 10. Timing Analyzer Messages



----------------
; Legal Notice ;
----------------
Copyright (C) 1991-2009 Altera Corporation
Your use of Altera Corporation's design tools, logic functions 
and other software and tools, and its AMPP partner logic 
functions, and any output files from any of the foregoing 
(including device programming or simulation files), and any 
associated documentation or information are expressly subject 
to the terms and conditions of the Altera Program License 
Subscription Agreement, Altera MegaCore Function License 
Agreement, or other applicable license agreement, including, 
without limitation, that your use is for the sole purpose of 
programming logic devices manufactured by Altera and sold by 
Altera or its authorized distributors.  Please refer to the 
applicable agreement for further details.



+--------------------------------------------------------------------------------------------------------------------------------------------------------------------------------------+
; Timing Analyzer Summary                                                                                                                                                              ;
+------------------------------+-------+---------------+----------------------------------+--------------------------+--------------------------+------------+----------+--------------+
; Type                         ; Slack ; Required Time ; Actual Time                      ; From                     ; To                       ; From Clock ; To Clock ; Failed Paths ;
+------------------------------+-------+---------------+----------------------------------+--------------------------+--------------------------+------------+----------+--------------+
; Worst-case tsu               ; N/A   ; None          ; 9.931 ns                         ; echo                     ; echocount:inst1|count[4] ; --         ; clk      ; 0            ;
; Worst-case tco               ; N/A   ; None          ; 14.350 ns                        ; voice2:inst7|i           ; voice                    ; clk        ; --       ; 0            ;
; Worst-case th                ; N/A   ; None          ; -7.150 ns                        ; echo                     ; echocount:inst1|js[0]    ; --         ; clk      ; 0            ;
; Clock Setup: 'clk'           ; N/A   ; None          ; 9.32 MHz ( period = 107.342 ns ) ; echocount:inst1|count[1] ; average:inst4|count[12]  ; clk        ; clk      ; 0            ;
; Total number of failed paths ;       ;               ;                                  ;                          ;                          ;            ;          ; 0            ;
+------------------------------+-------+---------------+----------------------------------+--------------------------+--------------------------+------------+----------+--------------+


+--------------------------------------------------------------------------------------------------------------------+
; Timing Analyzer Settings                                                                                           ;
+---------------------------------------------------------------------+--------------------+------+----+-------------+
; Option                                                              ; Setting            ; From ; To ; Entity Name ;
+---------------------------------------------------------------------+--------------------+------+----+-------------+
; Device Name                                                         ; EP1C6Q240C8        ;      ;    ;             ;
; Timing Models                                                       ; Final              ;      ;    ;             ;
; Default hold multicycle                                             ; Same as Multicycle ;      ;    ;             ;
; Cut paths between unrelated clock domains                           ; On                 ;      ;    ;             ;
; Cut off read during write signal paths                              ; On                 ;      ;    ;             ;
; Cut off feedback from I/O pins                                      ; On                 ;      ;    ;             ;
; Report Combined Fast/Slow Timing                                    ; Off                ;      ;    ;             ;
; Ignore Clock Settings                                               ; Off                ;      ;    ;             ;
; Analyze latches as synchronous elements                             ; On                 ;      ;    ;             ;
; Enable Recovery/Removal analysis                                    ; Off                ;      ;    ;             ;
; Enable Clock Latency                                                ; Off                ;      ;    ;             ;
; Use TimeQuest Timing Analyzer                                       ; Off                ;      ;    ;             ;
; Minimum Core Junction Temperature                                   ; 0                  ;      ;    ;             ;
; Maximum Core Junction Temperature                                   ; 85                 ;      ;    ;             ;
; Number of source nodes to report per destination node               ; 10                 ;      ;    ;             ;
; Number of destination nodes to report                               ; 10                 ;      ;    ;             ;
; Number of paths to report                                           ; 200                ;      ;    ;             ;
; Report Minimum Timing Checks                                        ; Off                ;      ;    ;             ;
; Use Fast Timing Models                                              ; Off                ;      ;    ;             ;
; Report IO Paths Separately                                          ; Off                ;      ;    ;             ;
; Perform Multicorner Analysis                                        ; Off                ;      ;    ;             ;
; Reports the worst-case path for each clock domain and analysis      ; Off                ;      ;    ;             ;
; Removes common clock path pessimism (CCPP) during slack computation ; Off                ;      ;    ;             ;
; Output I/O Timing Endpoint                                          ; Near End           ;      ;    ;             ;
+---------------------------------------------------------------------+--------------------+------+----+-------------+


+------------------------------------------------------------------------------------------------------------------------------------------------------------------------------------+
; Clock Settings Summary                                                                                                                                                             ;
+-----------------+--------------------+----------+------------------+---------------+--------------+----------+-----------------------+---------------------+--------+--------------+
; Clock Node Name ; Clock Setting Name ; Type     ; Fmax Requirement ; Early Latency ; Late Latency ; Based on ; Multiply Base Fmax by ; Divide Base Fmax by ; Offset ; Phase offset ;
+-----------------+--------------------+----------+------------------+---------------+--------------+----------+-----------------------+---------------------+--------+--------------+
; clk             ;                    ; User Pin ; None             ; 0.000 ns      ; 0.000 ns     ; --       ; N/A                   ; N/A                 ; N/A    ;              ;
+-----------------+--------------------+----------+------------------+---------------+--------------+----------+-----------------------+---------------------+--------+--------------+


Parallel compilation was disabled, but you have multiple processors available. Enable parallel compilation to reduce compilation time.
+-------------------------------------+
; Parallel Compilation                ;
+----------------------------+--------+
; Processors                 ; Number ;
+----------------------------+--------+
; Number detected on machine ; 2      ;
; Maximum allowed            ; 1      ;
+----------------------------+--------+


+-----------------------------------------------------------------------------------------------------------------------------------------------------------------------------------------------------------------------------------------------------------------+
; Clock Setup: 'clk'                                                                                                                                                                                                                                              ;
+-----------------------------------------+-----------------------------------------------------+---------------------------+-------------------------+------------+----------+-----------------------------+---------------------------+-------------------------+
; Slack                                   ; Actual fmax (period)                                ; From                      ; To                      ; From Clock ; To Clock ; Required Setup Relationship ; Required Longest P2P Time ; Actual Longest P2P Time ;
+-----------------------------------------+-----------------------------------------------------+---------------------------+-------------------------+------------+----------+-----------------------------+---------------------------+-------------------------+
; N/A                                     ; 9.32 MHz ( period = 107.342 ns )                    ; echocount:inst1|count[1]  ; average:inst4|count[13] ; clk        ; clk      ; None                        ; None                      ; 57.888 ns               ;
; N/A                                     ; 9.32 MHz ( period = 107.342 ns )                    ; echocount:inst1|count[1]  ; average:inst4|count[12] ; clk        ; clk      ; None                        ; None                      ; 57.888 ns               ;
; N/A                                     ; 9.32 MHz ( period = 107.296 ns )                    ; echocount:inst1|count[3]  ; average:inst4|count[13] ; clk        ; clk      ; None                        ; None                      ; 57.865 ns               ;
; N/A                                     ; 9.32 MHz ( period = 107.296 ns )                    ; echocount:inst1|count[3]  ; average:inst4|count[12] ; clk        ; clk      ; None                        ; None                      ; 57.865 ns               ;
; N/A                                     ; 9.33 MHz ( period = 107.188 ns )                    ; echocount:inst1|count[1]  ; average:inst4|count[11] ; clk        ; clk      ; None                        ; None                      ; 57.811 ns               ;
; N/A                                     ; 9.33 MHz ( period = 107.188 ns )                    ; echocount:inst1|count[1]  ; average:inst4|count[10] ; clk        ; clk      ; None                        ; None                      ; 57.811 ns               ;
; N/A                                     ; 9.33 MHz ( period = 107.188 ns )                    ; echocount:inst1|count[1]  ; average:inst4|count[9]  ; clk        ; clk      ; None                        ; None                      ; 57.811 ns               ;
; N/A                                     ; 9.33 MHz ( period = 107.188 ns )                    ; echocount:inst1|count[1]  ; average:inst4|count[8]  ; clk        ; clk      ; None                        ; None                      ; 57.811 ns               ;
; N/A                                     ; 9.33 MHz ( period = 107.188 ns )                    ; echocount:inst1|count[1]  ; average:inst4|count[7]  ; clk        ; clk      ; None                        ; None                      ; 57.811 ns               ;
; N/A                                     ; 9.33 MHz ( period = 107.184 ns )                    ; echocount:inst1|count[0]  ; average:inst4|count[13] ; clk        ; clk      ; None                        ; None                      ; 57.809 ns               ;
; N/A                                     ; 9.33 MHz ( period = 107.184 ns )                    ; echocount:inst1|count[0]  ; average:inst4|count[12] ; clk        ; clk      ; None                        ; None                      ; 57.809 ns               ;
; N/A                                     ; 9.33 MHz ( period = 107.142 ns )                    ; echocount:inst1|count[3]  ; average:inst4|count[11] ; clk        ; clk      ; None                        ; None                      ; 57.788 ns               ;
; N/A                                     ; 9.33 MHz ( period = 107.142 ns )                    ; echocount:inst1|count[3]  ; average:inst4|count[10] ; clk        ; clk      ; None                        ; None                      ; 57.788 ns               ;
; N/A                                     ; 9.33 MHz ( period = 107.142 ns )                    ; echocount:inst1|count[3]  ; average:inst4|count[9]  ; clk        ; clk      ; None                        ; None                      ; 57.788 ns               ;
; N/A                                     ; 9.33 MHz ( period = 107.142 ns )                    ; echocount:inst1|count[3]  ; average:inst4|count[8]  ; clk        ; clk      ; None                        ; None                      ; 57.788 ns               ;
; N/A                                     ; 9.33 MHz ( period = 107.142 ns )                    ; echocount:inst1|count[3]  ; average:inst4|count[7]  ; clk        ; clk      ; None                        ; None                      ; 57.788 ns               ;
; N/A                                     ; 9.34 MHz ( period = 107.030 ns )                    ; echocount:inst1|count[0]  ; average:inst4|count[11] ; clk        ; clk      ; None                        ; None                      ; 57.732 ns               ;
; N/A                                     ; 9.34 MHz ( period = 107.030 ns )                    ; echocount:inst1|count[0]  ; average:inst4|count[10] ; clk        ; clk      ; None                        ; None                      ; 57.732 ns               ;
; N/A                                     ; 9.34 MHz ( period = 107.030 ns )                    ; echocount:inst1|count[0]  ; average:inst4|count[9]  ; clk        ; clk      ; None                        ; None                      ; 57.732 ns               ;
; N/A                                     ; 9.34 MHz ( period = 107.030 ns )                    ; echocount:inst1|count[0]  ; average:inst4|count[8]  ; clk        ; clk      ; None                        ; None                      ; 57.732 ns               ;
; N/A                                     ; 9.34 MHz ( period = 107.030 ns )                    ; echocount:inst1|count[0]  ; average:inst4|count[7]  ; clk        ; clk      ; None                        ; None                      ; 57.732 ns               ;
; N/A                                     ; 9.36 MHz ( period = 106.874 ns )                    ; echocount:inst1|count[11] ; average:inst4|count[13] ; clk        ; clk      ; None                        ; None                      ; 57.654 ns               ;
; N/A                                     ; 9.36 MHz ( period = 106.874 ns )                    ; echocount:inst1|count[11] ; average:inst4|count[12] ; clk        ; clk      ; None                        ; None                      ; 57.654 ns               ;
; N/A                                     ; 9.37 MHz ( period = 106.720 ns )                    ; echocount:inst1|count[11] ; average:inst4|count[11] ; clk        ; clk      ; None                        ; None                      ; 57.577 ns               ;
; N/A                                     ; 9.37 MHz ( period = 106.720 ns )                    ; echocount:inst1|count[11] ; average:inst4|count[10] ; clk        ; clk      ; None                        ; None                      ; 57.577 ns               ;
; N/A                                     ; 9.37 MHz ( period = 106.720 ns )                    ; echocount:inst1|count[11] ; average:inst4|count[9]  ; clk        ; clk      ; None                        ; None                      ; 57.577 ns               ;
; N/A                                     ; 9.37 MHz ( period = 106.720 ns )                    ; echocount:inst1|count[11] ; average:inst4|count[8]  ; clk        ; clk      ; None                        ; None                      ; 57.577 ns               ;
; N/A                                     ; 9.37 MHz ( period = 106.720 ns )                    ; echocount:inst1|count[11] ; average:inst4|count[7]  ; clk        ; clk      ; None                        ; None                      ; 57.577 ns               ;
; N/A                                     ; 9.38 MHz ( period = 106.654 ns )                    ; echocount:inst1|count[1]  ; average:inst4|count[4]  ; clk        ; clk      ; None                        ; None                      ; 57.544 ns               ;
; N/A                                     ; 9.38 MHz ( period = 106.654 ns )                    ; echocount:inst1|count[1]  ; average:inst4|count[3]  ; clk        ; clk      ; None                        ; None                      ; 57.544 ns               ;
; N/A                                     ; 9.38 MHz ( period = 106.654 ns )                    ; echocount:inst1|count[1]  ; average:inst4|count[2]  ; clk        ; clk      ; None                        ; None                      ; 57.544 ns               ;
; N/A                                     ; 9.38 MHz ( period = 106.654 ns )                    ; echocount:inst1|count[1]  ; average:inst4|count[6]  ; clk        ; clk      ; None                        ; None                      ; 57.544 ns               ;
; N/A                                     ; 9.38 MHz ( period = 106.654 ns )                    ; echocount:inst1|count[1]  ; average:inst4|count[5]  ; clk        ; clk      ; None                        ; None                      ; 57.544 ns               ;
; N/A                                     ; 9.38 MHz ( period = 106.626 ns )                    ; echocount:inst1|count[7]  ; average:inst4|count[13] ; clk        ; clk      ; None                        ; None                      ; 57.530 ns               ;
; N/A                                     ; 9.38 MHz ( period = 106.626 ns )                    ; echocount:inst1|count[7]  ; average:inst4|count[12] ; clk        ; clk      ; None                        ; None                      ; 57.530 ns               ;
; N/A                                     ; 9.38 MHz ( period = 106.608 ns )                    ; echocount:inst1|count[3]  ; average:inst4|count[4]  ; clk        ; clk      ; None                        ; None                      ; 57.521 ns               ;
; N/A                                     ; 9.38 MHz ( period = 106.608 ns )                    ; echocount:inst1|count[3]  ; average:inst4|count[3]  ; clk        ; clk      ; None                        ; None                      ; 57.521 ns               ;
; N/A                                     ; 9.38 MHz ( period = 106.608 ns )                    ; echocount:inst1|count[3]  ; average:inst4|count[2]  ; clk        ; clk      ; None                        ; None                      ; 57.521 ns               ;
; N/A                                     ; 9.38 MHz ( period = 106.608 ns )                    ; echocount:inst1|count[3]  ; average:inst4|count[6]  ; clk        ; clk      ; None                        ; None                      ; 57.521 ns               ;
; N/A                                     ; 9.38 MHz ( period = 106.608 ns )                    ; echocount:inst1|count[3]  ; average:inst4|count[5]  ; clk        ; clk      ; None                        ; None                      ; 57.521 ns               ;
; N/A                                     ; 9.39 MHz ( period = 106.496 ns )                    ; echocount:inst1|count[0]  ; average:inst4|count[4]  ; clk        ; clk      ; None                        ; None                      ; 57.465 ns               ;
; N/A                                     ; 9.39 MHz ( period = 106.496 ns )                    ; echocount:inst1|count[0]  ; average:inst4|count[3]  ; clk        ; clk      ; None                        ; None                      ; 57.465 ns               ;
; N/A                                     ; 9.39 MHz ( period = 106.496 ns )                    ; echocount:inst1|count[0]  ; average:inst4|count[2]  ; clk        ; clk      ; None                        ; None                      ; 57.465 ns               ;
; N/A                                     ; 9.39 MHz ( period = 106.496 ns )                    ; echocount:inst1|count[0]  ; average:inst4|count[6]  ; clk        ; clk      ; None                        ; None                      ; 57.465 ns               ;
; N/A                                     ; 9.39 MHz ( period = 106.496 ns )                    ; echocount:inst1|count[0]  ; average:inst4|count[5]  ; clk        ; clk      ; None                        ; None                      ; 57.465 ns               ;
; N/A                                     ; 9.39 MHz ( period = 106.472 ns )                    ; echocount:inst1|count[7]  ; average:inst4|count[11] ; clk        ; clk      ; None                        ; None                      ; 57.453 ns               ;
; N/A                                     ; 9.39 MHz ( period = 106.472 ns )                    ; echocount:inst1|count[7]  ; average:inst4|count[10] ; clk        ; clk      ; None                        ; None                      ; 57.453 ns               ;
; N/A                                     ; 9.39 MHz ( period = 106.472 ns )                    ; echocount:inst1|count[7]  ; average:inst4|count[9]  ; clk        ; clk      ; None                        ; None                      ; 57.453 ns               ;
; N/A                                     ; 9.39 MHz ( period = 106.472 ns )                    ; echocount:inst1|count[7]  ; average:inst4|count[8]  ; clk        ; clk      ; None                        ; None                      ; 57.453 ns               ;
; N/A                                     ; 9.39 MHz ( period = 106.472 ns )                    ; echocount:inst1|count[7]  ; average:inst4|count[7]  ; clk        ; clk      ; None                        ; None                      ; 57.453 ns               ;
; N/A                                     ; 9.39 MHz ( period = 106.456 ns )                    ; echocount:inst1|count[9]  ; average:inst4|count[13] ; clk        ; clk      ; None                        ; None                      ; 57.445 ns               ;
; N/A                                     ; 9.39 MHz ( period = 106.456 ns )                    ; echocount:inst1|count[9]  ; average:inst4|count[12] ; clk        ; clk      ; None                        ; None                      ; 57.445 ns               ;
; N/A                                     ; 9.41 MHz ( period = 106.302 ns )                    ; echocount:inst1|count[9]  ; average:inst4|count[11] ; clk        ; clk      ; None                        ; None                      ; 57.368 ns               ;
; N/A                                     ; 9.41 MHz ( period = 106.302 ns )                    ; echocount:inst1|count[9]  ; average:inst4|count[10] ; clk        ; clk      ; None                        ; None                      ; 57.368 ns               ;
; N/A                                     ; 9.41 MHz ( period = 106.302 ns )                    ; echocount:inst1|count[9]  ; average:inst4|count[9]  ; clk        ; clk      ; None                        ; None                      ; 57.368 ns               ;
; N/A                                     ; 9.41 MHz ( period = 106.302 ns )                    ; echocount:inst1|count[9]  ; average:inst4|count[8]  ; clk        ; clk      ; None                        ; None                      ; 57.368 ns               ;
; N/A                                     ; 9.41 MHz ( period = 106.302 ns )                    ; echocount:inst1|count[9]  ; average:inst4|count[7]  ; clk        ; clk      ; None                        ; None                      ; 57.368 ns               ;
; N/A                                     ; 9.41 MHz ( period = 106.284 ns )                    ; echocount:inst1|count[2]  ; average:inst4|count[13] ; clk        ; clk      ; None                        ; None                      ; 57.359 ns               ;
; N/A                                     ; 9.41 MHz ( period = 106.284 ns )                    ; echocount:inst1|count[2]  ; average:inst4|count[12] ; clk        ; clk      ; None                        ; None                      ; 57.359 ns               ;
; N/A                                     ; 9.41 MHz ( period = 106.252 ns )                    ; echocount:inst1|count[8]  ; average:inst4|count[13] ; clk        ; clk      ; None                        ; None                      ; 57.343 ns               ;
; N/A                                     ; 9.41 MHz ( period = 106.252 ns )                    ; echocount:inst1|count[8]  ; average:inst4|count[12] ; clk        ; clk      ; None                        ; None                      ; 57.343 ns               ;
; N/A                                     ; 9.41 MHz ( period = 106.216 ns )                    ; echocount:inst1|count[1]  ; average:inst4|count[1]  ; clk        ; clk      ; None                        ; None                      ; 57.325 ns               ;
; N/A                                     ; 9.42 MHz ( period = 106.186 ns )                    ; echocount:inst1|count[11] ; average:inst4|count[4]  ; clk        ; clk      ; None                        ; None                      ; 57.310 ns               ;
; N/A                                     ; 9.42 MHz ( period = 106.186 ns )                    ; echocount:inst1|count[11] ; average:inst4|count[3]  ; clk        ; clk      ; None                        ; None                      ; 57.310 ns               ;
; N/A                                     ; 9.42 MHz ( period = 106.186 ns )                    ; echocount:inst1|count[11] ; average:inst4|count[2]  ; clk        ; clk      ; None                        ; None                      ; 57.310 ns               ;
; N/A                                     ; 9.42 MHz ( period = 106.186 ns )                    ; echocount:inst1|count[11] ; average:inst4|count[6]  ; clk        ; clk      ; None                        ; None                      ; 57.310 ns               ;
; N/A                                     ; 9.42 MHz ( period = 106.186 ns )                    ; echocount:inst1|count[11] ; average:inst4|count[5]  ; clk        ; clk      ; None                        ; None                      ; 57.310 ns               ;
; N/A                                     ; 9.42 MHz ( period = 106.170 ns )                    ; echocount:inst1|count[3]  ; average:inst4|count[1]  ; clk        ; clk      ; None                        ; None                      ; 57.302 ns               ;
; N/A                                     ; 9.42 MHz ( period = 106.154 ns )                    ; echocount:inst1|count[10] ; average:inst4|count[13] ; clk        ; clk      ; None                        ; None                      ; 57.294 ns               ;
; N/A                                     ; 9.42 MHz ( period = 106.154 ns )                    ; echocount:inst1|count[10] ; average:inst4|count[12] ; clk        ; clk      ; None                        ; None                      ; 57.294 ns               ;
; N/A                                     ; 9.42 MHz ( period = 106.130 ns )                    ; echocount:inst1|count[2]  ; average:inst4|count[11] ; clk        ; clk      ; None                        ; None                      ; 57.282 ns               ;
; N/A                                     ; 9.42 MHz ( period = 106.130 ns )                    ; echocount:inst1|count[2]  ; average:inst4|count[10] ; clk        ; clk      ; None                        ; None                      ; 57.282 ns               ;
; N/A                                     ; 9.42 MHz ( period = 106.130 ns )                    ; echocount:inst1|count[2]  ; average:inst4|count[9]  ; clk        ; clk      ; None                        ; None                      ; 57.282 ns               ;
; N/A                                     ; 9.42 MHz ( period = 106.130 ns )                    ; echocount:inst1|count[2]  ; average:inst4|count[8]  ; clk        ; clk      ; None                        ; None                      ; 57.282 ns               ;
; N/A                                     ; 9.42 MHz ( period = 106.130 ns )                    ; echocount:inst1|count[2]  ; average:inst4|count[7]  ; clk        ; clk      ; None                        ; None                      ; 57.282 ns               ;
; N/A                                     ; 9.42 MHz ( period = 106.128 ns )                    ; echocount:inst1|count[13] ; average:inst4|count[13] ; clk        ; clk      ; None                        ; None                      ; 57.281 ns               ;
; N/A                                     ; 9.42 MHz ( period = 106.128 ns )                    ; echocount:inst1|count[13] ; average:inst4|count[12] ; clk        ; clk      ; None                        ; None                      ; 57.281 ns               ;
; N/A                                     ; 9.43 MHz ( period = 106.098 ns )                    ; echocount:inst1|count[8]  ; average:inst4|count[11] ; clk        ; clk      ; None                        ; None                      ; 57.266 ns               ;
; N/A                                     ; 9.43 MHz ( period = 106.098 ns )                    ; echocount:inst1|count[8]  ; average:inst4|count[10] ; clk        ; clk      ; None                        ; None                      ; 57.266 ns               ;
; N/A                                     ; 9.43 MHz ( period = 106.098 ns )                    ; echocount:inst1|count[8]  ; average:inst4|count[9]  ; clk        ; clk      ; None                        ; None                      ; 57.266 ns               ;
; N/A                                     ; 9.43 MHz ( period = 106.098 ns )                    ; echocount:inst1|count[8]  ; average:inst4|count[8]  ; clk        ; clk      ; None                        ; None                      ; 57.266 ns               ;
; N/A                                     ; 9.43 MHz ( period = 106.098 ns )                    ; echocount:inst1|count[8]  ; average:inst4|count[7]  ; clk        ; clk      ; None                        ; None                      ; 57.266 ns               ;
; N/A                                     ; 9.43 MHz ( period = 106.058 ns )                    ; echocount:inst1|count[0]  ; average:inst4|count[1]  ; clk        ; clk      ; None                        ; None                      ; 57.246 ns               ;
; N/A                                     ; 9.43 MHz ( period = 106.056 ns )                    ; echocount:inst1|count[4]  ; average:inst4|count[13] ; clk        ; clk      ; None                        ; None                      ; 57.245 ns               ;
; N/A                                     ; 9.43 MHz ( period = 106.056 ns )                    ; echocount:inst1|count[4]  ; average:inst4|count[12] ; clk        ; clk      ; None                        ; None                      ; 57.245 ns               ;
; N/A                                     ; 9.43 MHz ( period = 106.034 ns )                    ; echocount:inst1|count[6]  ; average:inst4|count[13] ; clk        ; clk      ; None                        ; None                      ; 57.234 ns               ;
; N/A                                     ; 9.43 MHz ( period = 106.034 ns )                    ; echocount:inst1|count[6]  ; average:inst4|count[12] ; clk        ; clk      ; None                        ; None                      ; 57.234 ns               ;
; N/A                                     ; 9.43 MHz ( period = 106.000 ns )                    ; echocount:inst1|count[10] ; average:inst4|count[11] ; clk        ; clk      ; None                        ; None                      ; 57.217 ns               ;
; N/A                                     ; 9.43 MHz ( period = 106.000 ns )                    ; echocount:inst1|count[10] ; average:inst4|count[10] ; clk        ; clk      ; None                        ; None                      ; 57.217 ns               ;
; N/A                                     ; 9.43 MHz ( period = 106.000 ns )                    ; echocount:inst1|count[10] ; average:inst4|count[9]  ; clk        ; clk      ; None                        ; None                      ; 57.217 ns               ;
; N/A                                     ; 9.43 MHz ( period = 106.000 ns )                    ; echocount:inst1|count[10] ; average:inst4|count[8]  ; clk        ; clk      ; None                        ; None                      ; 57.217 ns               ;
; N/A                                     ; 9.43 MHz ( period = 106.000 ns )                    ; echocount:inst1|count[10] ; average:inst4|count[7]  ; clk        ; clk      ; None                        ; None                      ; 57.217 ns               ;
; N/A                                     ; 9.44 MHz ( period = 105.974 ns )                    ; echocount:inst1|count[14] ; average:inst4|count[13] ; clk        ; clk      ; None                        ; None                      ; 57.204 ns               ;
; N/A                                     ; 9.44 MHz ( period = 105.974 ns )                    ; echocount:inst1|count[14] ; average:inst4|count[12] ; clk        ; clk      ; None                        ; None                      ; 57.204 ns               ;
; N/A                                     ; 9.44 MHz ( period = 105.974 ns )                    ; echocount:inst1|count[13] ; average:inst4|count[11] ; clk        ; clk      ; None                        ; None                      ; 57.204 ns               ;
; N/A                                     ; 9.44 MHz ( period = 105.974 ns )                    ; echocount:inst1|count[13] ; average:inst4|count[10] ; clk        ; clk      ; None                        ; None                      ; 57.204 ns               ;
; N/A                                     ; 9.44 MHz ( period = 105.974 ns )                    ; echocount:inst1|count[13] ; average:inst4|count[9]  ; clk        ; clk      ; None                        ; None                      ; 57.204 ns               ;
; N/A                                     ; 9.44 MHz ( period = 105.974 ns )                    ; echocount:inst1|count[13] ; average:inst4|count[8]  ; clk        ; clk      ; None                        ; None                      ; 57.204 ns               ;
; N/A                                     ; 9.44 MHz ( period = 105.974 ns )                    ; echocount:inst1|count[13] ; average:inst4|count[7]  ; clk        ; clk      ; None                        ; None                      ; 57.204 ns               ;
; N/A                                     ; 9.44 MHz ( period = 105.938 ns )                    ; echocount:inst1|count[7]  ; average:inst4|count[4]  ; clk        ; clk      ; None                        ; None                      ; 57.186 ns               ;
; N/A                                     ; 9.44 MHz ( period = 105.938 ns )                    ; echocount:inst1|count[7]  ; average:inst4|count[3]  ; clk        ; clk      ; None                        ; None                      ; 57.186 ns               ;
; N/A                                     ; 9.44 MHz ( period = 105.938 ns )                    ; echocount:inst1|count[7]  ; average:inst4|count[2]  ; clk        ; clk      ; None                        ; None                      ; 57.186 ns               ;
; N/A                                     ; 9.44 MHz ( period = 105.938 ns )                    ; echocount:inst1|count[7]  ; average:inst4|count[6]  ; clk        ; clk      ; None                        ; None                      ; 57.186 ns               ;
; N/A                                     ; 9.44 MHz ( period = 105.938 ns )                    ; echocount:inst1|count[7]  ; average:inst4|count[5]  ; clk        ; clk      ; None                        ; None                      ; 57.186 ns               ;
; N/A                                     ; 9.44 MHz ( period = 105.902 ns )                    ; echocount:inst1|count[4]  ; average:inst4|count[11] ; clk        ; clk      ; None                        ; None                      ; 57.168 ns               ;
; N/A                                     ; 9.44 MHz ( period = 105.902 ns )                    ; echocount:inst1|count[4]  ; average:inst4|count[10] ; clk        ; clk      ; None                        ; None                      ; 57.168 ns               ;
; N/A                                     ; 9.44 MHz ( period = 105.902 ns )                    ; echocount:inst1|count[4]  ; average:inst4|count[9]  ; clk        ; clk      ; None                        ; None                      ; 57.168 ns               ;
; N/A                                     ; 9.44 MHz ( period = 105.902 ns )                    ; echocount:inst1|count[4]  ; average:inst4|count[8]  ; clk        ; clk      ; None                        ; None                      ; 57.168 ns               ;
; N/A                                     ; 9.44 MHz ( period = 105.902 ns )                    ; echocount:inst1|count[4]  ; average:inst4|count[7]  ; clk        ; clk      ; None                        ; None                      ; 57.168 ns               ;
; N/A                                     ; 9.44 MHz ( period = 105.880 ns )                    ; echocount:inst1|count[6]  ; average:inst4|count[11] ; clk        ; clk      ; None                        ; None                      ; 57.157 ns               ;
; N/A                                     ; 9.44 MHz ( period = 105.880 ns )                    ; echocount:inst1|count[6]  ; average:inst4|count[10] ; clk        ; clk      ; None                        ; None                      ; 57.157 ns               ;
; N/A                                     ; 9.44 MHz ( period = 105.880 ns )                    ; echocount:inst1|count[6]  ; average:inst4|count[9]  ; clk        ; clk      ; None                        ; None                      ; 57.157 ns               ;
; N/A                                     ; 9.44 MHz ( period = 105.880 ns )                    ; echocount:inst1|count[6]  ; average:inst4|count[8]  ; clk        ; clk      ; None                        ; None                      ; 57.157 ns               ;
; N/A                                     ; 9.44 MHz ( period = 105.880 ns )                    ; echocount:inst1|count[6]  ; average:inst4|count[7]  ; clk        ; clk      ; None                        ; None                      ; 57.157 ns               ;
; N/A                                     ; 9.45 MHz ( period = 105.820 ns )                    ; echocount:inst1|count[14] ; average:inst4|count[11] ; clk        ; clk      ; None                        ; None                      ; 57.127 ns               ;
; N/A                                     ; 9.45 MHz ( period = 105.820 ns )                    ; echocount:inst1|count[14] ; average:inst4|count[10] ; clk        ; clk      ; None                        ; None                      ; 57.127 ns               ;
; N/A                                     ; 9.45 MHz ( period = 105.820 ns )                    ; echocount:inst1|count[14] ; average:inst4|count[9]  ; clk        ; clk      ; None                        ; None                      ; 57.127 ns               ;
; N/A                                     ; 9.45 MHz ( period = 105.820 ns )                    ; echocount:inst1|count[14] ; average:inst4|count[8]  ; clk        ; clk      ; None                        ; None                      ; 57.127 ns               ;
; N/A                                     ; 9.45 MHz ( period = 105.820 ns )                    ; echocount:inst1|count[14] ; average:inst4|count[7]  ; clk        ; clk      ; None                        ; None                      ; 57.127 ns               ;
; N/A                                     ; 9.45 MHz ( period = 105.768 ns )                    ; echocount:inst1|count[9]  ; average:inst4|count[4]  ; clk        ; clk      ; None                        ; None                      ; 57.101 ns               ;
; N/A                                     ; 9.45 MHz ( period = 105.768 ns )                    ; echocount:inst1|count[9]  ; average:inst4|count[3]  ; clk        ; clk      ; None                        ; None                      ; 57.101 ns               ;
; N/A                                     ; 9.45 MHz ( period = 105.768 ns )                    ; echocount:inst1|count[9]  ; average:inst4|count[2]  ; clk        ; clk      ; None                        ; None                      ; 57.101 ns               ;
; N/A                                     ; 9.45 MHz ( period = 105.768 ns )                    ; echocount:inst1|count[9]  ; average:inst4|count[6]  ; clk        ; clk      ; None                        ; None                      ; 57.101 ns               ;
; N/A                                     ; 9.45 MHz ( period = 105.768 ns )                    ; echocount:inst1|count[9]  ; average:inst4|count[5]  ; clk        ; clk      ; None                        ; None                      ; 57.101 ns               ;
; N/A                                     ; 9.46 MHz ( period = 105.748 ns )                    ; echocount:inst1|count[11] ; average:inst4|count[1]  ; clk        ; clk      ; None                        ; None                      ; 57.091 ns               ;
; N/A                                     ; 9.47 MHz ( period = 105.596 ns )                    ; echocount:inst1|count[2]  ; average:inst4|count[4]  ; clk        ; clk      ; None                        ; None                      ; 57.015 ns               ;
; N/A                                     ; 9.47 MHz ( period = 105.596 ns )                    ; echocount:inst1|count[2]  ; average:inst4|count[3]  ; clk        ; clk      ; None                        ; None                      ; 57.015 ns               ;
; N/A                                     ; 9.47 MHz ( period = 105.596 ns )                    ; echocount:inst1|count[2]  ; average:inst4|count[2]  ; clk        ; clk      ; None                        ; None                      ; 57.015 ns               ;
; N/A                                     ; 9.47 MHz ( period = 105.596 ns )                    ; echocount:inst1|count[2]  ; average:inst4|count[6]  ; clk        ; clk      ; None                        ; None                      ; 57.015 ns               ;
; N/A                                     ; 9.47 MHz ( period = 105.596 ns )                    ; echocount:inst1|count[2]  ; average:inst4|count[5]  ; clk        ; clk      ; None                        ; None                      ; 57.015 ns               ;
; N/A                                     ; 9.47 MHz ( period = 105.564 ns )                    ; echocount:inst1|count[8]  ; average:inst4|count[4]  ; clk        ; clk      ; None                        ; None                      ; 56.999 ns               ;
; N/A                                     ; 9.47 MHz ( period = 105.564 ns )                    ; echocount:inst1|count[8]  ; average:inst4|count[3]  ; clk        ; clk      ; None                        ; None                      ; 56.999 ns               ;
; N/A                                     ; 9.47 MHz ( period = 105.564 ns )                    ; echocount:inst1|count[8]  ; average:inst4|count[2]  ; clk        ; clk      ; None                        ; None                      ; 56.999 ns               ;
; N/A                                     ; 9.47 MHz ( period = 105.564 ns )                    ; echocount:inst1|count[8]  ; average:inst4|count[6]  ; clk        ; clk      ; None                        ; None                      ; 56.999 ns               ;
; N/A                                     ; 9.47 MHz ( period = 105.564 ns )                    ; echocount:inst1|count[8]  ; average:inst4|count[5]  ; clk        ; clk      ; None                        ; None                      ; 56.999 ns               ;
; N/A                                     ; 9.47 MHz ( period = 105.562 ns )                    ; echocount:inst1|count[5]  ; average:inst4|count[13] ; clk        ; clk      ; None                        ; None                      ; 56.998 ns               ;
; N/A                                     ; 9.47 MHz ( period = 105.562 ns )                    ; echocount:inst1|count[5]  ; average:inst4|count[12] ; clk        ; clk      ; None                        ; None                      ; 56.998 ns               ;
; N/A                                     ; 9.48 MHz ( period = 105.500 ns )                    ; echocount:inst1|count[7]  ; average:inst4|count[1]  ; clk        ; clk      ; None                        ; None                      ; 56.967 ns               ;
; N/A                                     ; 9.48 MHz ( period = 105.466 ns )                    ; echocount:inst1|count[10] ; average:inst4|count[4]  ; clk        ; clk      ; None                        ; None                      ; 56.950 ns               ;
; N/A                                     ; 9.48 MHz ( period = 105.466 ns )                    ; echocount:inst1|count[10] ; average:inst4|count[3]  ; clk        ; clk      ; None                        ; None                      ; 56.950 ns               ;
; N/A                                     ; 9.48 MHz ( period = 105.466 ns )                    ; echocount:inst1|count[10] ; average:inst4|count[2]  ; clk        ; clk      ; None                        ; None                      ; 56.950 ns               ;
; N/A                                     ; 9.48 MHz ( period = 105.466 ns )                    ; echocount:inst1|count[10] ; average:inst4|count[6]  ; clk        ; clk      ; None                        ; None                      ; 56.950 ns               ;
; N/A                                     ; 9.48 MHz ( period = 105.466 ns )                    ; echocount:inst1|count[10] ; average:inst4|count[5]  ; clk        ; clk      ; None                        ; None                      ; 56.950 ns               ;
; N/A                                     ; 9.48 MHz ( period = 105.440 ns )                    ; echocount:inst1|count[13] ; average:inst4|count[4]  ; clk        ; clk      ; None                        ; None                      ; 56.937 ns               ;
; N/A                                     ; 9.48 MHz ( period = 105.440 ns )                    ; echocount:inst1|count[13] ; average:inst4|count[3]  ; clk        ; clk      ; None                        ; None                      ; 56.937 ns               ;
; N/A                                     ; 9.48 MHz ( period = 105.440 ns )                    ; echocount:inst1|count[13] ; average:inst4|count[2]  ; clk        ; clk      ; None                        ; None                      ; 56.937 ns               ;
; N/A                                     ; 9.48 MHz ( period = 105.440 ns )                    ; echocount:inst1|count[13] ; average:inst4|count[6]  ; clk        ; clk      ; None                        ; None                      ; 56.937 ns               ;
; N/A                                     ; 9.48 MHz ( period = 105.440 ns )                    ; echocount:inst1|count[13] ; average:inst4|count[5]  ; clk        ; clk      ; None                        ; None                      ; 56.937 ns               ;
; N/A                                     ; 9.49 MHz ( period = 105.408 ns )                    ; echocount:inst1|count[5]  ; average:inst4|count[11] ; clk        ; clk      ; None                        ; None                      ; 56.921 ns               ;
; N/A                                     ; 9.49 MHz ( period = 105.408 ns )                    ; echocount:inst1|count[5]  ; average:inst4|count[10] ; clk        ; clk      ; None                        ; None                      ; 56.921 ns               ;
; N/A                                     ; 9.49 MHz ( period = 105.408 ns )                    ; echocount:inst1|count[5]  ; average:inst4|count[9]  ; clk        ; clk      ; None                        ; None                      ; 56.921 ns               ;
; N/A                                     ; 9.49 MHz ( period = 105.408 ns )                    ; echocount:inst1|count[5]  ; average:inst4|count[8]  ; clk        ; clk      ; None                        ; None                      ; 56.921 ns               ;
; N/A                                     ; 9.49 MHz ( period = 105.408 ns )                    ; echocount:inst1|count[5]  ; average:inst4|count[7]  ; clk        ; clk      ; None                        ; None                      ; 56.921 ns               ;
; N/A                                     ; 9.49 MHz ( period = 105.368 ns )                    ; echocount:inst1|count[4]  ; average:inst4|count[4]  ; clk        ; clk      ; None                        ; None                      ; 56.901 ns               ;
; N/A                                     ; 9.49 MHz ( period = 105.368 ns )                    ; echocount:inst1|count[4]  ; average:inst4|count[3]  ; clk        ; clk      ; None                        ; None                      ; 56.901 ns               ;
; N/A                                     ; 9.49 MHz ( period = 105.368 ns )                    ; echocount:inst1|count[4]  ; average:inst4|count[2]  ; clk        ; clk      ; None                        ; None                      ; 56.901 ns               ;
; N/A                                     ; 9.49 MHz ( period = 105.368 ns )                    ; echocount:inst1|count[4]  ; average:inst4|count[6]  ; clk        ; clk      ; None                        ; None                      ; 56.901 ns               ;
; N/A                                     ; 9.49 MHz ( period = 105.368 ns )                    ; echocount:inst1|count[4]  ; average:inst4|count[5]  ; clk        ; clk      ; None                        ; None                      ; 56.901 ns               ;
; N/A                                     ; 9.49 MHz ( period = 105.346 ns )                    ; echocount:inst1|count[6]  ; average:inst4|count[4]  ; clk        ; clk      ; None                        ; None                      ; 56.890 ns               ;
; N/A                                     ; 9.49 MHz ( period = 105.346 ns )                    ; echocount:inst1|count[6]  ; average:inst4|count[3]  ; clk        ; clk      ; None                        ; None                      ; 56.890 ns               ;
; N/A                                     ; 9.49 MHz ( period = 105.346 ns )                    ; echocount:inst1|count[6]  ; average:inst4|count[2]  ; clk        ; clk      ; None                        ; None                      ; 56.890 ns               ;
; N/A                                     ; 9.49 MHz ( period = 105.346 ns )                    ; echocount:inst1|count[6]  ; average:inst4|count[6]  ; clk        ; clk      ; None                        ; None                      ; 56.890 ns               ;
; N/A                                     ; 9.49 MHz ( period = 105.346 ns )                    ; echocount:inst1|count[6]  ; average:inst4|count[5]  ; clk        ; clk      ; None                        ; None                      ; 56.890 ns               ;
; N/A                                     ; 9.49 MHz ( period = 105.330 ns )                    ; echocount:inst1|count[9]  ; average:inst4|count[1]  ; clk        ; clk      ; None                        ; None                      ; 56.882 ns               ;
; N/A                                     ; 9.50 MHz ( period = 105.286 ns )                    ; echocount:inst1|count[14] ; average:inst4|count[4]  ; clk        ; clk      ; None                        ; None                      ; 56.860 ns               ;
; N/A                                     ; 9.50 MHz ( period = 105.286 ns )                    ; echocount:inst1|count[14] ; average:inst4|count[3]  ; clk        ; clk      ; None                        ; None                      ; 56.860 ns               ;
; N/A                                     ; 9.50 MHz ( period = 105.286 ns )                    ; echocount:inst1|count[14] ; average:inst4|count[2]  ; clk        ; clk      ; None                        ; None                      ; 56.860 ns               ;
; N/A                                     ; 9.50 MHz ( period = 105.286 ns )                    ; echocount:inst1|count[14] ; average:inst4|count[6]  ; clk        ; clk      ; None                        ; None                      ; 56.860 ns               ;
; N/A                                     ; 9.50 MHz ( period = 105.286 ns )                    ; echocount:inst1|count[14] ; average:inst4|count[5]  ; clk        ; clk      ; None                        ; None                      ; 56.860 ns               ;
; N/A                                     ; 9.51 MHz ( period = 105.162 ns )                    ; echocount:inst1|count[12] ; average:inst4|count[13] ; clk        ; clk      ; None                        ; None                      ; 56.798 ns               ;
; N/A                                     ; 9.51 MHz ( period = 105.162 ns )                    ; echocount:inst1|count[12] ; average:inst4|count[12] ; clk        ; clk      ; None                        ; None                      ; 56.798 ns               ;
; N/A                                     ; 9.51 MHz ( period = 105.158 ns )                    ; echocount:inst1|count[2]  ; average:inst4|count[1]  ; clk        ; clk      ; None                        ; None                      ; 56.796 ns               ;
; N/A                                     ; 9.51 MHz ( period = 105.126 ns )                    ; echocount:inst1|count[8]  ; average:inst4|count[1]  ; clk        ; clk      ; None                        ; None                      ; 56.780 ns               ;
; N/A                                     ; 9.52 MHz ( period = 105.028 ns )                    ; echocount:inst1|count[10] ; average:inst4|count[1]  ; clk        ; clk      ; None                        ; None                      ; 56.731 ns               ;
; N/A                                     ; 9.52 MHz ( period = 105.008 ns )                    ; echocount:inst1|count[12] ; average:inst4|count[11] ; clk        ; clk      ; None                        ; None                      ; 56.721 ns               ;
; N/A                                     ; 9.52 MHz ( period = 105.008 ns )                    ; echocount:inst1|count[12] ; average:inst4|count[10] ; clk        ; clk      ; None                        ; None                      ; 56.721 ns               ;
; N/A                                     ; 9.52 MHz ( period = 105.008 ns )                    ; echocount:inst1|count[12] ; average:inst4|count[9]  ; clk        ; clk      ; None                        ; None                      ; 56.721 ns               ;
; N/A                                     ; 9.52 MHz ( period = 105.008 ns )                    ; echocount:inst1|count[12] ; average:inst4|count[8]  ; clk        ; clk      ; None                        ; None                      ; 56.721 ns               ;
; N/A                                     ; 9.52 MHz ( period = 105.008 ns )                    ; echocount:inst1|count[12] ; average:inst4|count[7]  ; clk        ; clk      ; None                        ; None                      ; 56.721 ns               ;
; N/A                                     ; 9.52 MHz ( period = 105.002 ns )                    ; echocount:inst1|count[13] ; average:inst4|count[1]  ; clk        ; clk      ; None                        ; None                      ; 56.718 ns               ;
; N/A                                     ; 9.53 MHz ( period = 104.968 ns )                    ; echocount:inst1|count[1]  ; average:inst4|count[0]  ; clk        ; clk      ; None                        ; None                      ; 56.701 ns               ;
; N/A                                     ; 9.53 MHz ( period = 104.930 ns )                    ; echocount:inst1|count[4]  ; average:inst4|count[1]  ; clk        ; clk      ; None                        ; None                      ; 56.682 ns               ;
; N/A                                     ; 9.53 MHz ( period = 104.922 ns )                    ; echocount:inst1|count[3]  ; average:inst4|count[0]  ; clk        ; clk      ; None                        ; None                      ; 56.678 ns               ;
; N/A                                     ; 9.53 MHz ( period = 104.908 ns )                    ; echocount:inst1|count[6]  ; average:inst4|count[1]  ; clk        ; clk      ; None                        ; None                      ; 56.671 ns               ;
; N/A                                     ; 9.54 MHz ( period = 104.874 ns )                    ; echocount:inst1|count[5]  ; average:inst4|count[4]  ; clk        ; clk      ; None                        ; None                      ; 56.654 ns               ;
; N/A                                     ; 9.54 MHz ( period = 104.874 ns )                    ; echocount:inst1|count[5]  ; average:inst4|count[3]  ; clk        ; clk      ; None                        ; None                      ; 56.654 ns               ;
; N/A                                     ; 9.54 MHz ( period = 104.874 ns )                    ; echocount:inst1|count[5]  ; average:inst4|count[2]  ; clk        ; clk      ; None                        ; None                      ; 56.654 ns               ;
; N/A                                     ; 9.54 MHz ( period = 104.874 ns )                    ; echocount:inst1|count[5]  ; average:inst4|count[6]  ; clk        ; clk      ; None                        ; None                      ; 56.654 ns               ;
; N/A                                     ; 9.54 MHz ( period = 104.874 ns )                    ; echocount:inst1|count[5]  ; average:inst4|count[5]  ; clk        ; clk      ; None                        ; None                      ; 56.654 ns               ;
; N/A                                     ; 9.54 MHz ( period = 104.848 ns )                    ; echocount:inst1|count[14] ; average:inst4|count[1]  ; clk        ; clk      ; None                        ; None                      ; 56.641 ns               ;
; N/A                                     ; 9.54 MHz ( period = 104.810 ns )                    ; echocount:inst1|count[0]  ; average:inst4|count[0]  ; clk        ; clk      ; None                        ; None                      ; 56.622 ns               ;
; N/A                                     ; 9.57 MHz ( period = 104.500 ns )                    ; echocount:inst1|count[11] ; average:inst4|count[0]  ; clk        ; clk      ; None                        ; None                      ; 56.467 ns               ;
; N/A                                     ; 9.57 MHz ( period = 104.474 ns )                    ; echocount:inst1|count[12] ; average:inst4|count[4]  ; clk        ; clk      ; None                        ; None                      ; 56.454 ns               ;
; N/A                                     ; 9.57 MHz ( period = 104.474 ns )                    ; echocount:inst1|count[12] ; average:inst4|count[3]  ; clk        ; clk      ; None                        ; None                      ; 56.454 ns               ;
; N/A                                     ; 9.57 MHz ( period = 104.474 ns )                    ; echocount:inst1|count[12] ; average:inst4|count[2]  ; clk        ; clk      ; None                        ; None                      ; 56.454 ns               ;
; N/A                                     ; 9.57 MHz ( period = 104.474 ns )                    ; echocount:inst1|count[12] ; average:inst4|count[6]  ; clk        ; clk      ; None                        ; None                      ; 56.454 ns               ;
; N/A                                     ; 9.57 MHz ( period = 104.474 ns )                    ; echocount:inst1|count[12] ; average:inst4|count[5]  ; clk        ; clk      ; None                        ; None                      ; 56.454 ns               ;
; N/A                                     ; 9.58 MHz ( period = 104.436 ns )                    ; echocount:inst1|count[5]  ; average:inst4|count[1]  ; clk        ; clk      ; None                        ; None                      ; 56.435 ns               ;
; N/A                                     ; 9.59 MHz ( period = 104.252 ns )                    ; echocount:inst1|count[7]  ; average:inst4|count[0]  ; clk        ; clk      ; None                        ; None                      ; 56.343 ns               ;
; N/A                                     ; 9.61 MHz ( period = 104.082 ns )                    ; echocount:inst1|count[9]  ; average:inst4|count[0]  ; clk        ; clk      ; None                        ; None                      ; 56.258 ns               ;
; Timing analysis restricted to 200 rows. ; To change the limit use Settings (Assignments menu) ;                           ;                         ;            ;          ;                             ;                           ;                         ;
+-----------------------------------------+-----------------------------------------------------+---------------------------+-------------------------+------------+----------+-----------------------------+---------------------------+-------------------------+


+---------------------------------------------------------------------------------+
; tsu                                                                             ;
+-------+--------------+------------+------+---------------------------+----------+
; Slack ; Required tsu ; Actual tsu ; From ; To                        ; To Clock ;
+-------+--------------+------------+------+---------------------------+----------+
; N/A   ; None         ; 9.931 ns   ; echo ; echocount:inst1|count[5]  ; clk      ;
; N/A   ; None         ; 9.931 ns   ; echo ; echocount:inst1|count[4]  ; clk      ;
; N/A   ; None         ; 9.665 ns   ; echo ; echocount:inst1|count[12] ; clk      ;
; N/A   ; None         ; 9.621 ns   ; echo ; echocount:inst1|count[14] ; clk      ;
; N/A   ; None         ; 9.621 ns   ; echo ; echocount:inst1|count[10] ; clk      ;
; N/A   ; None         ; 9.621 ns   ; echo ; echocount:inst1|count[9]  ; clk      ;
; N/A   ; None         ; 9.621 ns   ; echo ; echocount:inst1|count[13] ; clk      ;
; N/A   ; None         ; 9.621 ns   ; echo ; echocount:inst1|count[7]  ; clk      ;
; N/A   ; None         ; 9.621 ns   ; echo ; echocount:inst1|count[8]  ; clk      ;
; N/A   ; None         ; 9.621 ns   ; echo ; echocount:inst1|count[2]  ; clk      ;
; N/A   ; None         ; 9.621 ns   ; echo ; echocount:inst1|count[6]  ; clk      ;
; N/A   ; None         ; 9.600 ns   ; echo ; echocount:inst1|count[3]  ; clk      ;
; N/A   ; None         ; 9.544 ns   ; echo ; echocount:inst1|count[11] ; clk      ;
; N/A   ; None         ; 8.815 ns   ; echo ; echocount:inst1|count[15] ; clk      ;
; N/A   ; None         ; 8.815 ns   ; echo ; echocount:inst1|count[1]  ; clk      ;
; N/A   ; None         ; 8.815 ns   ; echo ; echocount:inst1|count[0]  ; clk      ;
; N/A   ; None         ; 8.464 ns   ; echo ; echocount:inst1|js[7]     ; clk      ;
; N/A   ; None         ; 8.464 ns   ; echo ; echocount:inst1|js[6]     ; clk      ;
; N/A   ; None         ; 8.464 ns   ; echo ; echocount:inst1|js[2]     ; clk      ;
; N/A   ; None         ; 8.464 ns   ; echo ; echocount:inst1|js[5]     ; clk      ;
; N/A   ; None         ; 8.464 ns   ; echo ; echocount:inst1|js[4]     ; clk      ;
; N/A   ; None         ; 8.464 ns   ; echo ; echocount:inst1|js[3]     ; clk      ;
; N/A   ; None         ; 8.464 ns   ; echo ; echocount:inst1|js[1]     ; clk      ;
; N/A   ; None         ; 8.454 ns   ; echo ; echocount:inst1|js[14]    ; clk      ;
; N/A   ; None         ; 8.454 ns   ; echo ; echocount:inst1|js[10]    ; clk      ;
; N/A   ; None         ; 8.454 ns   ; echo ; echocount:inst1|js[9]     ; clk      ;
; N/A   ; None         ; 8.454 ns   ; echo ; echocount:inst1|js[13]    ; clk      ;
; N/A   ; None         ; 8.454 ns   ; echo ; echocount:inst1|js[12]    ; clk      ;
; N/A   ; None         ; 8.454 ns   ; echo ; echocount:inst1|js[8]     ; clk      ;
; N/A   ; None         ; 8.454 ns   ; echo ; echocount:inst1|js[11]    ; clk      ;
; N/A   ; None         ; 8.454 ns   ; echo ; echocount:inst1|js[15]    ; clk      ;
; N/A   ; None         ; 7.202 ns   ; echo ; echocount:inst1|js[0]     ; clk      ;
+-------+--------------+------------+------+---------------------------+----------+


+---------------------------------------------------------------------------------+
; tco                                                                             ;
+-------+--------------+------------+----------------------+---------+------------+
; Slack ; Required tco ; Actual tco ; From                 ; To      ; From Clock ;
+-------+--------------+------------+----------------------+---------+------------+
; N/A   ; None         ; 14.350 ns  ; voice2:inst7|i       ; voice   ; clk        ;
; N/A   ; None         ; 10.852 ns  ; jishu:inst|trig      ; trig    ; clk        ;
; N/A   ; None         ; 9.911 ns   ; disout:inst3|to7[0]  ; qg      ; clk        ;
; N/A   ; None         ; 9.908 ns   ; disout:inst3|to7[0]  ; qf      ; clk        ;
; N/A   ; None         ; 9.691 ns   ; disout:inst3|to7[3]  ; qg      ; clk        ;
; N/A   ; None         ; 9.684 ns   ; disout:inst3|to7[3]  ; qf      ; clk        ;
; N/A   ; None         ; 9.613 ns   ; disout:inst3|to7[1]  ; qg      ; clk        ;
; N/A   ; None         ; 9.603 ns   ; disout:inst3|to7[1]  ; qf      ; clk        ;
; N/A   ; None         ; 9.590 ns   ; disout:inst3|to7[0]  ; qb      ; clk        ;
; N/A   ; None         ; 9.585 ns   ; disout:inst3|to7[0]  ; qc      ; clk        ;
; N/A   ; None         ; 9.580 ns   ; disout:inst3|to7[0]  ; qa      ; clk        ;
; N/A   ; None         ; 9.479 ns   ; voice:inst6|spks2    ; voice   ; clk        ;
; N/A   ; None         ; 9.443 ns   ; disout:inst3|to7[2]  ; qg      ; clk        ;
; N/A   ; None         ; 9.434 ns   ; disout:inst3|to7[2]  ; qf      ; clk        ;
; N/A   ; None         ; 9.402 ns   ; disout:inst3|to7[1]  ; qd      ; clk        ;
; N/A   ; None         ; 9.394 ns   ; disout:inst3|to7[1]  ; qe      ; clk        ;
; N/A   ; None         ; 9.367 ns   ; disout:inst3|to7[3]  ; qc      ; clk        ;
; N/A   ; None         ; 9.361 ns   ; disout:inst3|to7[3]  ; qb      ; clk        ;
; N/A   ; None         ; 9.360 ns   ; disout:inst3|to7[3]  ; qa      ; clk        ;
; N/A   ; None         ; 9.307 ns   ; disout:inst3|to7[0]  ; qd      ; clk        ;
; N/A   ; None         ; 9.304 ns   ; disout:inst3|to7[0]  ; qe      ; clk        ;
; N/A   ; None         ; 9.287 ns   ; disout:inst3|to7[1]  ; qc      ; clk        ;
; N/A   ; None         ; 9.281 ns   ; disout:inst3|to7[1]  ; qa      ; clk        ;
; N/A   ; None         ; 9.276 ns   ; disout:inst3|to7[1]  ; qb      ; clk        ;
; N/A   ; None         ; 9.122 ns   ; disout:inst3|to7[2]  ; qd      ; clk        ;
; N/A   ; None         ; 9.118 ns   ; disout:inst3|to7[2]  ; qc      ; clk        ;
; N/A   ; None         ; 9.116 ns   ; disout:inst3|to7[2]  ; qe      ; clk        ;
; N/A   ; None         ; 9.112 ns   ; disout:inst3|to7[2]  ; qa      ; clk        ;
; N/A   ; None         ; 9.107 ns   ; disout:inst3|to7[2]  ; qb      ; clk        ;
; N/A   ; None         ; 7.072 ns   ; disout:inst3|to38[0] ; to38[0] ; clk        ;
; N/A   ; None         ; 7.064 ns   ; disout:inst3|to38[1] ; to38[1] ; clk        ;
+-------+--------------+------------+----------------------+---------+------------+


+---------------------------------------------------------------------------------------+
; th                                                                                    ;
+---------------+-------------+-----------+------+---------------------------+----------+
; Minimum Slack ; Required th ; Actual th ; From ; To                        ; To Clock ;
+---------------+-------------+-----------+------+---------------------------+----------+
; N/A           ; None        ; -7.150 ns ; echo ; echocount:inst1|js[0]     ; clk      ;
; N/A           ; None        ; -8.402 ns ; echo ; echocount:inst1|js[14]    ; clk      ;
; N/A           ; None        ; -8.402 ns ; echo ; echocount:inst1|js[10]    ; clk      ;
; N/A           ; None        ; -8.402 ns ; echo ; echocount:inst1|js[9]     ; clk      ;
; N/A           ; None        ; -8.402 ns ; echo ; echocount:inst1|js[13]    ; clk      ;
; N/A           ; None        ; -8.402 ns ; echo ; echocount:inst1|js[12]    ; clk      ;
; N/A           ; None        ; -8.402 ns ; echo ; echocount:inst1|js[8]     ; clk      ;
; N/A           ; None        ; -8.402 ns ; echo ; echocount:inst1|js[11]    ; clk      ;
; N/A           ; None        ; -8.402 ns ; echo ; echocount:inst1|js[15]    ; clk      ;
; N/A           ; None        ; -8.412 ns ; echo ; echocount:inst1|js[7]     ; clk      ;
; N/A           ; None        ; -8.412 ns ; echo ; echocount:inst1|js[6]     ; clk      ;
; N/A           ; None        ; -8.412 ns ; echo ; echocount:inst1|js[2]     ; clk      ;
; N/A           ; None        ; -8.412 ns ; echo ; echocount:inst1|js[5]     ; clk      ;
; N/A           ; None        ; -8.412 ns ; echo ; echocount:inst1|js[4]     ; clk      ;
; N/A           ; None        ; -8.412 ns ; echo ; echocount:inst1|js[3]     ; clk      ;
; N/A           ; None        ; -8.412 ns ; echo ; echocount:inst1|js[1]     ; clk      ;
; N/A           ; None        ; -8.763 ns ; echo ; echocount:inst1|count[15] ; clk      ;
; N/A           ; None        ; -8.763 ns ; echo ; echocount:inst1|count[1]  ; clk      ;
; N/A           ; None        ; -8.763 ns ; echo ; echocount:inst1|count[0]  ; clk      ;
; N/A           ; None        ; -9.492 ns ; echo ; echocount:inst1|count[11] ; clk      ;
; N/A           ; None        ; -9.548 ns ; echo ; echocount:inst1|count[3]  ; clk      ;
; N/A           ; None        ; -9.569 ns ; echo ; echocount:inst1|count[14] ; clk      ;
; N/A           ; None        ; -9.569 ns ; echo ; echocount:inst1|count[10] ; clk      ;
; N/A           ; None        ; -9.569 ns ; echo ; echocount:inst1|count[9]  ; clk      ;
; N/A           ; None        ; -9.569 ns ; echo ; echocount:inst1|count[13] ; clk      ;
; N/A           ; None        ; -9.569 ns ; echo ; echocount:inst1|count[7]  ; clk      ;
; N/A           ; None        ; -9.569 ns ; echo ; echocount:inst1|count[8]  ; clk      ;
; N/A           ; None        ; -9.569 ns ; echo ; echocount:inst1|count[2]  ; clk      ;
; N/A           ; None        ; -9.569 ns ; echo ; echocount:inst1|count[6]  ; clk      ;
; N/A           ; None        ; -9.613 ns ; echo ; echocount:inst1|count[12] ; clk      ;
; N/A           ; None        ; -9.879 ns ; echo ; echocount:inst1|count[5]  ; clk      ;
; N/A           ; None        ; -9.879 ns ; echo ; echocount:inst1|count[4]  ; clk      ;
+---------------+-------------+-----------+------+---------------------------+----------+


+--------------------------+
; Timing Analyzer Messages ;
+--------------------------+
Info: *******************************************************************
Info: Running Quartus II Classic Timing Analyzer
    Info: Version 9.0 Build 184 04/29/2009 Service Pack 1 SJ Web Edition
    Info: Processing started: Fri Dec 22 15:05:49 2017
Info: Command: quartus_tan --read_settings_files=off --write_settings_files=off daocheleida -c daocheleida --timing_analysis_only
Warning: Found pins functioning as undefined clocks and/or memory enables
    Info: Assuming node "clk" is an undefined clock
Warning: Found 2 node(s) in clock paths which may be acting as ripple and/or gated clocks -- node(s) analyzed as buffer(s) resulting in clock skew
    Info: Detected ripple clock "jishu:inst|clr" as buffer
    Info: Detected ripple clock "voice:inst6|spks2" as buffer
Info: Clock "clk" has Internal fmax of 9.32 MHz between source register "echocount:inst1|count[1]" and destination register "average:inst4|count[13]" (period= 107.342 ns)
    Info: + Longest register to register delay is 57.888 ns
        Info: 1: + IC(0.000 ns) + CELL(0.000 ns) = 0.000 ns; Loc. = LC_X29_Y7_N8; Fanout = 3; REG Node = 'echocount:inst1|count[1]'
        Info: 2: + IC(1.262 ns) + CELL(0.564 ns) = 1.826 ns; Loc. = LC_X28_Y6_N3; Fanout = 2; COMB Node = 'distance:inst2|Add0~31'
        Info: 3: + IC(0.000 ns) + CELL(0.178 ns) = 2.004 ns; Loc. = LC_X28_Y6_N4; Fanout = 6; COMB Node = 'distance:inst2|Add0~29'
        Info: 4: + IC(0.000 ns) + CELL(0.208 ns) = 2.212 ns; Loc. = LC_X28_Y6_N9; Fanout = 6; COMB Node = 'distance:inst2|Add0~19'
        Info: 5: + IC(0.000 ns) + CELL(0.679 ns) = 2.891 ns; Loc. = LC_X28_Y5_N2; Fanout = 5; COMB Node = 'distance:inst2|Add0~0'
        Info: 6: + IC(1.231 ns) + CELL(0.575 ns) = 4.697 ns; Loc. = LC_X28_Y7_N8; Fanout = 1; COMB Node = 'distance:inst2|lpm_divide:Div0|lpm_divide_48m:auto_generated|sign_div_unsign_0nh:divider|alt_u_div_kte:divider|add_sub_kec:add_sub_10|add_sub_cella[3]~COUTCOUT1_62'
        Info: 7: + IC(0.000 ns) + CELL(0.608 ns) = 5.305 ns; Loc. = LC_X28_Y7_N9; Fanout = 2; COMB Node = 'distance:inst2|lpm_divide:Div0|lpm_divide_48m:auto_generated|sign_div_unsign_0nh:divider|alt_u_div_kte:divider|add_sub_kec:add_sub_10|add_sub_cella[4]~40'
        Info: 8: + IC(0.424 ns) + CELL(0.564 ns) = 6.293 ns; Loc. = LC_X28_Y7_N0; Fanout = 2; COMB Node = 'distance:inst2|lpm_divide:Div0|lpm_divide_48m:auto_generated|sign_div_unsign_0nh:divider|alt_u_div_kte:divider|add_sub_kec:add_sub_10|add_sub_cella[4]~37'
        Info: 9: + IC(0.000 ns) + CELL(0.078 ns) = 6.371 ns; Loc. = LC_X28_Y7_N1; Fanout = 2; COMB Node = 'distance:inst2|lpm_divide:Div0|lpm_divide_48m:auto_generated|sign_div_unsign_0nh:divider|alt_u_div_kte:divider|add_sub_kec:add_sub_10|add_sub_cella[4]~31'
        Info: 10: + IC(0.000 ns) + CELL(0.078 ns) = 6.449 ns; Loc. = LC_X28_Y7_N2; Fanout = 2; COMB Node = 'distance:inst2|lpm_divide:Div0|lpm_divide_48m:auto_generated|sign_div_unsign_0nh:divider|alt_u_div_kte:divider|add_sub_kec:add_sub_10|add_sub_cella[4]~35'
        Info: 11: + IC(0.000 ns) + CELL(0.078 ns) = 6.527 ns; Loc. = LC_X28_Y7_N3; Fanout = 2; COMB Node = 'distance:inst2|lpm_divide:Div0|lpm_divide_48m:auto_generated|sign_div_unsign_0nh:divider|alt_u_div_kte:divider|add_sub_kec:add_sub_10|add_sub_cella[4]~33'
        Info: 12: + IC(0.000 ns) + CELL(0.178 ns) = 6.705 ns; Loc. = LC_X28_Y7_N4; Fanout = 3; COMB Node = 'distance:inst2|lpm_divide:Div0|lpm_divide_48m:auto_generated|sign_div_unsign_0nh:divider|alt_u_div_kte:divider|add_sub_kec:add_sub_10|add_sub_cella[4]~29'
        Info: 13: + IC(0.000 ns) + CELL(0.621 ns) = 7.326 ns; Loc. = LC_X28_Y7_N7; Fanout = 20; COMB Node = 'distance:inst2|lpm_divide:Div0|lpm_divide_48m:auto_generated|sign_div_unsign_0nh:divider|alt_u_div_kte:divider|add_sub_kec:add_sub_10|add_sub_cella[4]~22'
        Info: 14: + IC(1.526 ns) + CELL(0.114 ns) = 8.966 ns; Loc. = LC_X22_Y7_N6; Fanout = 3; COMB Node = 'distance:inst2|lpm_divide:Div0|lpm_divide_48m:auto_generated|sign_div_unsign_0nh:divider|alt_u_div_kte:divider|StageOut[113]~249'
        Info: 15: + IC(1.126 ns) + CELL(0.564 ns) = 10.656 ns; Loc. = LC_X26_Y7_N1; Fanout = 2; COMB Node = 'distance:inst2|lpm_divide:Div0|lpm_divide_48m:auto_generated|sign_div_unsign_0nh:divider|alt_u_div_kte:divider|add_sub_kec:add_sub_11|add_sub_cella[4]~25'
        Info: 16: + IC(0.000 ns) + CELL(0.078 ns) = 10.734 ns; Loc. = LC_X26_Y7_N2; Fanout = 2; COMB Node = 'distance:inst2|lpm_divide:Div0|lpm_divide_48m:auto_generated|sign_div_unsign_0nh:divider|alt_u_div_kte:divider|add_sub_kec:add_sub_11|add_sub_cella[4]~35'
        Info: 17: + IC(0.000 ns) + CELL(0.078 ns) = 10.812 ns; Loc. = LC_X26_Y7_N3; Fanout = 2; COMB Node = 'distance:inst2|lpm_divide:Div0|lpm_divide_48m:auto_generated|sign_div_unsign_0nh:divider|alt_u_div_kte:divider|add_sub_kec:add_sub_11|add_sub_cella[4]~39'
        Info: 18: + IC(0.000 ns) + CELL(0.178 ns) = 10.990 ns; Loc. = LC_X26_Y7_N4; Fanout = 3; COMB Node = 'distance:inst2|lpm_divide:Div0|lpm_divide_48m:auto_generated|sign_div_unsign_0nh:divider|alt_u_div_kte:divider|add_sub_kec:add_sub_11|add_sub_cella[4]~37'
        Info: 19: + IC(0.000 ns) + CELL(0.621 ns) = 11.611 ns; Loc. = LC_X26_Y7_N8; Fanout = 23; COMB Node = 'distance:inst2|lpm_divide:Div0|lpm_divide_48m:auto_generated|sign_div_unsign_0nh:divider|alt_u_div_kte:divider|add_sub_kec:add_sub_11|add_sub_cella[4]~22'
        Info: 20: + IC(1.636 ns) + CELL(0.114 ns) = 13.361 ns; Loc. = LC_X22_Y5_N9; Fanout = 3; COMB Node = 'distance:inst2|lpm_divide:Div0|lpm_divide_48m:auto_generated|sign_div_unsign_0nh:divider|alt_u_div_kte:divider|StageOut[124]~238'
        Info: 21: + IC(1.221 ns) + CELL(0.564 ns) = 15.146 ns; Loc. = LC_X23_Y7_N1; Fanout = 2; COMB Node = 'distance:inst2|lpm_divide:Div0|lpm_divide_48m:auto_generated|sign_div_unsign_0nh:divider|alt_u_div_kte:divider|add_sub_kec:add_sub_12|add_sub_cella[4]~29'
        Info: 22: + IC(0.000 ns) + CELL(0.078 ns) = 15.224 ns; Loc. = LC_X23_Y7_N2; Fanout = 2; COMB Node = 'distance:inst2|lpm_divide:Div0|lpm_divide_48m:auto_generated|sign_div_unsign_0nh:divider|alt_u_div_kte:divider|add_sub_kec:add_sub_12|add_sub_cella[4]~25'
        Info: 23: + IC(0.000 ns) + CELL(0.078 ns) = 15.302 ns; Loc. = LC_X23_Y7_N3; Fanout = 2; COMB Node = 'distance:inst2|lpm_divide:Div0|lpm_divide_48m:auto_generated|sign_div_unsign_0nh:divider|alt_u_div_kte:divider|add_sub_kec:add_sub_12|add_sub_cella[4]~33'
        Info: 24: + IC(0.000 ns) + CELL(0.178 ns) = 15.480 ns; Loc. = LC_X23_Y7_N4; Fanout = 3; COMB Node = 'distance:inst2|lpm_divide:Div0|lpm_divide_48m:auto_generated|sign_div_unsign_0nh:divider|alt_u_div_kte:divider|add_sub_kec:add_sub_12|add_sub_cella[4]~37'
        Info: 25: + IC(0.000 ns) + CELL(0.621 ns) = 16.101 ns; Loc. = LC_X23_Y7_N8; Fanout = 23; COMB Node = 'distance:inst2|lpm_divide:Div0|lpm_divide_48m:auto_generated|sign_div_unsign_0nh:divider|alt_u_div_kte:divider|add_sub_kec:add_sub_12|add_sub_cella[4]~22'
        Info: 26: + IC(1.309 ns) + CELL(0.292 ns) = 17.702 ns; Loc. = LC_X22_Y5_N0; Fanout = 3; COMB Node = 'distance:inst2|lpm_divide:Div0|lpm_divide_48m:auto_generated|sign_div_unsign_0nh:divider|alt_u_div_kte:divider|StageOut[136]~215'
        Info: 27: + IC(1.209 ns) + CELL(0.564 ns) = 19.475 ns; Loc. = LC_X23_Y8_N2; Fanout = 2; COMB Node = 'distance:inst2|lpm_divide:Div0|lpm_divide_48m:auto_generated|sign_div_unsign_0nh:divider|alt_u_div_kte:divider|add_sub_kec:add_sub_13|add_sub_cella[4]~29'
        Info: 28: + IC(0.000 ns) + CELL(0.078 ns) = 19.553 ns; Loc. = LC_X23_Y8_N3; Fanout = 2; COMB Node = 'distance:inst2|lpm_divide:Div0|lpm_divide_48m:auto_generated|sign_div_unsign_0nh:divider|alt_u_div_kte:divider|add_sub_kec:add_sub_13|add_sub_cella[4]~25'
        Info: 29: + IC(0.000 ns) + CELL(0.178 ns) = 19.731 ns; Loc. = LC_X23_Y8_N4; Fanout = 3; COMB Node = 'distance:inst2|lpm_divide:Div0|lpm_divide_48m:auto_generated|sign_div_unsign_0nh:divider|alt_u_div_kte:divider|add_sub_kec:add_sub_13|add_sub_cella[4]~33'
        Info: 30: + IC(0.000 ns) + CELL(0.621 ns) = 20.352 ns; Loc. = LC_X23_Y8_N8; Fanout = 23; COMB Node = 'distance:inst2|lpm_divide:Div0|lpm_divide_48m:auto_generated|sign_div_unsign_0nh:divider|alt_u_div_kte:divider|add_sub_kec:add_sub_13|add_sub_cella[4]~22'
        Info: 31: + IC(1.580 ns) + CELL(0.114 ns) = 22.046 ns; Loc. = LC_X25_Y7_N3; Fanout = 2; COMB Node = 'distance:inst2|lpm_divide:Div0|lpm_divide_48m:auto_generated|sign_div_unsign_0nh:divider|alt_u_div_kte:divider|StageOut[152]~506'
        Info: 32: + IC(1.548 ns) + CELL(0.432 ns) = 24.026 ns; Loc. = LC_X23_Y6_N7; Fanout = 1; COMB Node = 'distance:inst2|lpm_divide:Div0|lpm_divide_48m:auto_generated|sign_div_unsign_0nh:divider|alt_u_div_kte:divider|add_sub_kec:add_sub_14|add_sub_cella[4]~27COUT1_65'
        Info: 33: + IC(0.000 ns) + CELL(0.608 ns) = 24.634 ns; Loc. = LC_X23_Y6_N8; Fanout = 23; COMB Node = 'distance:inst2|lpm_divide:Div0|lpm_divide_48m:auto_generated|sign_div_unsign_0nh:divider|alt_u_div_kte:divider|add_sub_kec:add_sub_14|add_sub_cella[4]~22'
        Info: 34: + IC(1.302 ns) + CELL(0.292 ns) = 26.228 ns; Loc. = LC_X22_Y7_N2; Fanout = 4; COMB Node = 'distance:inst2|lpm_divide:Div0|lpm_divide_48m:auto_generated|sign_div_unsign_0nh:divider|alt_u_div_kte:divider|StageOut[161]~487'
        Info: 35: + IC(1.489 ns) + CELL(0.432 ns) = 28.149 ns; Loc. = LC_X24_Y5_N5; Fanout = 2; COMB Node = 'distance:inst2|lpm_divide:Div0|lpm_divide_48m:auto_generated|sign_div_unsign_0nh:divider|alt_u_div_kte:divider|add_sub_kec:add_sub_15|add_sub_cella[4]~25COUT1_61'
        Info: 36: + IC(0.000 ns) + CELL(0.080 ns) = 28.229 ns; Loc. = LC_X24_Y5_N6; Fanout = 1; COMB Node = 'distance:inst2|lpm_divide:Div0|lpm_divide_48m:auto_generated|sign_div_unsign_0nh:divider|alt_u_div_kte:divider|add_sub_kec:add_sub_15|add_sub_cella[4]~31COUT1_63'
        Info: 37: + IC(0.000 ns) + CELL(0.080 ns) = 28.309 ns; Loc. = LC_X24_Y5_N7; Fanout = 1; COMB Node = 'distance:inst2|lpm_divide:Div0|lpm_divide_48m:auto_generated|sign_div_unsign_0nh:divider|alt_u_div_kte:divider|add_sub_kec:add_sub_15|add_sub_cella[4]~27COUT1_65'
        Info: 38: + IC(0.000 ns) + CELL(0.608 ns) = 28.917 ns; Loc. = LC_X24_Y5_N8; Fanout = 22; COMB Node = 'distance:inst2|lpm_divide:Div0|lpm_divide_48m:auto_generated|sign_div_unsign_0nh:divider|alt_u_div_kte:divider|add_sub_kec:add_sub_15|add_sub_cella[4]~22'
        Info: 39: + IC(1.585 ns) + CELL(0.114 ns) = 30.616 ns; Loc. = LC_X22_Y7_N5; Fanout = 4; COMB Node = 'distance:inst2|lpm_divide:Div0|lpm_divide_48m:auto_generated|sign_div_unsign_0nh:divider|alt_u_div_kte:divider|StageOut[173]~488'
        Info: 40: + IC(1.530 ns) + CELL(0.432 ns) = 32.578 ns; Loc. = LC_X26_Y5_N6; Fanout = 1; COMB Node = 'distance:inst2|lpm_divide:Div0|lpm_divide_48m:auto_generated|sign_div_unsign_0nh:divider|alt_u_div_kte:divider|add_sub_kec:add_sub_16|add_sub_cella[4]~25COUT1_63'
        Info: 41: + IC(0.000 ns) + CELL(0.080 ns) = 32.658 ns; Loc. = LC_X26_Y5_N7; Fanout = 1; COMB Node = 'distance:inst2|lpm_divide:Div0|lpm_divide_48m:auto_generated|sign_div_unsign_0nh:divider|alt_u_div_kte:divider|add_sub_kec:add_sub_16|add_sub_cella[4]~27COUT1_65'
        Info: 42: + IC(0.000 ns) + CELL(0.608 ns) = 33.266 ns; Loc. = LC_X26_Y5_N8; Fanout = 23; COMB Node = 'distance:inst2|lpm_divide:Div0|lpm_divide_48m:auto_generated|sign_div_unsign_0nh:divider|alt_u_div_kte:divider|add_sub_kec:add_sub_16|add_sub_cella[4]~22'
        Info: 43: + IC(1.329 ns) + CELL(0.114 ns) = 34.709 ns; Loc. = LC_X27_Y9_N6; Fanout = 3; COMB Node = 'distance:inst2|lpm_divide:Div0|lpm_divide_48m:auto_generated|sign_div_unsign_0nh:divider|alt_u_div_kte:divider|StageOut[179]~128'
        Info: 44: + IC(1.211 ns) + CELL(0.564 ns) = 36.484 ns; Loc. = LC_X26_Y6_N1; Fanout = 2; COMB Node = 'distance:inst2|lpm_divide:Div0|lpm_divide_48m:auto_generated|sign_div_unsign_0nh:divider|alt_u_div_kte:divider|add_sub_kec:add_sub_17|add_sub_cella[4]~37'
        Info: 45: + IC(0.000 ns) + CELL(0.078 ns) = 36.562 ns; Loc. = LC_X26_Y6_N2; Fanout = 2; COMB Node = 'distance:inst2|lpm_divide:Div0|lpm_divide_48m:auto_generated|sign_div_unsign_0nh:divider|alt_u_div_kte:divider|add_sub_kec:add_sub_17|add_sub_cella[4]~35'
        Info: 46: + IC(0.000 ns) + CELL(0.078 ns) = 36.640 ns; Loc. = LC_X26_Y6_N3; Fanout = 2; COMB Node = 'distance:inst2|lpm_divide:Div0|lpm_divide_48m:auto_generated|sign_div_unsign_0nh:divider|alt_u_div_kte:divider|add_sub_kec:add_sub_17|add_sub_cella[4]~33'
        Info: 47: + IC(0.000 ns) + CELL(0.178 ns) = 36.818 ns; Loc. = LC_X26_Y6_N4; Fanout = 3; COMB Node = 'distance:inst2|lpm_divide:Div0|lpm_divide_48m:auto_generated|sign_div_unsign_0nh:divider|alt_u_div_kte:divider|add_sub_kec:add_sub_17|add_sub_cella[4]~31'
        Info: 48: + IC(0.000 ns) + CELL(0.621 ns) = 37.439 ns; Loc. = LC_X26_Y6_N8; Fanout = 23; COMB Node = 'distance:inst2|lpm_divide:Div0|lpm_divide_48m:auto_generated|sign_div_unsign_0nh:divider|alt_u_div_kte:divider|add_sub_kec:add_sub_17|add_sub_cella[4]~22'
        Info: 49: + IC(1.620 ns) + CELL(0.114 ns) = 39.173 ns; Loc. = LC_X24_Y9_N2; Fanout = 3; COMB Node = 'distance:inst2|lpm_divide:Div0|lpm_divide_48m:auto_generated|sign_div_unsign_0nh:divider|alt_u_div_kte:divider|StageOut[190]~106'
        Info: 50: + IC(1.121 ns) + CELL(0.564 ns) = 40.858 ns; Loc. = LC_X26_Y9_N1; Fanout = 2; COMB Node = 'distance:inst2|lpm_divide:Div0|lpm_divide_48m:auto_generated|sign_div_unsign_0nh:divider|alt_u_div_kte:divider|add_sub_kec:add_sub_18|add_sub_cella[4]~37'
        Info: 51: + IC(0.000 ns) + CELL(0.078 ns) = 40.936 ns; Loc. = LC_X26_Y9_N2; Fanout = 2; COMB Node = 'distance:inst2|lpm_divide:Div0|lpm_divide_48m:auto_generated|sign_div_unsign_0nh:divider|alt_u_div_kte:divider|add_sub_kec:add_sub_18|add_sub_cella[4]~35'
        Info: 52: + IC(0.000 ns) + CELL(0.078 ns) = 41.014 ns; Loc. = LC_X26_Y9_N3; Fanout = 2; COMB Node = 'distance:inst2|lpm_divide:Div0|lpm_divide_48m:auto_generated|sign_div_unsign_0nh:divider|alt_u_div_kte:divider|add_sub_kec:add_sub_18|add_sub_cella[4]~33'
        Info: 53: + IC(0.000 ns) + CELL(0.178 ns) = 41.192 ns; Loc. = LC_X26_Y9_N4; Fanout = 3; COMB Node = 'distance:inst2|lpm_divide:Div0|lpm_divide_48m:auto_generated|sign_div_unsign_0nh:divider|alt_u_div_kte:divider|add_sub_kec:add_sub_18|add_sub_cella[4]~31'
        Info: 54: + IC(0.000 ns) + CELL(0.621 ns) = 41.813 ns; Loc. = LC_X26_Y9_N8; Fanout = 23; COMB Node = 'distance:inst2|lpm_divide:Div0|lpm_divide_48m:auto_generated|sign_div_unsign_0nh:divider|alt_u_div_kte:divider|add_sub_kec:add_sub_18|add_sub_cella[4]~22'
        Info: 55: + IC(1.248 ns) + CELL(0.114 ns) = 43.175 ns; Loc. = LC_X27_Y5_N2; Fanout = 4; COMB Node = 'distance:inst2|lpm_divide:Div0|lpm_divide_48m:auto_generated|sign_div_unsign_0nh:divider|alt_u_div_kte:divider|StageOut[205]~526'
        Info: 56: + IC(1.973 ns) + CELL(0.432 ns) = 45.580 ns; Loc. = LC_X25_Y10_N5; Fanout = 2; COMB Node = 'distance:inst2|lpm_divide:Div0|lpm_divide_48m:auto_generated|sign_div_unsign_0nh:divider|alt_u_div_kte:divider|add_sub_kec:add_sub_19|add_sub_cella[4]~29COUT1_61'
        Info: 57: + IC(0.000 ns) + CELL(0.080 ns) = 45.660 ns; Loc. = LC_X25_Y10_N6; Fanout = 1; COMB Node = 'distance:inst2|lpm_divide:Div0|lpm_divide_48m:auto_generated|sign_div_unsign_0nh:divider|alt_u_div_kte:divider|add_sub_kec:add_sub_19|add_sub_cella[4]~27COUT1_63'
        Info: 58: + IC(0.000 ns) + CELL(0.080 ns) = 45.740 ns; Loc. = LC_X25_Y10_N7; Fanout = 1; COMB Node = 'distance:inst2|lpm_divide:Div0|lpm_divide_48m:auto_generated|sign_div_unsign_0nh:divider|alt_u_div_kte:divider|add_sub_kec:add_sub_19|add_sub_cella[4]~25COUT1_65'
        Info: 59: + IC(0.000 ns) + CELL(0.608 ns) = 46.348 ns; Loc. = LC_X25_Y10_N8; Fanout = 23; COMB Node = 'distance:inst2|lpm_divide:Div0|lpm_divide_48m:auto_generated|sign_div_unsign_0nh:divider|alt_u_div_kte:divider|add_sub_kec:add_sub_19|add_sub_cella[4]~22'
        Info: 60: + IC(1.350 ns) + CELL(0.114 ns) = 47.812 ns; Loc. = LC_X24_Y11_N2; Fanout = 3; COMB Node = 'distance:inst2|lpm_divide:Div0|lpm_divide_48m:auto_generated|sign_div_unsign_0nh:divider|alt_u_div_kte:divider|StageOut[212]~51'
        Info: 61: + IC(1.261 ns) + CELL(0.564 ns) = 49.637 ns; Loc. = LC_X25_Y9_N1; Fanout = 2; COMB Node = 'distance:inst2|lpm_divide:Div0|lpm_divide_48m:auto_generated|sign_div_unsign_0nh:divider|alt_u_div_kte:divider|add_sub_kec:add_sub_20|add_sub_cella[4]~37'
        Info: 62: + IC(0.000 ns) + CELL(0.078 ns) = 49.715 ns; Loc. = LC_X25_Y9_N2; Fanout = 2; COMB Node = 'distance:inst2|lpm_divide:Div0|lpm_divide_48m:auto_generated|sign_div_unsign_0nh:divider|alt_u_div_kte:divider|add_sub_kec:add_sub_20|add_sub_cella[4]~35'
        Info: 63: + IC(0.000 ns) + CELL(0.078 ns) = 49.793 ns; Loc. = LC_X25_Y9_N3; Fanout = 2; COMB Node = 'distance:inst2|lpm_divide:Div0|lpm_divide_48m:auto_generated|sign_div_unsign_0nh:divider|alt_u_div_kte:divider|add_sub_kec:add_sub_20|add_sub_cella[4]~33'
        Info: 64: + IC(0.000 ns) + CELL(0.178 ns) = 49.971 ns; Loc. = LC_X25_Y9_N4; Fanout = 3; COMB Node = 'distance:inst2|lpm_divide:Div0|lpm_divide_48m:auto_generated|sign_div_unsign_0nh:divider|alt_u_div_kte:divider|add_sub_kec:add_sub_20|add_sub_cella[4]~31'
        Info: 65: + IC(0.000 ns) + CELL(0.621 ns) = 50.592 ns; Loc. = LC_X25_Y9_N8; Fanout = 18; COMB Node = 'distance:inst2|lpm_divide:Div0|lpm_divide_48m:auto_generated|sign_div_unsign_0nh:divider|alt_u_div_kte:divider|add_sub_kec:add_sub_20|add_sub_cella[4]~22'
        Info: 66: + IC(1.344 ns) + CELL(0.114 ns) = 52.050 ns; Loc. = LC_X26_Y12_N4; Fanout = 2; COMB Node = 'distance:inst2|lpm_divide:Div0|lpm_divide_48m:auto_generated|sign_div_unsign_0nh:divider|alt_u_div_kte:divider|StageOut[222]~41'
        Info: 67: + IC(1.221 ns) + CELL(0.564 ns) = 53.835 ns; Loc. = LC_X25_Y11_N0; Fanout = 1; COMB Node = 'distance:inst2|lpm_divide:Div0|lpm_divide_48m:auto_generated|sign_div_unsign_0nh:divider|alt_u_div_kte:divider|add_sub_kec:add_sub_21|add_sub_cella[4]~39'
        Info: 68: + IC(0.000 ns) + CELL(0.078 ns) = 53.913 ns; Loc. = LC_X25_Y11_N1; Fanout = 1; COMB Node = 'distance:inst2|lpm_divide:Div0|lpm_divide_48m:auto_generated|sign_div_unsign_0nh:divider|alt_u_div_kte:divider|add_sub_kec:add_sub_21|add_sub_cella[4]~37'
        Info: 69: + IC(0.000 ns) + CELL(0.078 ns) = 53.991 ns; Loc. = LC_X25_Y11_N2; Fanout = 1; COMB Node = 'distance:inst2|lpm_divide:Div0|lpm_divide_48m:auto_generated|sign_div_unsign_0nh:divider|alt_u_div_kte:divider|add_sub_kec:add_sub_21|add_sub_cella[4]~35'
        Info: 70: + IC(0.000 ns) + CELL(0.078 ns) = 54.069 ns; Loc. = LC_X25_Y11_N3; Fanout = 1; COMB Node = 'distance:inst2|lpm_divide:Div0|lpm_divide_48m:auto_generated|sign_div_unsign_0nh:divider|alt_u_div_kte:divider|add_sub_kec:add_sub_21|add_sub_cella[4]~33'
        Info: 71: + IC(0.000 ns) + CELL(0.178 ns) = 54.247 ns; Loc. = LC_X25_Y11_N4; Fanout = 1; COMB Node = 'distance:inst2|lpm_divide:Div0|lpm_divide_48m:auto_generated|sign_div_unsign_0nh:divider|alt_u_div_kte:divider|add_sub_kec:add_sub_21|add_sub_cella[4]~31'
        Info: 72: + IC(0.000 ns) + CELL(0.621 ns) = 54.868 ns; Loc. = LC_X25_Y11_N8; Fanout = 3; COMB Node = 'distance:inst2|lpm_divide:Div0|lpm_divide_48m:auto_generated|sign_div_unsign_0nh:divider|alt_u_div_kte:divider|add_sub_kec:add_sub_21|add_sub_cella[4]~22'
        Info: 73: + IC(1.095 ns) + CELL(0.564 ns) = 56.527 ns; Loc. = LC_X23_Y11_N3; Fanout = 2; COMB Node = 'average:inst4|count[0]~41'
        Info: 74: + IC(0.000 ns) + CELL(0.178 ns) = 56.705 ns; Loc. = LC_X23_Y11_N4; Fanout = 6; COMB Node = 'average:inst4|count[1]~39'
        Info: 75: + IC(0.000 ns) + CELL(0.208 ns) = 56.913 ns; Loc. = LC_X23_Y11_N9; Fanout = 6; COMB Node = 'average:inst4|count[6]~33'
        Info: 76: + IC(0.000 ns) + CELL(0.136 ns) = 57.049 ns; Loc. = LC_X23_Y10_N4; Fanout = 2; COMB Node = 'average:inst4|count[11]~23'
        Info: 77: + IC(0.000 ns) + CELL(0.839 ns) = 57.888 ns; Loc. = LC_X23_Y10_N6; Fanout = 5; REG Node = 'average:inst4|count[13]'
        Info: Total cell delay = 23.137 ns ( 39.97 % )
        Info: Total interconnect delay = 34.751 ns ( 60.03 % )
    Info: - Smallest clock skew is 4.478 ns
        Info: + Shortest clock path from clock "clk" to destination register is 7.387 ns
            Info: 1: + IC(0.000 ns) + CELL(1.469 ns) = 1.469 ns; Loc. = PIN_28; Fanout = 92; CLK Node = 'clk'
            Info: 2: + IC(0.745 ns) + CELL(0.935 ns) = 3.149 ns; Loc. = LC_X8_Y10_N2; Fanout = 30; REG Node = 'jishu:inst|clr'
            Info: 3: + IC(3.527 ns) + CELL(0.711 ns) = 7.387 ns; Loc. = LC_X23_Y10_N6; Fanout = 5; REG Node = 'average:inst4|count[13]'
            Info: Total cell delay = 3.115 ns ( 42.17 % )
            Info: Total interconnect delay = 4.272 ns ( 57.83 % )
        Info: - Longest clock path from clock "clk" to source register is 2.909 ns
            Info: 1: + IC(0.000 ns) + CELL(1.469 ns) = 1.469 ns; Loc. = PIN_28; Fanout = 92; CLK Node = 'clk'
            Info: 2: + IC(0.729 ns) + CELL(0.711 ns) = 2.909 ns; Loc. = LC_X29_Y7_N8; Fanout = 3; REG Node = 'echocount:inst1|count[1]'
            Info: Total cell delay = 2.180 ns ( 74.94 % )
            Info: Total interconnect delay = 0.729 ns ( 25.06 % )
    Info: + Micro clock to output delay of source is 0.224 ns
    Info: + Micro setup delay of destination is 0.037 ns
    Info: Delay path is controlled by inverted clocks -- if clock duty cycle is 50%, fmax is divided by two
Info: tsu for register "echocount:inst1|count[5]" (data pin = "echo", clock pin = "clk") is 9.931 ns
    Info: + Longest pin to register delay is 12.803 ns
        Info: 1: + IC(0.000 ns) + CELL(1.469 ns) = 1.469 ns; Loc. = PIN_58; Fanout = 17; PIN Node = 'echo'
        Info: 2: + IC(8.305 ns) + CELL(0.590 ns) = 10.364 ns; Loc. = LC_X29_Y7_N4; Fanout = 16; COMB Node = 'echocount:inst1|count[4]~32'
        Info: 3: + IC(1.572 ns) + CELL(0.867 ns) = 12.803 ns; Loc. = LC_X28_Y6_N0; Fanout = 6; REG Node = 'echocount:inst1|count[5]'
        Info: Total cell delay = 2.926 ns ( 22.85 % )
        Info: Total interconnect delay = 9.877 ns ( 77.15 % )
    Info: + Micro setup delay of destination is 0.037 ns
    Info: - Shortest clock path from clock "clk" to destination register is 2.909 ns
        Info: 1: + IC(0.000 ns) + CELL(1.469 ns) = 1.469 ns; Loc. = PIN_28; Fanout = 92; CLK Node = 'clk'
        Info: 2: + IC(0.729 ns) + CELL(0.711 ns) = 2.909 ns; Loc. = LC_X28_Y6_N0; Fanout = 6; REG Node = 'echocount:inst1|count[5]'
        Info: Total cell delay = 2.180 ns ( 74.94 % )
        Info: Total interconnect delay = 0.729 ns ( 25.06 % )
Info: tco from clock "clk" to destination pin "voice" through register "voice2:inst7|i" is 14.350 ns
    Info: + Longest clock path from clock "clk" to source register is 9.042 ns
        Info: 1: + IC(0.000 ns) + CELL(1.469 ns) = 1.469 ns; Loc. = PIN_28; Fanout = 92; CLK Node = 'clk'
        Info: 2: + IC(0.782 ns) + CELL(0.935 ns) = 3.186 ns; Loc. = LC_X19_Y17_N6; Fanout = 13; REG Node = 'voice:inst6|spks2'
        Info: 3: + IC(5.145 ns) + CELL(0.711 ns) = 9.042 ns; Loc. = LC_X25_Y15_N7; Fanout = 2; REG Node = 'voice2:inst7|i'
        Info: Total cell delay = 3.115 ns ( 34.45 % )
        Info: Total interconnect delay = 5.927 ns ( 65.55 % )
    Info: + Micro clock to output delay of source is 0.224 ns
    Info: + Longest register to pin delay is 5.084 ns
        Info: 1: + IC(0.000 ns) + CELL(0.000 ns) = 0.000 ns; Loc. = LC_X25_Y15_N7; Fanout = 2; REG Node = 'voice2:inst7|i'
        Info: 2: + IC(0.549 ns) + CELL(0.292 ns) = 0.841 ns; Loc. = LC_X25_Y15_N6; Fanout = 1; COMB Node = 'voice2:inst7|voice'
        Info: 3: + IC(2.135 ns) + CELL(2.108 ns) = 5.084 ns; Loc. = PIN_201; Fanout = 0; PIN Node = 'voice'
        Info: Total cell delay = 2.400 ns ( 47.21 % )
        Info: Total interconnect delay = 2.684 ns ( 52.79 % )
Info: th for register "echocount:inst1|js[0]" (data pin = "echo", clock pin = "clk") is -7.150 ns
    Info: + Longest clock path from clock "clk" to destination register is 2.909 ns
        Info: 1: + IC(0.000 ns) + CELL(1.469 ns) = 1.469 ns; Loc. = PIN_28; Fanout = 92; CLK Node = 'clk'
        Info: 2: + IC(0.729 ns) + CELL(0.711 ns) = 2.909 ns; Loc. = LC_X29_Y7_N2; Fanout = 6; REG Node = 'echocount:inst1|js[0]'
        Info: Total cell delay = 2.180 ns ( 74.94 % )
        Info: Total interconnect delay = 0.729 ns ( 25.06 % )
    Info: + Micro hold delay of destination is 0.015 ns
    Info: - Shortest pin to register delay is 10.074 ns
        Info: 1: + IC(0.000 ns) + CELL(1.469 ns) = 1.469 ns; Loc. = PIN_58; Fanout = 17; PIN Node = 'echo'
        Info: 2: + IC(8.296 ns) + CELL(0.309 ns) = 10.074 ns; Loc. = LC_X29_Y7_N2; Fanout = 6; REG Node = 'echocount:inst1|js[0]'
        Info: Total cell delay = 1.778 ns ( 17.65 % )
        Info: Total interconnect delay = 8.296 ns ( 82.35 % )
Info: Quartus II Classic Timing Analyzer was successful. 0 errors, 2 warnings
    Info: Peak virtual memory: 171 megabytes
    Info: Processing ended: Fri Dec 22 15:05:50 2017
    Info: Elapsed time: 00:00:01
    Info: Total CPU time (on all processors): 00:00:01


