Analysis & Synthesis report for GPR_group
Sat Jan 06 00:45:52 2018
Quartus II Version 9.0 Build 184 04/29/2009 Service Pack 1 SJ Web Edition


---------------------
; Table of Contents ;
---------------------
  1. Legal Notice
  2. Analysis & Synthesis Summary
  3. Analysis & Synthesis Settings
  4. Analysis & Synthesis Source Files Read
  5. Analysis & Synthesis Resource Usage Summary
  6. Analysis & Synthesis Resource Utilization by Entity
  7. General Register Statistics
  8. Inverted Register Statistics
  9. Multiplexer Restructuring Statistics (Restructuring Performed)
 10. Analysis & Synthesis Messages



----------------
; Legal Notice ;
----------------
Copyright (C) 1991-2009 Altera Corporation
Your use of Altera Corporation's design tools, logic functions 
and other software and tools, and its AMPP partner logic 
functions, and any output files from any of the foregoing 
(including device programming or simulation files), and any 
associated documentation or information are expressly subject 
to the terms and conditions of the Altera Program License 
Subscription Agreement, Altera MegaCore Function License 
Agreement, or other applicable license agreement, including, 
without limitation, that your use is for the sole purpose of 
programming logic devices manufactured by Altera and sold by 
Altera or its authorized distributors.  Please refer to the 
applicable agreement for further details.



+-----------------------------------------------------------------------------------+
; Analysis & Synthesis Summary                                                      ;
+------------------------------------+----------------------------------------------+
; Analysis & Synthesis Status        ; Successful - Sat Jan 06 00:45:52 2018        ;
; Quartus II Version                 ; 9.0 Build 184 04/29/2009 SP 1 SJ Web Edition ;
; Revision Name                      ; GPR_group                                    ;
; Top-level Entity Name              ; GPR_group                                    ;
; Family                             ; Cyclone II                                   ;
; Total logic elements               ; 59                                           ;
;     Total combinational functions  ; 42                                           ;
;     Dedicated logic registers      ; 24                                           ;
; Total registers                    ; 24                                           ;
; Total pins                         ; 55                                           ;
; Total virtual pins                 ; 0                                            ;
; Total memory bits                  ; 0                                            ;
; Embedded Multiplier 9-bit elements ; 0                                            ;
; Total PLLs                         ; 0                                            ;
+------------------------------------+----------------------------------------------+


+--------------------------------------------------------------------------------------------------------+
; Analysis & Synthesis Settings                                                                          ;
+--------------------------------------------------------------+--------------------+--------------------+
; Option                                                       ; Setting            ; Default Value      ;
+--------------------------------------------------------------+--------------------+--------------------+
; Device                                                       ; EP2C8Q208C8        ;                    ;
; Top-level entity name                                        ; GPR_group          ; GPR_group          ;
; Family name                                                  ; Cyclone II         ; Stratix II         ;
; Use Generated Physical Constraints File                      ; Off                ;                    ;
; Use smart compilation                                        ; Off                ; Off                ;
; Restructure Multiplexers                                     ; Auto               ; Auto               ;
; Create Debugging Nodes for IP Cores                          ; Off                ; Off                ;
; Preserve fewer node names                                    ; On                 ; On                 ;
; Disable OpenCore Plus hardware evaluation                    ; Off                ; Off                ;
; Verilog Version                                              ; Verilog_2001       ; Verilog_2001       ;
; VHDL Version                                                 ; VHDL93             ; VHDL93             ;
; State Machine Processing                                     ; Auto               ; Auto               ;
; Safe State Machine                                           ; Off                ; Off                ;
; Extract Verilog State Machines                               ; On                 ; On                 ;
; Extract VHDL State Machines                                  ; On                 ; On                 ;
; Ignore Verilog initial constructs                            ; Off                ; Off                ;
; Iteration limit for constant Verilog loops                   ; 5000               ; 5000               ;
; Iteration limit for non-constant Verilog loops               ; 250                ; 250                ;
; Add Pass-Through Logic to Inferred RAMs                      ; On                 ; On                 ;
; Parallel Synthesis                                           ; Off                ; Off                ;
; DSP Block Balancing                                          ; Auto               ; Auto               ;
; NOT Gate Push-Back                                           ; On                 ; On                 ;
; Power-Up Don't Care                                          ; On                 ; On                 ;
; Remove Redundant Logic Cells                                 ; Off                ; Off                ;
; Remove Duplicate Registers                                   ; On                 ; On                 ;
; Ignore CARRY Buffers                                         ; Off                ; Off                ;
; Ignore CASCADE Buffers                                       ; Off                ; Off                ;
; Ignore GLOBAL Buffers                                        ; Off                ; Off                ;
; Ignore ROW GLOBAL Buffers                                    ; Off                ; Off                ;
; Ignore LCELL Buffers                                         ; Off                ; Off                ;
; Ignore SOFT Buffers                                          ; On                 ; On                 ;
; Limit AHDL Integers to 32 Bits                               ; Off                ; Off                ;
; Optimization Technique                                       ; Balanced           ; Balanced           ;
; Carry Chain Length                                           ; 70                 ; 70                 ;
; Auto Carry Chains                                            ; On                 ; On                 ;
; Auto Open-Drain Pins                                         ; On                 ; On                 ;
; Perform WYSIWYG Primitive Resynthesis                        ; Off                ; Off                ;
; Auto ROM Replacement                                         ; On                 ; On                 ;
; Auto RAM Replacement                                         ; On                 ; On                 ;
; Auto Shift Register Replacement                              ; Auto               ; Auto               ;
; Auto Clock Enable Replacement                                ; On                 ; On                 ;
; Strict RAM Replacement                                       ; Off                ; Off                ;
; Allow Synchronous Control Signals                            ; On                 ; On                 ;
; Force Use of Synchronous Clear Signals                       ; Off                ; Off                ;
; Auto RAM to Logic Cell Conversion                            ; Off                ; Off                ;
; Auto Resource Sharing                                        ; Off                ; Off                ;
; Allow Any RAM Size For Recognition                           ; Off                ; Off                ;
; Allow Any ROM Size For Recognition                           ; Off                ; Off                ;
; Allow Any Shift Register Size For Recognition                ; Off                ; Off                ;
; Use LogicLock Constraints during Resource Balancing          ; On                 ; On                 ;
; Ignore translate_off and synthesis_off directives            ; Off                ; Off                ;
; Timing-Driven Synthesis                                      ; Off                ; Off                ;
; Show Parameter Settings Tables in Synthesis Report           ; On                 ; On                 ;
; Ignore Maximum Fan-Out Assignments                           ; Off                ; Off                ;
; Synchronization Register Chain Length                        ; 2                  ; 2                  ;
; PowerPlay Power Optimization                                 ; Normal compilation ; Normal compilation ;
; HDL message level                                            ; Level2             ; Level2             ;
; Suppress Register Optimization Related Messages              ; Off                ; Off                ;
; Number of Removed Registers Reported in Synthesis Report     ; 100                ; 100                ;
; Number of Inverted Registers Reported in Synthesis Report    ; 100                ; 100                ;
; Clock MUX Protection                                         ; On                 ; On                 ;
; Auto Gated Clock Conversion                                  ; Off                ; Off                ;
; Block Design Naming                                          ; Auto               ; Auto               ;
; SDC constraint protection                                    ; Off                ; Off                ;
; Synthesis Effort                                             ; Auto               ; Auto               ;
; Shift Register Replacement - Allow Asynchronous Clear Signal ; On                 ; On                 ;
; Analysis & Synthesis Message Level                           ; Medium             ; Medium             ;
+--------------------------------------------------------------+--------------------+--------------------+


+--------------------------------------------------------------------------------------------------------------------------------------------------------------------------------------------+
; Analysis & Synthesis Source Files Read                                                                                                                                                     ;
+----------------------------------+-----------------+------------------------------------------+--------------------------------------------------------------------------------------------+
; File Name with User-Entered Path ; Used in Netlist ; File Type                                ; File Name with Absolute Path                                                               ;
+----------------------------------+-----------------+------------------------------------------+--------------------------------------------------------------------------------------------+
; GPR_group.bdf                    ; yes             ; Auto-Found Block Diagram/Schematic File  ; E:/Subjects/Logic and Computer Design/201626010110+李畅/CPU_LC_sin/GPR_group/GPR_group.bdf ;
; mux4_3_1.vhd                     ; yes             ; Auto-Found VHDL File                     ; E:/Subjects/Logic and Computer Design/201626010110+李畅/CPU_LC_sin/GPR_group/mux4_3_1.vhd  ;
; reg.vhd                          ; yes             ; Auto-Found VHDL File                     ; E:/Subjects/Logic and Computer Design/201626010110+李畅/CPU_LC_sin/GPR_group/reg.vhd       ;
; GPR.vhd                          ; yes             ; Auto-Found VHDL File                     ; E:/Subjects/Logic and Computer Design/201626010110+李畅/CPU_LC_sin/GPR_group/GPR.vhd       ;
+----------------------------------+-----------------+------------------------------------------+--------------------------------------------------------------------------------------------+


+-----------------------------------------------------+
; Analysis & Synthesis Resource Usage Summary         ;
+---------------------------------------------+-------+
; Resource                                    ; Usage ;
+---------------------------------------------+-------+
; Estimated Total logic elements              ; 59    ;
;                                             ;       ;
; Total combinational functions               ; 42    ;
; Logic element usage by number of LUT inputs ;       ;
;     -- 4 input functions                    ; 16    ;
;     -- 3 input functions                    ; 19    ;
;     -- <=2 input functions                  ; 7     ;
;                                             ;       ;
; Logic elements by mode                      ;       ;
;     -- normal mode                          ; 42    ;
;     -- arithmetic mode                      ; 0     ;
;                                             ;       ;
; Total registers                             ; 24    ;
;     -- Dedicated logic registers            ; 24    ;
;     -- I/O registers                        ; 0     ;
;                                             ;       ;
; I/O pins                                    ; 55    ;
; Maximum fan-out node                        ; clk   ;
; Maximum fan-out                             ; 24    ;
; Total fan-out                               ; 264   ;
; Average fan-out                             ; 2.18  ;
+---------------------------------------------+-------+


+-----------------------------------------------------------------------------------------------------------------------------------------------------------------------------------+
; Analysis & Synthesis Resource Utilization by Entity                                                                                                                               ;
+----------------------------+-------------------+--------------+-------------+--------------+---------+-----------+------+--------------+---------------------------+--------------+
; Compilation Hierarchy Node ; LC Combinationals ; LC Registers ; Memory Bits ; DSP Elements ; DSP 9x9 ; DSP 18x18 ; Pins ; Virtual Pins ; Full Hierarchy Name       ; Library Name ;
+----------------------------+-------------------+--------------+-------------+--------------+---------+-----------+------+--------------+---------------------------+--------------+
; |GPR_group                 ; 42 (0)            ; 24 (0)       ; 0           ; 0            ; 0       ; 0         ; 55   ; 0            ; |GPR_group                ; work         ;
;    |GPR:inst|              ; 3 (3)             ; 0 (0)        ; 0           ; 0            ; 0       ; 0         ; 0    ; 0            ; |GPR_group|GPR:inst       ; work         ;
;    |mux4_3_1:inst4|        ; 16 (16)           ; 0 (0)        ; 0           ; 0            ; 0       ; 0         ; 0    ; 0            ; |GPR_group|mux4_3_1:inst4 ; work         ;
;    |mux4_3_1:inst5|        ; 16 (16)           ; 0 (0)        ; 0           ; 0            ; 0       ; 0         ; 0    ; 0            ; |GPR_group|mux4_3_1:inst5 ; work         ;
;    |reg:A|                 ; 1 (1)             ; 8 (8)        ; 0           ; 0            ; 0       ; 0         ; 0    ; 0            ; |GPR_group|reg:A          ; work         ;
;    |reg:B|                 ; 2 (2)             ; 8 (8)        ; 0           ; 0            ; 0       ; 0         ; 0    ; 0            ; |GPR_group|reg:B          ; work         ;
;    |reg:C|                 ; 4 (4)             ; 8 (8)        ; 0           ; 0            ; 0       ; 0         ; 0    ; 0            ; |GPR_group|reg:C          ; work         ;
+----------------------------+-------------------+--------------+-------------+--------------+---------+-----------+------+--------------+---------------------------+--------------+
Note: For table entries with two numbers listed, the numbers in parentheses indicate the number of resources of the given type used by the specific entity alone. The numbers listed outside of parentheses indicate the total resources of the given type used by the specific entity and all of its sub-entities in the hierarchy.


+------------------------------------------------------+
; General Register Statistics                          ;
+----------------------------------------------+-------+
; Statistic                                    ; Value ;
+----------------------------------------------+-------+
; Total registers                              ; 24    ;
; Number of registers using Synchronous Clear  ; 0     ;
; Number of registers using Synchronous Load   ; 0     ;
; Number of registers using Asynchronous Clear ; 24    ;
; Number of registers using Asynchronous Load  ; 0     ;
; Number of registers using Clock Enable       ; 24    ;
; Number of registers using Preset             ; 0     ;
+----------------------------------------------+-------+


+--------------------------------------------------+
; Inverted Register Statistics                     ;
+----------------------------------------+---------+
; Inverted Register                      ; Fan out ;
+----------------------------------------+---------+
; reg:C|s[5]                             ; 3       ;
; reg:C|s[4]                             ; 3       ;
; reg:B|s[2]                             ; 3       ;
; reg:C|s[1]                             ; 3       ;
; reg:A|s[0]                             ; 3       ;
; reg:B|s[0]                             ; 3       ;
; reg:C|s[0]                             ; 3       ;
; Total number of inverted registers = 7 ;         ;
+----------------------------------------+---------+


+-------------------------------------------------------------------------------------------------------------------------------------------------+
; Multiplexer Restructuring Statistics (Restructuring Performed)                                                                                  ;
+--------------------+-----------+---------------+----------------------+------------------------+------------+-----------------------------------+
; Multiplexer Inputs ; Bus Width ; Baseline Area ; Area if Restructured ; Saving if Restructured ; Registered ; Example Multiplexer Output        ;
+--------------------+-----------+---------------+----------------------+------------------------+------------+-----------------------------------+
; 3:1                ; 8 bits    ; 16 LEs        ; 16 LEs               ; 0 LEs                  ; No         ; |GPR_group|mux4_3_1:inst4|dout[7] ;
; 3:1                ; 8 bits    ; 16 LEs        ; 16 LEs               ; 0 LEs                  ; No         ; |GPR_group|mux4_3_1:inst5|dout[7] ;
+--------------------+-----------+---------------+----------------------+------------------------+------------+-----------------------------------+


+-------------------------------+
; Analysis & Synthesis Messages ;
+-------------------------------+
Info: *******************************************************************
Info: Running Quartus II Analysis & Synthesis
    Info: Version 9.0 Build 184 04/29/2009 Service Pack 1 SJ Web Edition
    Info: Processing started: Sat Jan 06 00:45:51 2018
Info: Command: quartus_map --read_settings_files=on --write_settings_files=off GPR_group -c GPR_group
Warning: Using design file GPR_group.bdf, which is not specified as a design file for the current project, but contains definitions for 1 design units and 1 entities in project
    Info: Found entity 1: GPR_group
Info: Elaborating entity "GPR_group" for the top level hierarchy
Warning: Using design file mux4_3_1.vhd, which is not specified as a design file for the current project, but contains definitions for 2 design units and 1 entities in project
    Info: Found design unit 1: mux4_3_1-mux4_3_1_arch
    Info: Found entity 1: mux4_3_1
Info: Elaborating entity "mux4_3_1" for hierarchy "mux4_3_1:inst5"
Warning: Using design file reg.vhd, which is not specified as a design file for the current project, but contains definitions for 2 design units and 1 entities in project
    Info: Found design unit 1: reg-reg_arch
    Info: Found entity 1: reg
Info: Elaborating entity "reg" for hierarchy "reg:A"
Warning (10492): VHDL Process Statement warning at reg.vhd(21): signal "dreset" is read inside the Process Statement but isn't in the Process Statement's sensitivity list
Warning: Using design file GPR.vhd, which is not specified as a design file for the current project, but contains definitions for 2 design units and 1 entities in project
    Info: Found design unit 1: GPR-GPR_arch
    Info: Found entity 1: GPR
Info: Elaborating entity "GPR" for hierarchy "GPR:inst"
Warning: Tri-state node(s) do not directly drive top-level pin(s)
    Warning: Converted tri-state buffer "reg:C|dout[0]" feeding internal logic into a wire
    Warning: Converted tri-state buffer "reg:C|dout[1]" feeding internal logic into a wire
    Warning: Converted tri-state buffer "reg:C|dout[2]" feeding internal logic into a wire
    Warning: Converted tri-state buffer "reg:C|dout[3]" feeding internal logic into a wire
    Warning: Converted tri-state buffer "reg:C|dout[4]" feeding internal logic into a wire
    Warning: Converted tri-state buffer "reg:C|dout[5]" feeding internal logic into a wire
    Warning: Converted tri-state buffer "reg:C|dout[6]" feeding internal logic into a wire
    Warning: Converted tri-state buffer "reg:C|dout[7]" feeding internal logic into a wire
    Warning: Converted tri-state buffer "reg:B|dout[0]" feeding internal logic into a wire
    Warning: Converted tri-state buffer "reg:B|dout[1]" feeding internal logic into a wire
    Warning: Converted tri-state buffer "reg:B|dout[2]" feeding internal logic into a wire
    Warning: Converted tri-state buffer "reg:B|dout[3]" feeding internal logic into a wire
    Warning: Converted tri-state buffer "reg:B|dout[4]" feeding internal logic into a wire
    Warning: Converted tri-state buffer "reg:B|dout[5]" feeding internal logic into a wire
    Warning: Converted tri-state buffer "reg:B|dout[6]" feeding internal logic into a wire
    Warning: Converted tri-state buffer "reg:B|dout[7]" feeding internal logic into a wire
    Warning: Converted tri-state buffer "reg:A|dout[0]" feeding internal logic into a wire
    Warning: Converted tri-state buffer "reg:A|dout[1]" feeding internal logic into a wire
    Warning: Converted tri-state buffer "reg:A|dout[2]" feeding internal logic into a wire
    Warning: Converted tri-state buffer "reg:A|dout[3]" feeding internal logic into a wire
    Warning: Converted tri-state buffer "reg:A|dout[4]" feeding internal logic into a wire
    Warning: Converted tri-state buffer "reg:A|dout[5]" feeding internal logic into a wire
    Warning: Converted tri-state buffer "reg:A|dout[6]" feeding internal logic into a wire
    Warning: Converted tri-state buffer "reg:A|dout[7]" feeding internal logic into a wire
Info: Registers with preset signals will power-up high
Info: DEV_CLRn pin will set, and not reset, register with preset signal due to NOT Gate Push-Back
Info: Implemented 114 device resources after synthesis - the final resource count might be different
    Info: Implemented 15 input pins
    Info: Implemented 40 output pins
    Info: Implemented 59 logic cells
Info: Quartus II Analysis & Synthesis was successful. 0 errors, 30 warnings
    Info: Peak virtual memory: 266 megabytes
    Info: Processing ended: Sat Jan 06 00:45:52 2018
    Info: Elapsed time: 00:00:01
    Info: Total CPU time (on all processors): 00:00:02


