Classic Timing Analyzer report for decoder_comm
Sat Jan 06 00:29:34 2018
Quartus II Version 9.0 Build 184 04/29/2009 Service Pack 1 SJ Web Edition


---------------------
; Table of Contents ;
---------------------
  1. Legal Notice
  2. Timing Analyzer Summary
  3. Timing Analyzer Settings
  4. Parallel Compilation
  5. tpd
  6. Timing Analyzer Messages



----------------
; Legal Notice ;
----------------
Copyright (C) 1991-2009 Altera Corporation
Your use of Altera Corporation's design tools, logic functions 
and other software and tools, and its AMPP partner logic 
functions, and any output files from any of the foregoing 
(including device programming or simulation files), and any 
associated documentation or information are expressly subject 
to the terms and conditions of the Altera Program License 
Subscription Agreement, Altera MegaCore Function License 
Agreement, or other applicable license agreement, including, 
without limitation, that your use is for the sole purpose of 
programming logic devices manufactured by Altera and sold by 
Altera or its authorized distributors.  Please refer to the 
applicable agreement for further details.



+------------------------------------------------------------------------------------------------------------------------+
; Timing Analyzer Summary                                                                                                ;
+------------------------------+-------+---------------+-------------+-------+----+------------+----------+--------------+
; Type                         ; Slack ; Required Time ; Actual Time ; From  ; To ; From Clock ; To Clock ; Failed Paths ;
+------------------------------+-------+---------------+-------------+-------+----+------------+----------+--------------+
; Worst-case tpd               ; N/A   ; None          ; 14.151 ns   ; IR[1] ; JZ ; --         ; --       ; 0            ;
; Total number of failed paths ;       ;               ;             ;       ;    ;            ;          ; 0            ;
+------------------------------+-------+---------------+-------------+-------+----+------------+----------+--------------+


+--------------------------------------------------------------------------------------------------------------------+
; Timing Analyzer Settings                                                                                           ;
+---------------------------------------------------------------------+--------------------+------+----+-------------+
; Option                                                              ; Setting            ; From ; To ; Entity Name ;
+---------------------------------------------------------------------+--------------------+------+----+-------------+
; Device Name                                                         ; EP2C8Q208C8        ;      ;    ;             ;
; Timing Models                                                       ; Final              ;      ;    ;             ;
; Default hold multicycle                                             ; Same as Multicycle ;      ;    ;             ;
; Cut paths between unrelated clock domains                           ; On                 ;      ;    ;             ;
; Cut off read during write signal paths                              ; On                 ;      ;    ;             ;
; Cut off feedback from I/O pins                                      ; On                 ;      ;    ;             ;
; Report Combined Fast/Slow Timing                                    ; Off                ;      ;    ;             ;
; Ignore Clock Settings                                               ; Off                ;      ;    ;             ;
; Analyze latches as synchronous elements                             ; On                 ;      ;    ;             ;
; Enable Recovery/Removal analysis                                    ; Off                ;      ;    ;             ;
; Enable Clock Latency                                                ; Off                ;      ;    ;             ;
; Use TimeQuest Timing Analyzer                                       ; Off                ;      ;    ;             ;
; Minimum Core Junction Temperature                                   ; 0                  ;      ;    ;             ;
; Maximum Core Junction Temperature                                   ; 85                 ;      ;    ;             ;
; Number of source nodes to report per destination node               ; 10                 ;      ;    ;             ;
; Number of destination nodes to report                               ; 10                 ;      ;    ;             ;
; Number of paths to report                                           ; 200                ;      ;    ;             ;
; Report Minimum Timing Checks                                        ; Off                ;      ;    ;             ;
; Use Fast Timing Models                                              ; Off                ;      ;    ;             ;
; Report IO Paths Separately                                          ; Off                ;      ;    ;             ;
; Perform Multicorner Analysis                                        ; On                 ;      ;    ;             ;
; Reports the worst-case path for each clock domain and analysis      ; Off                ;      ;    ;             ;
; Removes common clock path pessimism (CCPP) during slack computation ; Off                ;      ;    ;             ;
; Output I/O Timing Endpoint                                          ; Near End           ;      ;    ;             ;
+---------------------------------------------------------------------+--------------------+------+----+-------------+


Parallel compilation was disabled, but you have multiple processors available. Enable parallel compilation to reduce compilation time.
+-------------------------------------+
; Parallel Compilation                ;
+----------------------------+--------+
; Processors                 ; Number ;
+----------------------------+--------+
; Number detected on machine ; 2      ;
; Maximum allowed            ; 1      ;
+----------------------------+--------+


+----------------------------------------------------------------+
; tpd                                                            ;
+-------+-------------------+-----------------+-------+----------+
; Slack ; Required P2P Time ; Actual P2P Time ; From  ; To       ;
+-------+-------------------+-----------------+-------+----------+
; N/A   ; None              ; 14.151 ns       ; IR[1] ; JZ       ;
; N/A   ; None              ; 13.791 ns       ; IR[1] ; JMP      ;
; N/A   ; None              ; 13.602 ns       ; IR[1] ; SHR      ;
; N/A   ; None              ; 13.479 ns       ; IR[1] ; HALT     ;
; N/A   ; None              ; 13.462 ns       ; IR[1] ; NOP      ;
; N/A   ; None              ; 13.377 ns       ; IR[0] ; JC       ;
; N/A   ; None              ; 13.313 ns       ; IR[1] ; JC       ;
; N/A   ; None              ; 13.258 ns       ; IR[3] ; JC       ;
; N/A   ; None              ; 13.244 ns       ; IR[3] ; JZ       ;
; N/A   ; None              ; 13.046 ns       ; IR[0] ; JMP      ;
; N/A   ; None              ; 12.883 ns       ; IR[3] ; JMP      ;
; N/A   ; None              ; 12.765 ns       ; Z     ; JZ       ;
; N/A   ; None              ; 12.734 ns       ; IR[0] ; HALT     ;
; N/A   ; None              ; 12.717 ns       ; IR[0] ; NOP      ;
; N/A   ; None              ; 12.693 ns       ; IR[0] ; SHR      ;
; N/A   ; None              ; 12.578 ns       ; IR[2] ; JC       ;
; N/A   ; None              ; 12.564 ns       ; IR[2] ; JZ       ;
; N/A   ; None              ; 12.557 ns       ; IR[3] ; NOP      ;
; N/A   ; None              ; 12.551 ns       ; IR[3] ; HALT     ;
; N/A   ; None              ; 12.477 ns       ; IR[0] ; JZ       ;
; N/A   ; None              ; 12.476 ns       ; C     ; JC       ;
; N/A   ; None              ; 12.203 ns       ; IR[2] ; JMP      ;
; N/A   ; None              ; 11.986 ns       ; IR[1] ; SHL      ;
; N/A   ; None              ; 11.877 ns       ; IR[2] ; NOP      ;
; N/A   ; None              ; 11.869 ns       ; IR[2] ; HALT     ;
; N/A   ; None              ; 11.460 ns       ; IR[0] ; SHL      ;
; N/A   ; None              ; 10.190 ns       ; IR[1] ; addr2[1] ;
; N/A   ; None              ; 9.915 ns        ; IR[2] ; addr1[0] ;
; N/A   ; None              ; 9.627 ns        ; IR[3] ; addr1[1] ;
; N/A   ; None              ; 9.335 ns        ; IR[0] ; addr2[0] ;
; N/A   ; None              ; 8.772 ns        ; IR[6] ; JZ       ;
; N/A   ; None              ; 8.524 ns        ; IR[6] ; NOT0     ;
; N/A   ; None              ; 8.434 ns        ; IR[6] ; JC       ;
; N/A   ; None              ; 8.385 ns        ; IR[5] ; NOT0     ;
; N/A   ; None              ; 8.368 ns        ; IR[5] ; JC       ;
; N/A   ; None              ; 8.327 ns        ; IR[5] ; JZ       ;
; N/A   ; None              ; 8.309 ns        ; IR[4] ; SHR      ;
; N/A   ; None              ; 8.289 ns        ; IR[7] ; NOT0     ;
; N/A   ; None              ; 8.145 ns        ; IR[7] ; SHR      ;
; N/A   ; None              ; 8.144 ns        ; IR[4] ; NOT0     ;
; N/A   ; None              ; 8.109 ns        ; IR[4] ; JC       ;
; N/A   ; None              ; 8.095 ns        ; IR[4] ; JZ       ;
; N/A   ; None              ; 7.903 ns        ; IR[5] ; SHR      ;
; N/A   ; None              ; 7.793 ns        ; IR[7] ; JC       ;
; N/A   ; None              ; 7.779 ns        ; IR[7] ; JZ       ;
; N/A   ; None              ; 7.734 ns        ; IR[4] ; JMP      ;
; N/A   ; None              ; 7.734 ns        ; IR[6] ; SHR      ;
; N/A   ; None              ; 7.418 ns        ; IR[7] ; JMP      ;
; N/A   ; None              ; 7.408 ns        ; IR[4] ; NOP      ;
; N/A   ; None              ; 7.295 ns        ; IR[4] ; HALT     ;
; N/A   ; None              ; 7.255 ns        ; IR[6] ; AND0     ;
; N/A   ; None              ; 7.214 ns        ; IR[5] ; AND0     ;
; N/A   ; None              ; 7.094 ns        ; IR[7] ; HALT     ;
; N/A   ; None              ; 7.092 ns        ; IR[7] ; NOP      ;
; N/A   ; None              ; 7.062 ns        ; IR[4] ; SHL      ;
; N/A   ; None              ; 6.970 ns        ; IR[5] ; IN0      ;
; N/A   ; None              ; 6.967 ns        ; IR[7] ; AND0     ;
; N/A   ; None              ; 6.938 ns        ; IR[6] ; IN0      ;
; N/A   ; None              ; 6.931 ns        ; IR[6] ; ADD      ;
; N/A   ; None              ; 6.898 ns        ; IR[7] ; SHL      ;
; N/A   ; None              ; 6.873 ns        ; IR[5] ; ADD      ;
; N/A   ; None              ; 6.820 ns        ; IR[6] ; JMP      ;
; N/A   ; None              ; 6.818 ns        ; IR[4] ; AND0     ;
; N/A   ; None              ; 6.773 ns        ; IR[7] ; ADD      ;
; N/A   ; None              ; 6.748 ns        ; IR[5] ; JMP      ;
; N/A   ; None              ; 6.734 ns        ; IR[7] ; IN0      ;
; N/A   ; None              ; 6.656 ns        ; IR[5] ; SHL      ;
; N/A   ; None              ; 6.636 ns        ; IR[6] ; OUT0     ;
; N/A   ; None              ; 6.632 ns        ; IR[4] ; ADD      ;
; N/A   ; None              ; 6.617 ns        ; IR[6] ; SUB      ;
; N/A   ; None              ; 6.585 ns        ; IR[6] ; NOP      ;
; N/A   ; None              ; 6.578 ns        ; IR[4] ; IN0      ;
; N/A   ; None              ; 6.577 ns        ; IR[5] ; SUB      ;
; N/A   ; None              ; 6.539 ns        ; IR[5] ; NOP      ;
; N/A   ; None              ; 6.508 ns        ; IR[6] ; HALT     ;
; N/A   ; None              ; 6.497 ns        ; IR[6] ; SHL      ;
; N/A   ; None              ; 6.474 ns        ; IR[5] ; OUT0     ;
; N/A   ; None              ; 6.436 ns        ; IR[5] ; HALT     ;
; N/A   ; None              ; 6.412 ns        ; IR[5] ; MOV      ;
; N/A   ; None              ; 6.365 ns        ; IR[6] ; MOV      ;
; N/A   ; None              ; 6.355 ns        ; IR[7] ; OUT0     ;
; N/A   ; None              ; 6.330 ns        ; IR[7] ; SUB      ;
; N/A   ; None              ; 6.205 ns        ; IR[7] ; MOV      ;
; N/A   ; None              ; 6.191 ns        ; IR[4] ; OUT0     ;
; N/A   ; None              ; 6.185 ns        ; IR[4] ; SUB      ;
; N/A   ; None              ; 6.064 ns        ; IR[4] ; MOV      ;
+-------+-------------------+-----------------+-------+----------+


+--------------------------+
; Timing Analyzer Messages ;
+--------------------------+
Info: *******************************************************************
Info: Running Quartus II Classic Timing Analyzer
    Info: Version 9.0 Build 184 04/29/2009 Service Pack 1 SJ Web Edition
    Info: Processing started: Sat Jan 06 00:29:33 2018
Info: Command: quartus_tan --read_settings_files=off --write_settings_files=off decoder_comm -c decoder_comm --timing_analysis_only
Info: Longest tpd from source pin "IR[1]" to destination pin "JZ" is 14.151 ns
    Info: 1: + IC(0.000 ns) + CELL(0.995 ns) = 0.995 ns; Loc. = PIN_46; Fanout = 6; PIN Node = 'IR[1]'
    Info: 2: + IC(6.235 ns) + CELL(0.535 ns) = 7.765 ns; Loc. = LCCOMB_X1_Y9_N10; Fanout = 1; COMB Node = 'process_0~2'
    Info: 3: + IC(1.003 ns) + CELL(0.589 ns) = 9.357 ns; Loc. = LCCOMB_X2_Y9_N2; Fanout = 1; COMB Node = 'process_0~0'
    Info: 4: + IC(1.708 ns) + CELL(3.086 ns) = 14.151 ns; Loc. = PIN_8; Fanout = 0; PIN Node = 'JZ'
    Info: Total cell delay = 5.205 ns ( 36.78 % )
    Info: Total interconnect delay = 8.946 ns ( 63.22 % )
Info: Quartus II Classic Timing Analyzer was successful. 0 errors, 0 warnings
    Info: Peak virtual memory: 208 megabytes
    Info: Processing ended: Sat Jan 06 00:29:34 2018
    Info: Elapsed time: 00:00:01
    Info: Total CPU time (on all processors): 00:00:00


