Classic Timing Analyzer report for ctrl_out
Sat Jan 06 00:22:47 2018
Quartus II Version 9.0 Build 184 04/29/2009 Service Pack 1 SJ Web Edition


---------------------
; Table of Contents ;
---------------------
  1. Legal Notice
  2. Timing Analyzer Summary
  3. Timing Analyzer Settings
  4. Parallel Compilation
  5. tpd
  6. Timing Analyzer Messages



----------------
; Legal Notice ;
----------------
Copyright (C) 1991-2009 Altera Corporation
Your use of Altera Corporation's design tools, logic functions 
and other software and tools, and its AMPP partner logic 
functions, and any output files from any of the foregoing 
(including device programming or simulation files), and any 
associated documentation or information are expressly subject 
to the terms and conditions of the Altera Program License 
Subscription Agreement, Altera MegaCore Function License 
Agreement, or other applicable license agreement, including, 
without limitation, that your use is for the sole purpose of 
programming logic devices manufactured by Altera and sold by 
Altera or its authorized distributors.  Please refer to the 
applicable agreement for further details.



+-------------------------------------------------------------------------------------------------------------------------------------+
; Timing Analyzer Summary                                                                                                             ;
+------------------------------+-------+---------------+-------------+-----------+-------------+------------+----------+--------------+
; Type                         ; Slack ; Required Time ; Actual Time ; From      ; To          ; From Clock ; To Clock ; Failed Paths ;
+------------------------------+-------+---------------+-------------+-----------+-------------+------------+----------+--------------+
; Worst-case tpd               ; N/A   ; None          ; 10.483 ns   ; TO_OUT[2] ; REAL_OUT[2] ; --         ; --       ; 0            ;
; Total number of failed paths ;       ;               ;             ;           ;             ;            ;          ; 0            ;
+------------------------------+-------+---------------+-------------+-----------+-------------+------------+----------+--------------+


+--------------------------------------------------------------------------------------------------------------------+
; Timing Analyzer Settings                                                                                           ;
+---------------------------------------------------------------------+--------------------+------+----+-------------+
; Option                                                              ; Setting            ; From ; To ; Entity Name ;
+---------------------------------------------------------------------+--------------------+------+----+-------------+
; Device Name                                                         ; EP2C8Q208C8        ;      ;    ;             ;
; Timing Models                                                       ; Final              ;      ;    ;             ;
; Default hold multicycle                                             ; Same as Multicycle ;      ;    ;             ;
; Cut paths between unrelated clock domains                           ; On                 ;      ;    ;             ;
; Cut off read during write signal paths                              ; On                 ;      ;    ;             ;
; Cut off feedback from I/O pins                                      ; On                 ;      ;    ;             ;
; Report Combined Fast/Slow Timing                                    ; Off                ;      ;    ;             ;
; Ignore Clock Settings                                               ; Off                ;      ;    ;             ;
; Analyze latches as synchronous elements                             ; On                 ;      ;    ;             ;
; Enable Recovery/Removal analysis                                    ; Off                ;      ;    ;             ;
; Enable Clock Latency                                                ; Off                ;      ;    ;             ;
; Use TimeQuest Timing Analyzer                                       ; Off                ;      ;    ;             ;
; Minimum Core Junction Temperature                                   ; 0                  ;      ;    ;             ;
; Maximum Core Junction Temperature                                   ; 85                 ;      ;    ;             ;
; Number of source nodes to report per destination node               ; 10                 ;      ;    ;             ;
; Number of destination nodes to report                               ; 10                 ;      ;    ;             ;
; Number of paths to report                                           ; 200                ;      ;    ;             ;
; Report Minimum Timing Checks                                        ; Off                ;      ;    ;             ;
; Use Fast Timing Models                                              ; Off                ;      ;    ;             ;
; Report IO Paths Separately                                          ; Off                ;      ;    ;             ;
; Perform Multicorner Analysis                                        ; On                 ;      ;    ;             ;
; Reports the worst-case path for each clock domain and analysis      ; Off                ;      ;    ;             ;
; Removes common clock path pessimism (CCPP) during slack computation ; Off                ;      ;    ;             ;
; Output I/O Timing Endpoint                                          ; Near End           ;      ;    ;             ;
+---------------------------------------------------------------------+--------------------+------+----+-------------+


Parallel compilation was disabled, but you have multiple processors available. Enable parallel compilation to reduce compilation time.
+-------------------------------------+
; Parallel Compilation                ;
+----------------------------+--------+
; Processors                 ; Number ;
+----------------------------+--------+
; Number detected on machine ; 2      ;
; Maximum allowed            ; 1      ;
+----------------------------+--------+


+-----------------------------------------------------------------------+
; tpd                                                                   ;
+-------+-------------------+-----------------+-----------+-------------+
; Slack ; Required P2P Time ; Actual P2P Time ; From      ; To          ;
+-------+-------------------+-----------------+-----------+-------------+
; N/A   ; None              ; 10.483 ns       ; TO_OUT[2] ; REAL_OUT[2] ;
; N/A   ; None              ; 10.457 ns       ; TO_OUT[3] ; REAL_OUT[3] ;
; N/A   ; None              ; 10.233 ns       ; TO_OUT[1] ; REAL_OUT[1] ;
; N/A   ; None              ; 10.163 ns       ; ctrl      ; REAL_OUT[2] ;
; N/A   ; None              ; 10.153 ns       ; ctrl      ; REAL_OUT[3] ;
; N/A   ; None              ; 10.076 ns       ; ctrl      ; REAL_OUT[1] ;
; N/A   ; None              ; 9.746 ns        ; TO_OUT[0] ; REAL_OUT[0] ;
; N/A   ; None              ; 9.718 ns        ; ctrl      ; REAL_OUT[6] ;
; N/A   ; None              ; 9.718 ns        ; ctrl      ; REAL_OUT[0] ;
; N/A   ; None              ; 9.693 ns        ; ctrl      ; REAL_OUT[4] ;
; N/A   ; None              ; 9.683 ns        ; ctrl      ; REAL_OUT[7] ;
; N/A   ; None              ; 9.683 ns        ; ctrl      ; REAL_OUT[5] ;
; N/A   ; None              ; 5.958 ns        ; TO_OUT[7] ; REAL_OUT[7] ;
; N/A   ; None              ; 5.553 ns        ; TO_OUT[4] ; REAL_OUT[4] ;
; N/A   ; None              ; 5.533 ns        ; TO_OUT[5] ; REAL_OUT[5] ;
; N/A   ; None              ; 5.518 ns        ; TO_OUT[6] ; REAL_OUT[6] ;
+-------+-------------------+-----------------+-----------+-------------+


+--------------------------+
; Timing Analyzer Messages ;
+--------------------------+
Info: *******************************************************************
Info: Running Quartus II Classic Timing Analyzer
    Info: Version 9.0 Build 184 04/29/2009 Service Pack 1 SJ Web Edition
    Info: Processing started: Sat Jan 06 00:22:47 2018
Info: Command: quartus_tan --read_settings_files=off --write_settings_files=off ctrl_out -c ctrl_out --timing_analysis_only
Info: Longest tpd from source pin "TO_OUT[2]" to destination pin "REAL_OUT[2]" is 10.483 ns
    Info: 1: + IC(0.000 ns) + CELL(0.984 ns) = 0.984 ns; Loc. = PIN_192; Fanout = 1; PIN Node = 'TO_OUT[2]'
    Info: 2: + IC(6.233 ns) + CELL(3.266 ns) = 10.483 ns; Loc. = PIN_197; Fanout = 0; PIN Node = 'REAL_OUT[2]'
    Info: Total cell delay = 4.250 ns ( 40.54 % )
    Info: Total interconnect delay = 6.233 ns ( 59.46 % )
Info: Quartus II Classic Timing Analyzer was successful. 0 errors, 0 warnings
    Info: Peak virtual memory: 208 megabytes
    Info: Processing ended: Sat Jan 06 00:22:47 2018
    Info: Elapsed time: 00:00:00
    Info: Total CPU time (on all processors): 00:00:00


